#
# A fatal error has been detected by the Java Runtime Environment:
#
#  EXCEPTION_ACCESS_VIOLATION (0xc0000005) at pc=0x6e633abb, pid=7068, tid=564
#
# JRE version: Java(TM) SE Runtime Environment (7.0_51-b13) (build 1.7.0_51-b13)
# Java VM: Java HotSpot(TM) Client VM (24.51-b03 mixed mode, sharing windows-x86 )
# Problematic frame:
# V  [jvm.dll+0xc3abb]
#
# Failed to write core dump. Minidumps are not enabled by default on client versions of Windows
#
# If you would like to submit a bug report, please visit:
#   http://bugreport.sun.com/bugreport/crash.jsp
#

---------------  T H R E A D  ---------------

Current thread (0x0025c800):  JavaThread "main" [_thread_in_vm, id=564, stack(0x00ac0000,0x00b10000)]

siginfo: ExceptionCode=0xc0000005, reading address 0x00000000

Registers:
EAX=0x00000000, EBX=0x0025c800, ECX=0x00000000, EDX=0x0025c930
ESP=0x00b0f05c, EBP=0x00b0f078, ESI=0x0025c930, EDI=0x0025c800
EIP=0x6e633abb, EFLAGS=0x00010246

Top of Stack: (sp=0x00b0f05c)
0x00b0f05c:   00000000 0025c930 0025c800 0025c800
0x00b0f06c:   00000000 299e0a30 00000021 00b0f0a8
0x00b0f07c:   61c900ab 0025c930 00000000 0025c800
0x00b0f08c:   299e0a30 0025c800 0000040f 2461c0d0
0x00b0f09c:   00000027 00000411 00000028 00b0f0d8
0x00b0f0ac:   02275c8e 0025c930 00b0f0c8 06910120
0x00b0f0bc:   0025c800 00000000 00b0f0e8 299e0a30
0x00b0f0cc:   00000000 2461c0d0 299e39e8 00b0f368 

Instructions: (pc=0x6e633abb)
0x6e633a9b:   f3 ff 83 c4 08 83 7f 04 00 89 7d f0 c7 45 f4 00
0x6e633aab:   00 00 00 74 08 8d 4d f0 e8 98 84 0c 00 8b 45 0c
0x6e633abb:   8b 08 8b 51 04 8b 42 40 50 56 e8 36 c9 07 00 83
0x6e633acb:   c4 08 83 7d f4 00 89 45 08 74 08 8d 4d f0 e8 b2 


Register to memory mapping:

EAX=0x00000000 is an unknown value
EBX=0x0025c800 is a thread
ECX=0x00000000 is an unknown value
EDX=0x0025c930 is an unknown value
ESP=0x00b0f05c is pointing into the stack for thread: 0x0025c800
EBP=0x00b0f078 is pointing into the stack for thread: 0x0025c800
ESI=0x0025c930 is an unknown value
EDI=0x0025c800 is a thread


Stack: [0x00ac0000,0x00b10000],  sp=0x00b0f05c,  free space=316k
Native frames: (J=compiled Java code, j=interpreted, Vv=VM code, C=native code)
V  [jvm.dll+0xc3abb]
C  [bwapi_bridge1_2.dll+0x100ab]
J  bwapi.Unit.build_native(JLbwapi/TilePosition;Lbwapi/UnitType;)Z
J  ModifiedZealotRush.strategy(Lbwapi/Unit;Lbwapi/Player;Lbwapi/Game;Lbwapi/Position;Lbwapi/Unit;Lbwapi/Unit;)V
V  [jvm.dll+0x13f35a]
V  [jvm.dll+0x202c6e]
V  [jvm.dll+0x13f3dd]
V  [jvm.dll+0xc9bc2]
V  [jvm.dll+0xcd813]
C  [bwapi_bridge1_2.dll+0x107a]
C  [bwapi_bridge1_2.dll+0x2828f]
j  bwapi.Mirror.startGame()V+0
j  GameController.run()V+15
j  GameController.main([Ljava/lang/String;)V+7
v  ~StubRoutines::call_stub
V  [jvm.dll+0x13f35a]
V  [jvm.dll+0x202c6e]
V  [jvm.dll+0x13f3dd]
V  [jvm.dll+0xc9945]
V  [jvm.dll+0xd45e7]
C  [javaw.exe+0x2070]
C  [javaw.exe+0xa5b1]
C  [javaw.exe+0xa63b]
C  [kernel32.dll+0x1336a]
C  [ntdll.dll+0x392b2]
C  [ntdll.dll+0x39285]

Java frames: (J=compiled Java code, j=interpreted, Vv=VM code)
J  bwapi.Unit.build_native(JLbwapi/TilePosition;Lbwapi/UnitType;)Z
J  ModifiedZealotRush.strategy(Lbwapi/Unit;Lbwapi/Player;Lbwapi/Game;Lbwapi/Position;Lbwapi/Unit;Lbwapi/Unit;)V
J  GameController.onFrame()V
J  bwapi.AIModule.onFrame()V
v  ~StubRoutines::call_stub
j  bwapi.Mirror.startGame()V+0
j  GameController.run()V+15
j  GameController.main([Ljava/lang/String;)V+7
v  ~StubRoutines::call_stub

---------------  P R O C E S S  ---------------

Java Threads: ( => current thread )
  0x003b7800 JavaThread "Service Thread" daemon [_thread_blocked, id=6308, stack(0x020f0000,0x02140000)]
  0x003b2800 JavaThread "C1 CompilerThread0" daemon [_thread_blocked, id=5924, stack(0x04510000,0x04560000)]
  0x003b1400 JavaThread "Attach Listener" daemon [_thread_blocked, id=5068, stack(0x04440000,0x04490000)]
  0x003ae400 JavaThread "Signal Dispatcher" daemon [_thread_blocked, id=4908, stack(0x04310000,0x04360000)]
  0x0033fc00 JavaThread "Finalizer" daemon [_thread_blocked, id=4512, stack(0x04360000,0x043b0000)]
  0x0033e400 JavaThread "Reference Handler" daemon [_thread_blocked, id=3520, stack(0x04240000,0x04290000)]
=>0x0025c800 JavaThread "main" [_thread_in_vm, id=564, stack(0x00ac0000,0x00b10000)]

Other Threads:
  0x0033cc00 VMThread [stack: 0x02040000,0x02090000] [id=6716]
  0x003cd000 WatcherThread [stack: 0x046c0000,0x04710000] [id=6272]

VM state:not at safepoint (normal execution)

VM Mutex/Monitor currently owned by a thread: None

Heap
 def new generation   total 4928K, used 2714K [0x24490000, 0x249e0000, 0x299e0000)
  eden space 4416K,  61% used [0x24490000, 0x24735790, 0x248e0000)
  from space 512K,   0% used [0x24960000, 0x249610a8, 0x249e0000)
  to   space 512K,   0% used [0x248e0000, 0x248e0000, 0x24960000)
 tenured generation   total 10944K, used 244K [0x299e0000, 0x2a490000, 0x34490000)
   the space 10944K,   2% used [0x299e0000, 0x29a1d178, 0x29a1d200, 0x2a490000)
 compacting perm gen  total 12288K, used 422K [0x34490000, 0x35090000, 0x38490000)
   the space 12288K,   3% used [0x34490000, 0x344f99b8, 0x344f9a00, 0x35090000)
    ro space 10240K,  41% used [0x38490000, 0x388c2050, 0x388c2200, 0x38e90000)
    rw space 12288K,  52% used [0x38e90000, 0x394d6800, 0x394d6800, 0x39a90000)

Card table byte_map: [0x004f0000,0x005a0000] byte_map_base: 0x003cdb80

Polling page: 0x00150000

Code Cache  [0x021b0000, 0x02288000, 0x041b0000)
 total_blobs=348 nmethods=211 adapters=74 free_code_cache=31922Kb largest_free_block=32688768

Compilation events (10 events):
Event: 186.824 Thread 0x003b2800  207             java.util.ArrayList::indexOf (67 bytes)
Event: 186.825 Thread 0x003b2800 nmethod 207 0x02281088 code [0x022811a0, 0x0228130c]
Event: 186.825 Thread 0x003b2800  208             java.lang.Object::equals (11 bytes)
Event: 186.825 Thread 0x003b2800 nmethod 208 0x02281488 code [0x02281580, 0x02281610]
Event: 217.259 Thread 0x003b2800  209             bwapi.TilePosition::getY (5 bytes)
Event: 217.259 Thread 0x003b2800 nmethod 209 0x02281648 code [0x02281740, 0x022817c0]
Event: 217.260 Thread 0x003b2800  210             bwapi.Game::canBuildHere (14 bytes)
Event: 217.261 Thread 0x003b2800 nmethod 210 0x02281808 code [0x02281900, 0x022819bc]
Event: 217.298 Thread 0x003b2800  211 %           ModifiedZealotRush::getBuildTile @ 143 (356 bytes)
Event: 217.300 Thread 0x003b2800 nmethod 211% 0x02281a48 code [0x02281ce0, 0x02282700]

GC Heap History (10 events):
Event: 189.472 GC heap before
{Heap before GC invocations=110 (full 0):
 def new generation   total 4928K, used 4420K [0x24490000, 0x249e0000, 0x299e0000)
  eden space 4416K, 100% used [0x24490000, 0x248e0000, 0x248e0000)
  from space 512K,   0% used [0x248e0000, 0x248e1368, 0x24960000)
  to   space 512K,   0% used [0x24960000, 0x24960000, 0x249e0000)
 tenured generation   total 10944K, used 243K [0x299e0000, 0x2a490000, 0x34490000)
   the space 10944K,   2% used [0x299e0000, 0x29a1cfb8, 0x29a1d000, 0x2a490000)
 compacting perm gen  total 12288K, used 422K [0x34490000, 0x35090000, 0x38490000)
   the space 12288K,   3% used [0x34490000, 0x344f99b8, 0x344f9a00, 0x35090000)
    ro space 10240K,  41% used [0x38490000, 0x388c2050, 0x388c2200, 0x38e90000)
    rw space 12288K,  52% used [0x38e90000, 0x394d6800, 0x394d6800, 0x39a90000)
Event: 189.472 GC heap after
Heap after GC invocations=111 (full 0):
 def new generation   total 4928K, used 4K [0x24490000, 0x249e0000, 0x299e0000)
  eden space 4416K,   0% used [0x24490000, 0x24490000, 0x248e0000)
  from space 512K,   0% used [0x24960000, 0x24961080, 0x249e0000)
  to   space 512K,   0% used [0x248e0000, 0x248e0000, 0x24960000)
 tenured generation   total 10944K, used 243K [0x299e0000, 0x2a490000, 0x34490000)
   the space 10944K,   2% used [0x299e0000, 0x29a1cfb8, 0x29a1d000, 0x2a490000)
 compacting perm gen  total 12288K, used 422K [0x34490000, 0x35090000, 0x38490000)
   the space 12288K,   3% used [0x34490000, 0x344f99b8, 0x344f9a00, 0x35090000)
    ro space 10240K,  41% used [0x38490000, 0x388c2050, 0x388c2200, 0x38e90000)
    rw space 12288K,  52% used [0x38e90000, 0x394d6800, 0x394d6800, 0x39a90000)
}
Event: 190.848 GC heap before
{Heap before GC invocations=111 (full 0):
 def new generation   total 4928K, used 4420K [0x24490000, 0x249e0000, 0x299e0000)
  eden space 4416K, 100% used [0x24490000, 0x248e0000, 0x248e0000)
  from space 512K,   0% used [0x24960000, 0x24961080, 0x249e0000)
  to   space 512K,   0% used [0x248e0000, 0x248e0000, 0x24960000)
 tenured generation   total 10944K, used 243K [0x299e0000, 0x2a490000, 0x34490000)
   the space 10944K,   2% used [0x299e0000, 0x29a1cfb8, 0x29a1d000, 0x2a490000)
 compacting perm gen  total 12288K, used 422K [0x34490000, 0x35090000, 0x38490000)
   the space 12288K,   3% used [0x34490000, 0x344f99b8, 0x344f9a00, 0x35090000)
    ro space 10240K,  41% used [0x38490000, 0x388c2050, 0x388c2200, 0x38e90000)
    rw space 12288K,  52% used [0x38e90000, 0x394d6800, 0x394d6800, 0x39a90000)
Event: 190.848 GC heap after
Heap after GC invocations=112 (full 0):
 def new generation   total 4928K, used 4K [0x24490000, 0x249e0000, 0x299e0000)
  eden space 4416K,   0% used [0x24490000, 0x24490000, 0x248e0000)
  from space 512K,   0% used [0x248e0000, 0x248e13b8, 0x24960000)
  to   space 512K,   0% used [0x24960000, 0x24960000, 0x249e0000)
 tenured generation   total 10944K, used 243K [0x299e0000, 0x2a490000, 0x34490000)
   the space 10944K,   2% used [0x299e0000, 0x29a1cfb8, 0x29a1d000, 0x2a490000)
 compacting perm gen  total 12288K, used 422K [0x34490000, 0x35090000, 0x38490000)
   the space 12288K,   3% used [0x34490000, 0x344f99b8, 0x344f9a00, 0x35090000)
    ro space 10240K,  41% used [0x38490000, 0x388c2050, 0x388c2200, 0x38e90000)
    rw space 12288K,  52% used [0x38e90000, 0x394d6800, 0x394d6800, 0x39a90000)
}
Event: 192.156 GC heap before
{Heap before GC invocations=112 (full 0):
 def new generation   total 4928K, used 4420K [0x24490000, 0x249e0000, 0x299e0000)
  eden space 4416K, 100% used [0x24490000, 0x248e0000, 0x248e0000)
  from space 512K,   0% used [0x248e0000, 0x248e13b8, 0x24960000)
  to   space 512K,   0% used [0x24960000, 0x24960000, 0x249e0000)
 tenured generation   total 10944K, used 243K [0x299e0000, 0x2a490000, 0x34490000)
   the space 10944K,   2% used [0x299e0000, 0x29a1cfb8, 0x29a1d000, 0x2a490000)
 compacting perm gen  total 12288K, used 422K [0x34490000, 0x35090000, 0x38490000)
   the space 12288K,   3% used [0x34490000, 0x344f99b8, 0x344f9a00, 0x35090000)
    ro space 10240K,  41% used [0x38490000, 0x388c2050, 0x388c2200, 0x38e90000)
    rw space 12288K,  52% used [0x38e90000, 0x394d6800, 0x394d6800, 0x39a90000)
Event: 192.156 GC heap after
Heap after GC invocations=113 (full 0):
 def new generation   total 4928K, used 5K [0x24490000, 0x249e0000, 0x299e0000)
  eden space 4416K,   0% used [0x24490000, 0x24490000, 0x248e0000)
  from space 512K,   0% used [0x24960000, 0x24961440, 0x249e0000)
  to   space 512K,   0% used [0x248e0000, 0x248e0000, 0x24960000)
 tenured generation   total 10944K, used 243K [0x299e0000, 0x2a490000, 0x34490000)
   the space 10944K,   2% used [0x299e0000, 0x29a1cfb8, 0x29a1d000, 0x2a490000)
 compacting perm gen  total 12288K, used 422K [0x34490000, 0x35090000, 0x38490000)
   the space 12288K,   3% used [0x34490000, 0x344f99b8, 0x344f9a00, 0x35090000)
    ro space 10240K,  41% used [0x38490000, 0x388c2050, 0x388c2200, 0x38e90000)
    rw space 12288K,  52% used [0x38e90000, 0x394d6800, 0x394d6800, 0x39a90000)
}
Event: 211.910 GC heap before
{Heap before GC invocations=113 (full 0):
 def new generation   total 4928K, used 4421K [0x24490000, 0x249e0000, 0x299e0000)
  eden space 4416K, 100% used [0x24490000, 0x248e0000, 0x248e0000)
  from space 512K,   0% used [0x24960000, 0x24961440, 0x249e0000)
  to   space 512K,   0% used [0x248e0000, 0x248e0000, 0x24960000)
 tenured generation   total 10944K, used 243K [0x299e0000, 0x2a490000, 0x34490000)
   the space 10944K,   2% used [0x299e0000, 0x29a1cfb8, 0x29a1d000, 0x2a490000)
 compacting perm gen  total 12288K, used 422K [0x34490000, 0x35090000, 0x38490000)
   the space 12288K,   3% used [0x34490000, 0x344f99b8, 0x344f9a00, 0x35090000)
    ro space 10240K,  41% used [0x38490000, 0x388c2050, 0x388c2200, 0x38e90000)
    rw space 12288K,  52% used [0x38e90000, 0x394d6800, 0x394d6800, 0x39a90000)
Event: 211.910 GC heap after
Heap after GC invocations=114 (full 0):
 def new generation   total 4928K, used 4K [0x24490000, 0x249e0000, 0x299e0000)
  eden space 4416K,   0% used [0x24490000, 0x24490000, 0x248e0000)
  from space 512K,   0% used [0x248e0000, 0x248e1210, 0x24960000)
  to   space 512K,   0% used [0x24960000, 0x24960000, 0x249e0000)
 tenured generation   total 10944K, used 243K [0x299e0000, 0x2a490000, 0x34490000)
   the space 10944K,   2% used [0x299e0000, 0x29a1cfb8, 0x29a1d000, 0x2a490000)
 compacting perm gen  total 12288K, used 422K [0x34490000, 0x35090000, 0x38490000)
   the space 12288K,   3% used [0x34490000, 0x344f99b8, 0x344f9a00, 0x35090000)
    ro space 10240K,  41% used [0x38490000, 0x388c2050, 0x388c2200, 0x38e90000)
    rw space 12288K,  52% used [0x38e90000, 0x394d6800, 0x394d6800, 0x39a90000)
}
Event: 215.985 GC heap before
{Heap before GC invocations=114 (full 0):
 def new generation   total 4928K, used 4420K [0x24490000, 0x249e0000, 0x299e0000)
  eden space 4416K, 100% used [0x24490000, 0x248e0000, 0x248e0000)
  from space 512K,   0% used [0x248e0000, 0x248e1210, 0x24960000)
  to   space 512K,   0% used [0x24960000, 0x24960000, 0x249e0000)
 tenured generation   total 10944K, used 243K [0x299e0000, 0x2a490000, 0x34490000)
   the space 10944K,   2% used [0x299e0000, 0x29a1cfb8, 0x29a1d000, 0x2a490000)
 compacting perm gen  total 12288K, used 422K [0x34490000, 0x35090000, 0x38490000)
   the space 12288K,   3% used [0x34490000, 0x344f99b8, 0x344f9a00, 0x35090000)
    ro space 10240K,  41% used [0x38490000, 0x388c2050, 0x388c2200, 0x38e90000)
    rw space 12288K,  52% used [0x38e90000, 0x394d6800, 0x394d6800, 0x39a90000)
Event: 215.985 GC heap after
Heap after GC invocations=115 (full 0):
 def new generation   total 4928K, used 4K [0x24490000, 0x249e0000, 0x299e0000)
  eden space 4416K,   0% used [0x24490000, 0x24490000, 0x248e0000)
  from space 512K,   0% used [0x24960000, 0x249610a8, 0x249e0000)
  to   space 512K,   0% used [0x248e0000, 0x248e0000, 0x24960000)
 tenured generation   total 10944K, used 244K [0x299e0000, 0x2a490000, 0x34490000)
   the space 10944K,   2% used [0x299e0000, 0x29a1d178, 0x29a1d200, 0x2a490000)
 compacting perm gen  total 12288K, used 422K [0x34490000, 0x35090000, 0x38490000)
   the space 12288K,   3% used [0x34490000, 0x344f99b8, 0x344f9a00, 0x35090000)
    ro space 10240K,  41% used [0x38490000, 0x388c2050, 0x388c2200, 0x38e90000)
    rw space 12288K,  52% used [0x38e90000, 0x394d6800, 0x394d6800, 0x39a90000)
}

Deoptimization events (0 events):
No events

Internal exceptions (10 events):
Event: 0.059 Thread 0x0025c800 Threw 0x24549028 at C:\re\jdk7u51\527\hotspot\src\share\vm\prims\jvm.cpp:1244
Event: 0.061 Thread 0x0025c800 Threw 0x245508e8 at C:\re\jdk7u51\527\hotspot\src\share\vm\prims\jvm.cpp:1244
Event: 0.061 Thread 0x0025c800 Threw 0x24556a38 at C:\re\jdk7u51\527\hotspot\src\share\vm\prims\jvm.cpp:1244
Event: 125.498 Thread 0x0025c800 Threw 0x2455f148 at C:\re\jdk7u51\527\hotspot\src\share\vm\prims\jvm.cpp:1244
Event: 132.476 Thread 0x0025c800 Threw 0x245727a0 at C:\re\jdk7u51\527\hotspot\src\share\vm\prims\jvm.cpp:1244
Event: 132.477 Thread 0x0025c800 Threw 0x24575fd0 at C:\re\jdk7u51\527\hotspot\src\share\vm\prims\jvm.cpp:1244
Event: 132.478 Thread 0x0025c800 Threw 0x24579b30 at C:\re\jdk7u51\527\hotspot\src\share\vm\prims\jvm.cpp:1244
Event: 133.036 Thread 0x0025c800 Threw 0x245a0ee8 at C:\re\jdk7u51\527\hotspot\src\share\vm\prims\jvm.cpp:1244
Event: 178.501 Thread 0x0025c800 Threw 0x244c8188 at C:\re\jdk7u51\527\hotspot\src\share\vm\prims\jvm.cpp:1244
Event: 178.501 Thread 0x0025c800 Threw 0x244cab20 at C:\re\jdk7u51\527\hotspot\src\share\vm\prims\jvm.cpp:1244

Events (10 events):
Event: 189.472 Executing VM operation: GenCollectForAllocation
Event: 189.472 Executing VM operation: GenCollectForAllocation done
Event: 190.848 Executing VM operation: GenCollectForAllocation
Event: 190.848 Executing VM operation: GenCollectForAllocation done
Event: 192.156 Executing VM operation: GenCollectForAllocation
Event: 192.156 Executing VM operation: GenCollectForAllocation done
Event: 211.910 Executing VM operation: GenCollectForAllocation
Event: 211.910 Executing VM operation: GenCollectForAllocation done
Event: 215.985 Executing VM operation: GenCollectForAllocation
Event: 215.986 Executing VM operation: GenCollectForAllocation done


Dynamic libraries:
0x00b80000 - 0x00baf000 	C:\Program Files (x86)\Java\jre7\bin\javaw.exe
0x77000000 - 0x77180000 	C:\Windows\SysWOW64\ntdll.dll
0x766b0000 - 0x767c0000 	C:\Windows\syswow64\kernel32.dll
0x76890000 - 0x768d7000 	C:\Windows\syswow64\KERNELBASE.dll
0x768e0000 - 0x76980000 	C:\Windows\syswow64\ADVAPI32.dll
0x74b80000 - 0x74c2c000 	C:\Windows\syswow64\msvcrt.dll
0x74ee0000 - 0x74ef9000 	C:\Windows\SysWOW64\sechost.dll
0x74df0000 - 0x74ee0000 	C:\Windows\syswow64\RPCRT4.dll
0x74990000 - 0x749f0000 	C:\Windows\syswow64\SspiCli.dll
0x74980000 - 0x7498c000 	C:\Windows\syswow64\CRYPTBASE.dll
0x754f0000 - 0x755f0000 	C:\Windows\syswow64\USER32.dll
0x76800000 - 0x76890000 	C:\Windows\syswow64\GDI32.dll
0x76b70000 - 0x76b7a000 	C:\Windows\syswow64\LPK.dll
0x75720000 - 0x757bd000 	C:\Windows\syswow64\USP10.dll
0x74450000 - 0x745ee000 	C:\Windows\WinSxS\x86_microsoft.windows.common-controls_6595b64144ccf1df_6.0.7601.17514_none_41e6975e2bd6f2b2\COMCTL32.dll
0x74f90000 - 0x74fe7000 	C:\Windows\syswow64\SHLWAPI.dll
0x74b10000 - 0x74b70000 	C:\Windows\system32\IMM32.DLL
0x74a10000 - 0x74adc000 	C:\Windows\syswow64\MSCTF.dll
0x62090000 - 0x6214f000 	C:\Program Files (x86)\Java\jre7\bin\msvcr100.dll
0x6e570000 - 0x6e8f0000 	C:\Program Files (x86)\Java\jre7\bin\client\jvm.dll
0x6f220000 - 0x6f227000 	C:\Windows\system32\WSOCK32.dll
0x76650000 - 0x76685000 	C:\Windows\syswow64\WS2_32.dll
0x74b70000 - 0x74b76000 	C:\Windows\syswow64\NSI.dll
0x745f0000 - 0x74622000 	C:\Windows\system32\WINMM.dll
0x74a00000 - 0x74a05000 	C:\Windows\syswow64\PSAPI.DLL
0x73f20000 - 0x73f2c000 	C:\Program Files (x86)\Java\jre7\bin\verify.dll
0x73960000 - 0x73980000 	C:\Program Files (x86)\Java\jre7\bin\java.dll
0x6f870000 - 0x6f883000 	C:\Program Files (x86)\Java\jre7\bin\zip.dll
0x61c80000 - 0x61e97000 	C:\Users\Seth\Documents\GitHub\SCBWAI\bwapi_bridge1_2.dll
0x10000000 - 0x1002b000 	C:\Users\Seth\Documents\GitHub\SCBWAI\gmp-vc90-mt.dll
0x747e0000 - 0x74883000 	C:\Windows\WinSxS\x86_microsoft.vc90.crt_1fc8b3b9a1e18e3b_9.0.30729.6161_none_50934f2ebcb7eb57\MSVCR90.dll
0x6f290000 - 0x6f31e000 	C:\Windows\WinSxS\x86_microsoft.vc90.crt_1fc8b3b9a1e18e3b_9.0.30729.6161_none_50934f2ebcb7eb57\MSVCP90.dll
0x00b10000 - 0x00b51000 	C:\Users\Seth\Documents\GitHub\SCBWAI\mpfr-vc90-mt.dll
0x72e00000 - 0x72eeb000 	C:\Windows\system32\dbghelp.dll

VM Arguments:
jvm_args: -Dfile.encoding=Cp1252 
java_command: GameController
Launcher Type: SUN_STANDARD

Environment Variables:
JAVA_HOME=C:\Development\Java\jdk7\jre
CLASSPATH=.;C:\Program Files (x86)\Java\jre7\lib\ext\QTJava.zip
PATH=C:/Program Files (x86)/Java/jre7/bin/client;C:/Program Files (x86)/Java/jre7/bin;C:/Program Files (x86)/Java/jre7/lib/i386;C:\Python34\;C:\Python34\Scripts;C:\Program Files (x86)\NVIDIA Corporation\PhysX\Common;C:\Program Files (x86)\Haskell\bin;C:\Program Files (x86)\Haskell Platform\2013.2.0.0\lib\extralibs\bin;C:\Program Files (x86)\Haskell Platform\2013.2.0.0\bin;C:\Program Files (x86)\Common Files\Microsoft Shared\Windows Live;C:\Windows\system32;C:\Windows;C:\Windows\System32\Wbem;C:\Windows\System32\WindowsPowerShell\v1.0\;C:\Program Files (x86)\ATI Technologies\ATI.ACE\Core-Static;C:\Program Files (x86)\Quest Software\vWorkspace Client\;C:\Program Files (x86)\Microsoft SQL Server\100\Tools\Binn\;C:\Program Files\Microsoft SQL Server\100\Tools\Binn\;C:\Program Files\Microsoft SQL Server\100\DTS\Binn\;C:\Program Files\Microsoft SQL Server\110\Tools\Binn\;C:\Program Files (x86)\QuickTime\QTSystem\;C:\Program Files (x86)\MiKTeX 2.9\miktex\bin\;C:\Program Files (x86)\Haskell Platform\2013.2.0.0\mingw\bin;C:\Program Files (x86)\Windows Kits\8.1\Windows Performance Toolkit\;C:\Program Files\TortoiseSVN\bin;C:\Program Files\Perforce;C:\Users\Seth\AppData\Local\GitHub\PortableGit_ed44d00daa128db527396557813e7b68709ed0e2\bin;C:\Users\Seth\AppData\Local\GitHub\PortableGit_ed44d00daa128db527396557813e7b68709ed0e2\cmd;C:\Program Files (x86)\AMD\ATI.ACE\Core-Static;C:\Program Files\nodejs\;C:\Program Files (x86)\Heroku\bin;C:\Program Files (x86)\git\cmd;C:\Program Files (x86)\Skype\Phone\;C:\Users\Seth\AppData\Local\Programs\Python\Launcher\;C:\Development\maven\bin;C:\Development\Java\jdk7\bin; C:\Python34;C:\Users\Seth\AppData\Roaming\npm;C:\Users\Seth\Desktop\dev\eclipse-java-luna-SR2-win32\eclipse;
USERNAME=Seth
OS=Windows_NT
PROCESSOR_IDENTIFIER=AMD64 Family 16 Model 4 Stepping 2, AuthenticAMD



---------------  S Y S T E M  ---------------

OS: Windows 7 , 64 bit Build 7601 Service Pack 1

CPU:total 4 (4 cores per cpu, 1 threads per core) family 16 model 4 stepping 2, cmov, cx8, fxsr, mmx, sse, sse2, sse3, popcnt, mmxext, 3dnowpref, lzcnt, sse4a, tsc, tscinvbit, tscinv

Memory: 4k page, physical 12581112k(8492956k free), swap 25160372k(19965548k free)

vm_info: Java HotSpot(TM) Client VM (24.51-b03) for windows-x86 JRE (1.7.0_51-b13), built on Dec 18 2013 19:09:58 by "java_re" with unknown MS VC++:1600

time: Sun Apr 26 20:33:09 2015
elapsed time: 217 seconds

