#
# A fatal error has been detected by the Java Runtime Environment:
#
#  EXCEPTION_ACCESS_VIOLATION (0xc0000005) at pc=0x6e633abb, pid=5252, tid=5964
#
# JRE version: Java(TM) SE Runtime Environment (7.0_51-b13) (build 1.7.0_51-b13)
# Java VM: Java HotSpot(TM) Client VM (24.51-b03 mixed mode, sharing windows-x86 )
# Problematic frame:
# V  [jvm.dll+0xc3abb]
#
# Failed to write core dump. Minidumps are not enabled by default on client versions of Windows
#
# If you would like to submit a bug report, please visit:
#   http://bugreport.sun.com/bugreport/crash.jsp
#

---------------  T H R E A D  ---------------

Current thread (0x00b8c800):  JavaThread "main" [_thread_in_vm, id=5964, stack(0x00800000,0x00850000)]

siginfo: ExceptionCode=0xc0000005, reading address 0x00000000

Registers:
EAX=0x00000000, EBX=0x344c8ff8, ECX=0x00000000, EDX=0x344f3350
ESP=0x0084f7e0, EBP=0x0084f7fc, ESI=0x00b8c930, EDI=0x00b8c800
EIP=0x6e633abb, EFLAGS=0x00010246

Top of Stack: (sp=0x0084f7e0)
0x0084f7e0:   00000000 00b8c930 344c8ff8 00b8c800
0x0084f7f0:   00000000 00401bf0 06026058 0084f818
0x0084f800:   61c93585 00b8c930 00000000 00b8c800
0x0084f810:   344c8ff8 344c8ff8 0084f864 027ea9dd
0x0084f820:   00b8c930 0084f880 05ec8660 00b8c800
0x0084f830:   00000000 0084f884 2453a028 027eac8c
0x0084f840:   748036c5 0084f844 00000000 0084f880
0x0084f850:   344f3350 00000000 344c8ff8 00000000 

Instructions: (pc=0x6e633abb)
0x6e633a9b:   f3 ff 83 c4 08 83 7f 04 00 89 7d f0 c7 45 f4 00
0x6e633aab:   00 00 00 74 08 8d 4d f0 e8 98 84 0c 00 8b 45 0c
0x6e633abb:   8b 08 8b 51 04 8b 42 40 50 56 e8 36 c9 07 00 83
0x6e633acb:   c4 08 83 7d f4 00 89 45 08 74 08 8d 4d f0 e8 b2 


Register to memory mapping:

EAX=0x00000000 is an unknown value
EBX=0x344c8ff8 is an oop
{method} 
 - klass: {other class}
ECX=0x00000000 is an unknown value
EDX=0x344f3350 is an oop
{constant pool cache} 
 - klass: {other class}
                 -------------
  0  (0x344f3360)  [b5|b4|    1]
                 [   0x299e0080]
                 [   0x00000008]
                 [   0x44000001]
                 -------------
  1  (0x344f3370)  [00|00|    2]
                 [   0x00000000]
                 [   0x00000000]
                 [   0x00000000]
                 -------------
  2  (0x344f3380)  [00|b7|    3]
                 [   0x344c8cf8]
                 [   0x00000000]
                 [   0x70000003]
                 -------------
  3  (0x344f3390)  [00|b7|    4]
                 [   0x344c8d78]
                 [   0x00000000]
                 [   0x70000003]
                 -------------
  4  (0x344f33a0)  [00|b7|    5]
                 [   0x344c8df8]
                 [   0x00000000]
                 [   0x70000003]
                 -------------
  5  (0x344f33b0)  [00|00|    6]
                 [   0x00000000]
                 [   0x00000000]
                 [   0x00000000]
                 -------------
  6  (0x344f33c0)  [00|00|    7]
                 [   0x00000000]
                 [   0x00000000]
                 [   0x00000000]
                 -------------
  7  (0x344f33d0)  [00|00|    8]
                 [   0x00000000]
                 [   0x00000000]
                 [   0x00000000]
                 -------------
  8  (0x344f33e0)  [00|b7|    9]
                 [   0x344c8ff8]
                 [   0x00000000]
                 [   0x00000004]
                 -------------
  9  (0x344f33f0)  [00|00|   10]
                 [   0x00000000]
                 [   0x00000000]
                 [   0x00000000]
                 -------------
 10  (0x344f3400)  [00|b7|   11]
                 [   0x344c90f8]
                 [   0x00000000]
                 [   0x70000003]
                 -------------
 11  (0x344f3410)  [00|00|   12]
                 [   0x00000000]
                 [   0x00000000]
                 [   0x00000000]
                 -------------
 12  (0x344f3420)  [00|00|   13]
                 [   0x00000000]
                 [   0x00000000]
                 [   0x00000000]
                 -------------
 13  (0x344f3430)  [00|00|   14]
                 [   0x00000000]
                 [   0x00000000]
                 [   0x00000000]
                 -------------
 14  (0x344f3440)  [00|b7|   15]
                 [   0x344c92f8]
                 [   0x00000000]
                 [   0x30000003]
                 -------------
 15  (0x344f3450)  [00|00|   16]
                 [   0x00000000]
                 [   0x00000000]
                 [   0x00000000]
                 -------------
 16  (0x344f3460)  [00|00|   17]
                 [   0x00000000]
                 [   0x00000000]
                 [   0x00000000]
                 -------------
 17  (0x344f3470)  [00|00|   18]
                 [   0x00000000]
                 [   0x00000000]
                 [   0x00000000]
                 -------------
 18  (0x344f3480)  [00|00|   19]
                 [   0x00000000]
                 [   0x00000000]
                 [   0x00000000]
                 -------------
 19  (0x344f3490)  [00|00|   20]
                 [   0x00000000]
                 [   0x00000000]
                 [   0x00000000]
                 -------------
 20  (0x344f34a0)  [00|00|   21]
                 [   0x00000000]
                 [   0x00000000]
                 [   0x00000000]
                 -------------
 21  (0x344f34b0)  [00|00|   22]
                 [   0x00000000]
                 [   0x00000000]
                 [   0x00000000]
                 -------------
 22  (0x344f34c0)  [00|00|   23]
                 [   0x00000000]
                 [   0x00000000]
                 [   0x00000000]
                 -------------
 23  (0x344f34d0)  [00|00|   24]
                 [   0x00000000]
                 [   0x00000000]
                 [   0x00000000]
                 -------------
 24  (0x344f34e0)  [00|b7|   25]
                 [   0x344c97f8]
                 [   0x00000000]
                 [   0x30000003]
                 -------------
 25  (0x344f34f0)  [00|00|   26]
                 [   0x00000000]
                 [   0x00000000]
                 [   0x00000000]
                 -------------
 26  (0x344f3500)  [00|b7|   27]
                 [   0x344c98f8]
                 [   0x00000000]
                 [   0x30000003]
                 -------------
 27  (0x344f3510)  [00|00|   28]
                 [   0x00000000]
                 [   0x00000000]
                 [   0x00000000]
                 -------------
 28  (0x344f3520)  [00|b7|   29]
                 [   0x344c99f8]
                 [   0x00000000]
                 [   0x30000004]
                 -------------
 29  (0x344f3530)  [00|00|   30]
                 [   0x00000000]
                 [   0x00000000]
                 [   0x00000000]
                 -------------
 30  (0x344f3540)  [00|00|   31]
                 [   0x00000000]
                 [   0x00000000]
                 [   0x00000000]
                 -------------
 31  (0x344f3550)  [00|b7|   32]
                 [   0x344c9b78]
                 [   0x00000000]
                 [   0x30000004]
                 -------------
 32  (0x344f3560)  [00|00|   33]
                 [   0x00000000]
                 [   0x00000000]
                 [   0x00000000]
                 -------------
 33  (0x344f3570)  [00|00|   34]
                 [   0x00000000]
                 [   0x00000000]
                 [   0x00000000]
                 -------------
 34  (0x344f3580)  [00|00|   35]
                 [   0x00000000]
                 [   0x00000000]
                 [   0x00000000]
                 -------------
 35  (0x344f3590)  [00|00|   36]
                 [   0x00000000]
                 [   0x00000000]
                 [   0x00000000]
                 -------------
 36  (0x344f35a0)  [00|00|   37]
                 [   0x00000000]
                 [   0x00000000]
                 [   0x00000000]
                 -------------
 37  (0x344f35b0)  [00|00|   38]
                 [   0x00000000]
                 [   0x00000000]
                 [   0x00000000]
                 -------------
 38  (0x344f35c0)  [00|00|   39]
                 [   0x00000000]
                 [   0x00000000]
                 [   0x00000000]
                 -------------
 39  (0x344f35d0)  [00|00|   40]
                 [   0x00000000]
                 [   0x00000000]
                 [   0x00000000]
                 -------------
 40  (0x344f35e0)  [00|00|   41]
                 [   0x00000000]
                 [   0x00000000]
                 [   0x00000000]
                 -------------
 41  (0x344f35f0)  [00|00|   42]
                 [   0x00000000]
                 [   0x00000000]
                 [   0x00000000]
                 -------------
 42  (0x344f3600)  [00|00|   43]
                 [   0x00000000]
                 [   0x00000000]
                 [   0x00000000]
                 -------------
 43  (0x344f3610)  [00|00|   44]
                 [   0x00000000]
                 [   0x00000000]
                 [   0x00000000]
                 -------------
 44  (0x344f3620)  [00|00|   45]
                 [   0x00000000]
                 [   0x00000000]
                 [   0x00000000]
                 -------------
 45  (0x344f3630)  [00|00|   46]
                 [   0x00000000]
                 [   0x00000000]
                 [   0x00000000]
                 -------------
 46  (0x344f3640)  [00|00|   47]
                 [   0x00000000]
                 [   0x00000000]
                 [   0x00000000]
                 -------------
 47  (0x344f3650)  [00|00|   48]
                 [   0x00000000]
                 [   0x00000000]
                 [   0x00000000]
                 -------------
 48  (0x344f3660)  [00|00|   49]
                 [   0x00000000]
                 [   0x00000000]
                 [   0x00000000]
                 -------------
 49  (0x344f3670)  [00|00|   50]
                 [   0x00000000]
                 [   0x00000000]
                 [   0x00000000]
                 -------------
 50  (0x344f3680)  [00|00|   51]
                 [   0x00000000]
                 [   0x00000000]
                 [   0x00000000]
                 -------------
 51  (0x344f3690)  [00|00|   52]
                 [   0x00000000]
                 [   0x00000000]
                 [   0x00000000]
                 -------------
 52  (0x344f36a0)  [00|00|   53]
                 [   0x00000000]
                 [   0x00000000]
                 [   0x00000000]
                 -------------
 53  (0x344f36b0)  [00|00|   54]
                 [   0x00000000]
                 [   0x00000000]
                 [   0x00000000]
                 -------------
 54  (0x344f36c0)  [00|00|   55]
                 [   0x00000000]
                 [   0x00000000]
                 [   0x00000000]
                 -------------
 55  (0x344f36d0)  [00|b7|   56]
                 [   0x38e90188]
                 [   0x00000000]
                 [   0x80000001]
                 -------------
 56  (0x344f36e0)  [b3|b2|   57]
                 [   0x299e0080]
                 [   0x00000070]
                 [   0x74000000]
                 -------------
 57  (0x344f36f0)  [00|b8|   58]
                 [   0x38ecaf60]
                 [   0x00000000]
                 [   0x70400002]
                 -------------
 58  (0x344f3700)  [00|b9|   59]
                 [   0x38eaa6f8]
                 [   0x00000002]
                 [   0x70000002]
                 -------------
 59  (0x344f3710)  [00|b7|   61]
                 [   0x344c8b30]
                 [   0x00000000]
                 [   0x80000003]
                 -------------
 60  (0x344f3720)  [00|b9|   62]
                 [   0x38eaa6f8]
                 [   0x00000006]
                 [   0x70000003]
                 -------------
 61  (0x344f3730)  [00|b7|   64]
                 [   0x38ed16a8]
                 [   0x00000000]
                 [   0x80000001]
                 -------------
ESP=0x0084f7e0 is pointing into the stack for thread: 0x00b8c800
EBP=0x0084f7fc is pointing into the stack for thread: 0x00b8c800
ESI=0x00b8c930 is an unknown value
EDI=0x00b8c800 is a thread


Stack: [0x00800000,0x00850000],  sp=0x0084f7e0,  free space=317k
Native frames: (J=compiled Java code, j=interpreted, Vv=VM code, C=native code)
V  [jvm.dll+0xc3abb]
C  [bwapi_bridge1_2.dll+0x13585]
j  bwapi.Player.isEnemy_native(JLbwapi/Player;)Z+0
j  bwapi.Player.isEnemy(Lbwapi/Player;)Z+6
j  GameController.onStart()V+94
j  bwapi.AIModule.onStart()V+11
v  ~StubRoutines::call_stub
V  [jvm.dll+0x13f35a]
V  [jvm.dll+0x202c6e]
V  [jvm.dll+0x13f3dd]
V  [jvm.dll+0xc9bc2]
V  [jvm.dll+0xcd813]
C  [bwapi_bridge1_2.dll+0x107a]
C  [bwapi_bridge1_2.dll+0x2822e]
j  bwapi.Mirror.startGame()V+0
j  GameController.run()V+15
j  GameController.main([Ljava/lang/String;)V+7
v  ~StubRoutines::call_stub
V  [jvm.dll+0x13f35a]
V  [jvm.dll+0x202c6e]
V  [jvm.dll+0x13f3dd]
V  [jvm.dll+0xc9945]
V  [jvm.dll+0xd45e7]
C  [javaw.exe+0x2070]
C  [javaw.exe+0xa5b1]
C  [javaw.exe+0xa63b]
C  [kernel32.dll+0x1336a]
C  [ntdll.dll+0x392b2]
C  [ntdll.dll+0x39285]

Java frames: (J=compiled Java code, j=interpreted, Vv=VM code)
j  bwapi.Player.isEnemy_native(JLbwapi/Player;)Z+0
j  bwapi.Player.isEnemy(Lbwapi/Player;)Z+6
j  GameController.onStart()V+94
j  bwapi.AIModule.onStart()V+11
v  ~StubRoutines::call_stub
j  bwapi.Mirror.startGame()V+0
j  GameController.run()V+15
j  GameController.main([Ljava/lang/String;)V+7
v  ~StubRoutines::call_stub

---------------  P R O C E S S  ---------------

Java Threads: ( => current thread )
  0x00407c00 JavaThread "Service Thread" daemon [_thread_blocked, id=4196, stack(0x00ec0000,0x00f10000)]
  0x00403000 JavaThread "C1 CompilerThread0" daemon [_thread_blocked, id=5996, stack(0x00f20000,0x00f70000)]
  0x003ff800 JavaThread "Attach Listener" daemon [_thread_blocked, id=5340, stack(0x00e50000,0x00ea0000)]
  0x003fc800 JavaThread "Signal Dispatcher" daemon [_thread_blocked, id=5904, stack(0x00f80000,0x00fd0000)]
  0x00393400 JavaThread "Finalizer" daemon [_thread_blocked, id=5500, stack(0x00cd0000,0x00d20000)]
  0x0038e400 JavaThread "Reference Handler" daemon [_thread_blocked, id=1996, stack(0x00dc0000,0x00e10000)]
=>0x00b8c800 JavaThread "main" [_thread_in_vm, id=5964, stack(0x00800000,0x00850000)]

Other Threads:
  0x0038cc00 VMThread [stack: 0x00c20000,0x00c70000] [id=5200]
  0x0041d000 WatcherThread [stack: 0x01310000,0x01360000] [id=5556]

VM state:not at safepoint (normal execution)

VM Mutex/Monitor currently owned by a thread: None

Heap
 def new generation   total 4928K, used 740K [0x24490000, 0x249e0000, 0x299e0000)
  eden space 4416K,  16% used [0x24490000, 0x24548870, 0x248e0000)
  from space 512K,   0% used [0x248e0000, 0x248e0990, 0x24960000)
  to   space 512K,   0% used [0x24960000, 0x24960000, 0x249e0000)
 tenured generation   total 10944K, used 252K [0x299e0000, 0x2a490000, 0x34490000)
   the space 10944K,   2% used [0x299e0000, 0x29a1f098, 0x29a1f200, 0x2a490000)
 compacting perm gen  total 12288K, used 421K [0x34490000, 0x35090000, 0x38490000)
   the space 12288K,   3% used [0x34490000, 0x344f9678, 0x344f9800, 0x35090000)
    ro space 10240K,  41% used [0x38490000, 0x388c2050, 0x388c2200, 0x38e90000)
    rw space 12288K,  52% used [0x38e90000, 0x394d6800, 0x394d6800, 0x39a90000)

Card table byte_map: [0x009c0000,0x00a70000] byte_map_base: 0x0089db80

Polling page: 0x00170000

Code Cache  [0x027e0000, 0x028a8000, 0x047e0000)
 total_blobs=303 nmethods=166 adapters=74 free_code_cache=31978Kb largest_free_block=32746240

Compilation events (10 events):
Event: 100.097 Thread 0x00403000  161  s          java.io.BufferedOutputStream::flush (12 bytes)
Event: 100.097 Thread 0x00403000 nmethod 161 0x028a4348 code [0x028a4460, 0x028a4678]
Event: 100.097 Thread 0x00403000  162             java.io.BufferedOutputStream::flushBuffer (29 bytes)
Event: 100.097 Thread 0x00403000 nmethod 162 0x028a4748 code [0x028a4850, 0x028a490c]
Event: 112.836 Thread 0x00403000  164             bwapi.Position::equals (49 bytes)
Event: 112.836 Thread 0x00403000 nmethod 164 0x028a4c48 code [0x028a4d50, 0x028a4e90]
Event: 114.310 Thread 0x00403000  165             java.util.ArrayList::indexOf (67 bytes)
Event: 114.310 Thread 0x00403000 nmethod 165 0x028a4f48 code [0x028a5060, 0x028a51cc]
Event: 114.310 Thread 0x00403000  166             java.lang.Object::equals (11 bytes)
Event: 114.310 Thread 0x00403000 nmethod 166 0x028a5348 code [0x028a5440, 0x028a54d0]

GC Heap History (10 events):
Event: 112.810 GC heap before
{Heap before GC invocations=129 (full 0):
 def new generation   total 4928K, used 4417K [0x24490000, 0x249e0000, 0x299e0000)
  eden space 4416K, 100% used [0x24490000, 0x248e0000, 0x248e0000)
  from space 512K,   0% used [0x24960000, 0x24960640, 0x249e0000)
  to   space 512K,   0% used [0x248e0000, 0x248e0000, 0x24960000)
 tenured generation   total 10944K, used 252K [0x299e0000, 0x2a490000, 0x34490000)
   the space 10944K,   2% used [0x299e0000, 0x29a1f098, 0x29a1f200, 0x2a490000)
 compacting perm gen  total 12288K, used 421K [0x34490000, 0x35090000, 0x38490000)
   the space 12288K,   3% used [0x34490000, 0x344f9678, 0x344f9800, 0x35090000)
    ro space 10240K,  41% used [0x38490000, 0x388c2050, 0x388c2200, 0x38e90000)
    rw space 12288K,  52% used [0x38e90000, 0x394d6800, 0x394d6800, 0x39a90000)
Event: 112.810 GC heap after
Heap after GC invocations=130 (full 0):
 def new generation   total 4928K, used 3K [0x24490000, 0x249e0000, 0x299e0000)
  eden space 4416K,   0% used [0x24490000, 0x24490000, 0x248e0000)
  from space 512K,   0% used [0x248e0000, 0x248e0cb0, 0x24960000)
  to   space 512K,   0% used [0x24960000, 0x24960000, 0x249e0000)
 tenured generation   total 10944K, used 252K [0x299e0000, 0x2a490000, 0x34490000)
   the space 10944K,   2% used [0x299e0000, 0x29a1f098, 0x29a1f200, 0x2a490000)
 compacting perm gen  total 12288K, used 421K [0x34490000, 0x35090000, 0x38490000)
   the space 12288K,   3% used [0x34490000, 0x344f9678, 0x344f9800, 0x35090000)
    ro space 10240K,  41% used [0x38490000, 0x388c2050, 0x388c2200, 0x38e90000)
    rw space 12288K,  52% used [0x38e90000, 0x394d6800, 0x394d6800, 0x39a90000)
}
Event: 114.420 GC heap before
{Heap before GC invocations=130 (full 0):
 def new generation   total 4928K, used 4419K [0x24490000, 0x249e0000, 0x299e0000)
  eden space 4416K, 100% used [0x24490000, 0x248e0000, 0x248e0000)
  from space 512K,   0% used [0x248e0000, 0x248e0cb0, 0x24960000)
  to   space 512K,   0% used [0x24960000, 0x24960000, 0x249e0000)
 tenured generation   total 10944K, used 252K [0x299e0000, 0x2a490000, 0x34490000)
   the space 10944K,   2% used [0x299e0000, 0x29a1f098, 0x29a1f200, 0x2a490000)
 compacting perm gen  total 12288K, used 421K [0x34490000, 0x35090000, 0x38490000)
   the space 12288K,   3% used [0x34490000, 0x344f9678, 0x344f9800, 0x35090000)
    ro space 10240K,  41% used [0x38490000, 0x388c2050, 0x388c2200, 0x38e90000)
    rw space 12288K,  52% used [0x38e90000, 0x394d6800, 0x394d6800, 0x39a90000)
Event: 114.420 GC heap after
Heap after GC invocations=131 (full 0):
 def new generation   total 4928K, used 3K [0x24490000, 0x249e0000, 0x299e0000)
  eden space 4416K,   0% used [0x24490000, 0x24490000, 0x248e0000)
  from space 512K,   0% used [0x24960000, 0x24960cd8, 0x249e0000)
  to   space 512K,   0% used [0x248e0000, 0x248e0000, 0x24960000)
 tenured generation   total 10944K, used 252K [0x299e0000, 0x2a490000, 0x34490000)
   the space 10944K,   2% used [0x299e0000, 0x29a1f098, 0x29a1f200, 0x2a490000)
 compacting perm gen  total 12288K, used 421K [0x34490000, 0x35090000, 0x38490000)
   the space 12288K,   3% used [0x34490000, 0x344f9678, 0x344f9800, 0x35090000)
    ro space 10240K,  41% used [0x38490000, 0x388c2050, 0x388c2200, 0x38e90000)
    rw space 12288K,  52% used [0x38e90000, 0x394d6800, 0x394d6800, 0x39a90000)
}
Event: 116.331 GC heap before
{Heap before GC invocations=131 (full 0):
 def new generation   total 4928K, used 4419K [0x24490000, 0x249e0000, 0x299e0000)
  eden space 4416K, 100% used [0x24490000, 0x248e0000, 0x248e0000)
  from space 512K,   0% used [0x24960000, 0x24960cd8, 0x249e0000)
  to   space 512K,   0% used [0x248e0000, 0x248e0000, 0x24960000)
 tenured generation   total 10944K, used 252K [0x299e0000, 0x2a490000, 0x34490000)
   the space 10944K,   2% used [0x299e0000, 0x29a1f098, 0x29a1f200, 0x2a490000)
 compacting perm gen  total 12288K, used 421K [0x34490000, 0x35090000, 0x38490000)
   the space 12288K,   3% used [0x34490000, 0x344f9678, 0x344f9800, 0x35090000)
    ro space 10240K,  41% used [0x38490000, 0x388c2050, 0x388c2200, 0x38e90000)
    rw space 12288K,  52% used [0x38e90000, 0x394d6800, 0x394d6800, 0x39a90000)
Event: 116.331 GC heap after
Heap after GC invocations=132 (full 0):
 def new generation   total 4928K, used 1K [0x24490000, 0x249e0000, 0x299e0000)
  eden space 4416K,   0% used [0x24490000, 0x24490000, 0x248e0000)
  from space 512K,   0% used [0x248e0000, 0x248e0568, 0x24960000)
  to   space 512K,   0% used [0x24960000, 0x24960000, 0x249e0000)
 tenured generation   total 10944K, used 252K [0x299e0000, 0x2a490000, 0x34490000)
   the space 10944K,   2% used [0x299e0000, 0x29a1f098, 0x29a1f200, 0x2a490000)
 compacting perm gen  total 12288K, used 421K [0x34490000, 0x35090000, 0x38490000)
   the space 12288K,   3% used [0x34490000, 0x344f9678, 0x344f9800, 0x35090000)
    ro space 10240K,  41% used [0x38490000, 0x388c2050, 0x388c2200, 0x38e90000)
    rw space 12288K,  52% used [0x38e90000, 0x394d6800, 0x394d6800, 0x39a90000)
}
Event: 117.784 GC heap before
{Heap before GC invocations=132 (full 0):
 def new generation   total 4928K, used 4417K [0x24490000, 0x249e0000, 0x299e0000)
  eden space 4416K, 100% used [0x24490000, 0x248e0000, 0x248e0000)
  from space 512K,   0% used [0x248e0000, 0x248e0568, 0x24960000)
  to   space 512K,   0% used [0x24960000, 0x24960000, 0x249e0000)
 tenured generation   total 10944K, used 252K [0x299e0000, 0x2a490000, 0x34490000)
   the space 10944K,   2% used [0x299e0000, 0x29a1f098, 0x29a1f200, 0x2a490000)
 compacting perm gen  total 12288K, used 421K [0x34490000, 0x35090000, 0x38490000)
   the space 12288K,   3% used [0x34490000, 0x344f9678, 0x344f9800, 0x35090000)
    ro space 10240K,  41% used [0x38490000, 0x388c2050, 0x388c2200, 0x38e90000)
    rw space 12288K,  52% used [0x38e90000, 0x394d6800, 0x394d6800, 0x39a90000)
Event: 117.784 GC heap after
Heap after GC invocations=133 (full 0):
 def new generation   total 4928K, used 3K [0x24490000, 0x249e0000, 0x299e0000)
  eden space 4416K,   0% used [0x24490000, 0x24490000, 0x248e0000)
  from space 512K,   0% used [0x24960000, 0x24960d38, 0x249e0000)
  to   space 512K,   0% used [0x248e0000, 0x248e0000, 0x24960000)
 tenured generation   total 10944K, used 252K [0x299e0000, 0x2a490000, 0x34490000)
   the space 10944K,   2% used [0x299e0000, 0x29a1f098, 0x29a1f200, 0x2a490000)
 compacting perm gen  total 12288K, used 421K [0x34490000, 0x35090000, 0x38490000)
   the space 12288K,   3% used [0x34490000, 0x344f9678, 0x344f9800, 0x35090000)
    ro space 10240K,  41% used [0x38490000, 0x388c2050, 0x388c2200, 0x38e90000)
    rw space 12288K,  52% used [0x38e90000, 0x394d6800, 0x394d6800, 0x39a90000)
}
Event: 119.336 GC heap before
{Heap before GC invocations=133 (full 0):
 def new generation   total 4928K, used 4419K [0x24490000, 0x249e0000, 0x299e0000)
  eden space 4416K, 100% used [0x24490000, 0x248e0000, 0x248e0000)
  from space 512K,   0% used [0x24960000, 0x24960d38, 0x249e0000)
  to   space 512K,   0% used [0x248e0000, 0x248e0000, 0x24960000)
 tenured generation   total 10944K, used 252K [0x299e0000, 0x2a490000, 0x34490000)
   the space 10944K,   2% used [0x299e0000, 0x29a1f098, 0x29a1f200, 0x2a490000)
 compacting perm gen  total 12288K, used 421K [0x34490000, 0x35090000, 0x38490000)
   the space 12288K,   3% used [0x34490000, 0x344f9678, 0x344f9800, 0x35090000)
    ro space 10240K,  41% used [0x38490000, 0x388c2050, 0x388c2200, 0x38e90000)
    rw space 12288K,  52% used [0x38e90000, 0x394d6800, 0x394d6800, 0x39a90000)
Event: 119.336 GC heap after
Heap after GC invocations=134 (full 0):
 def new generation   total 4928K, used 2K [0x24490000, 0x249e0000, 0x299e0000)
  eden space 4416K,   0% used [0x24490000, 0x24490000, 0x248e0000)
  from space 512K,   0% used [0x248e0000, 0x248e0990, 0x24960000)
  to   space 512K,   0% used [0x24960000, 0x24960000, 0x249e0000)
 tenured generation   total 10944K, used 252K [0x299e0000, 0x2a490000, 0x34490000)
   the space 10944K,   2% used [0x299e0000, 0x29a1f098, 0x29a1f200, 0x2a490000)
 compacting perm gen  total 12288K, used 421K [0x34490000, 0x35090000, 0x38490000)
   the space 12288K,   3% used [0x34490000, 0x344f9678, 0x344f9800, 0x35090000)
    ro space 10240K,  41% used [0x38490000, 0x388c2050, 0x388c2200, 0x38e90000)
    rw space 12288K,  52% used [0x38e90000, 0x394d6800, 0x394d6800, 0x39a90000)
}

Deoptimization events (0 events):
No events

Internal exceptions (10 events):
Event: 0.062 Thread 0x00b8c800 Threw 0x24548ff0 at C:\re\jdk7u51\527\hotspot\src\share\vm\prims\jvm.cpp:1244
Event: 0.064 Thread 0x00b8c800 Threw 0x245508b0 at C:\re\jdk7u51\527\hotspot\src\share\vm\prims\jvm.cpp:1244
Event: 0.065 Thread 0x00b8c800 Threw 0x24556a00 at C:\re\jdk7u51\527\hotspot\src\share\vm\prims\jvm.cpp:1244
Event: 4.419 Thread 0x00b8c800 Threw 0x2455f110 at C:\re\jdk7u51\527\hotspot\src\share\vm\prims\jvm.cpp:1244
Event: 16.592 Thread 0x00b8c800 Threw 0x24572768 at C:\re\jdk7u51\527\hotspot\src\share\vm\prims\jvm.cpp:1244
Event: 16.593 Thread 0x00b8c800 Threw 0x24575cb0 at C:\re\jdk7u51\527\hotspot\src\share\vm\prims\jvm.cpp:1244
Event: 16.594 Thread 0x00b8c800 Threw 0x24579800 at C:\re\jdk7u51\527\hotspot\src\share\vm\prims\jvm.cpp:1244
Event: 17.077 Thread 0x00b8c800 Threw 0x245a3040 at C:\re\jdk7u51\527\hotspot\src\share\vm\prims\jvm.cpp:1244
Event: 61.346 Thread 0x00b8c800 Threw 0x2452c458 at C:\re\jdk7u51\527\hotspot\src\share\vm\prims\jvm.cpp:1244
Event: 61.346 Thread 0x00b8c800 Threw 0x2452edf0 at C:\re\jdk7u51\527\hotspot\src\share\vm\prims\jvm.cpp:1244

Events (10 events):
Event: 112.810 Executing VM operation: GenCollectForAllocation
Event: 112.810 Executing VM operation: GenCollectForAllocation done
Event: 114.420 Executing VM operation: GenCollectForAllocation
Event: 114.420 Executing VM operation: GenCollectForAllocation done
Event: 116.331 Executing VM operation: GenCollectForAllocation
Event: 116.331 Executing VM operation: GenCollectForAllocation done
Event: 117.784 Executing VM operation: GenCollectForAllocation
Event: 117.784 Executing VM operation: GenCollectForAllocation done
Event: 119.336 Executing VM operation: GenCollectForAllocation
Event: 119.336 Executing VM operation: GenCollectForAllocation done


Dynamic libraries:
0x013b0000 - 0x013df000 	C:\Program Files (x86)\Java\jre7\bin\javaw.exe
0x77000000 - 0x77180000 	C:\Windows\SysWOW64\ntdll.dll
0x766b0000 - 0x767c0000 	C:\Windows\syswow64\kernel32.dll
0x76890000 - 0x768d7000 	C:\Windows\syswow64\KERNELBASE.dll
0x768e0000 - 0x76980000 	C:\Windows\syswow64\ADVAPI32.dll
0x74b80000 - 0x74c2c000 	C:\Windows\syswow64\msvcrt.dll
0x74ee0000 - 0x74ef9000 	C:\Windows\SysWOW64\sechost.dll
0x74df0000 - 0x74ee0000 	C:\Windows\syswow64\RPCRT4.dll
0x74990000 - 0x749f0000 	C:\Windows\syswow64\SspiCli.dll
0x74980000 - 0x7498c000 	C:\Windows\syswow64\CRYPTBASE.dll
0x754f0000 - 0x755f0000 	C:\Windows\syswow64\USER32.dll
0x76800000 - 0x76890000 	C:\Windows\syswow64\GDI32.dll
0x76b70000 - 0x76b7a000 	C:\Windows\syswow64\LPK.dll
0x75720000 - 0x757bd000 	C:\Windows\syswow64\USP10.dll
0x74450000 - 0x745ee000 	C:\Windows\WinSxS\x86_microsoft.windows.common-controls_6595b64144ccf1df_6.0.7601.17514_none_41e6975e2bd6f2b2\COMCTL32.dll
0x74f90000 - 0x74fe7000 	C:\Windows\syswow64\SHLWAPI.dll
0x74b10000 - 0x74b70000 	C:\Windows\system32\IMM32.DLL
0x74a10000 - 0x74adc000 	C:\Windows\syswow64\MSCTF.dll
0x62090000 - 0x6214f000 	C:\Program Files (x86)\Java\jre7\bin\msvcr100.dll
0x6e570000 - 0x6e8f0000 	C:\Program Files (x86)\Java\jre7\bin\client\jvm.dll
0x6f220000 - 0x6f227000 	C:\Windows\system32\WSOCK32.dll
0x76650000 - 0x76685000 	C:\Windows\syswow64\WS2_32.dll
0x74b70000 - 0x74b76000 	C:\Windows\syswow64\NSI.dll
0x745f0000 - 0x74622000 	C:\Windows\system32\WINMM.dll
0x74a00000 - 0x74a05000 	C:\Windows\syswow64\PSAPI.DLL
0x73f20000 - 0x73f2c000 	C:\Program Files (x86)\Java\jre7\bin\verify.dll
0x73960000 - 0x73980000 	C:\Program Files (x86)\Java\jre7\bin\java.dll
0x6f870000 - 0x6f883000 	C:\Program Files (x86)\Java\jre7\bin\zip.dll
0x61c80000 - 0x61e97000 	C:\Users\Seth\Documents\GitHub\SCBWAI\bwapi_bridge1_2.dll
0x10000000 - 0x1002b000 	C:\Users\Seth\Documents\GitHub\SCBWAI\gmp-vc90-mt.dll
0x747e0000 - 0x74883000 	C:\Windows\WinSxS\x86_microsoft.vc90.crt_1fc8b3b9a1e18e3b_9.0.30729.6161_none_50934f2ebcb7eb57\MSVCR90.dll
0x6f290000 - 0x6f31e000 	C:\Windows\WinSxS\x86_microsoft.vc90.crt_1fc8b3b9a1e18e3b_9.0.30729.6161_none_50934f2ebcb7eb57\MSVCP90.dll
0x00a70000 - 0x00ab1000 	C:\Users\Seth\Documents\GitHub\SCBWAI\mpfr-vc90-mt.dll
0x72e00000 - 0x72eeb000 	C:\Windows\system32\dbghelp.dll

VM Arguments:
jvm_args: -Dfile.encoding=Cp1252 
java_command: GameController
Launcher Type: SUN_STANDARD

Environment Variables:
JAVA_HOME=C:\Development\Java\jdk7\jre
CLASSPATH=.;C:\Program Files (x86)\Java\jre7\lib\ext\QTJava.zip
PATH=C:/Program Files (x86)/Java/jre7/bin/client;C:/Program Files (x86)/Java/jre7/bin;C:/Program Files (x86)/Java/jre7/lib/i386;C:\Python34\;C:\Python34\Scripts;C:\Program Files (x86)\NVIDIA Corporation\PhysX\Common;C:\Program Files (x86)\Haskell\bin;C:\Program Files (x86)\Haskell Platform\2013.2.0.0\lib\extralibs\bin;C:\Program Files (x86)\Haskell Platform\2013.2.0.0\bin;C:\Program Files (x86)\Common Files\Microsoft Shared\Windows Live;C:\Windows\system32;C:\Windows;C:\Windows\System32\Wbem;C:\Windows\System32\WindowsPowerShell\v1.0\;C:\Program Files (x86)\ATI Technologies\ATI.ACE\Core-Static;C:\Program Files (x86)\Quest Software\vWorkspace Client\;C:\Program Files (x86)\Microsoft SQL Server\100\Tools\Binn\;C:\Program Files\Microsoft SQL Server\100\Tools\Binn\;C:\Program Files\Microsoft SQL Server\100\DTS\Binn\;C:\Program Files\Microsoft SQL Server\110\Tools\Binn\;C:\Program Files (x86)\QuickTime\QTSystem\;C:\Program Files (x86)\MiKTeX 2.9\miktex\bin\;C:\Program Files (x86)\Haskell Platform\2013.2.0.0\mingw\bin;C:\Program Files (x86)\Windows Kits\8.1\Windows Performance Toolkit\;C:\Program Files\TortoiseSVN\bin;C:\Program Files\Perforce;C:\Users\Seth\AppData\Local\GitHub\PortableGit_ed44d00daa128db527396557813e7b68709ed0e2\bin;C:\Users\Seth\AppData\Local\GitHub\PortableGit_ed44d00daa128db527396557813e7b68709ed0e2\cmd;C:\Program Files (x86)\AMD\ATI.ACE\Core-Static;C:\Program Files\nodejs\;C:\Program Files (x86)\Heroku\bin;C:\Program Files (x86)\git\cmd;C:\Program Files (x86)\Skype\Phone\;C:\Users\Seth\AppData\Local\Programs\Python\Launcher\;C:\Development\maven\bin;C:\Development\Java\jdk7\bin; C:\Python34;C:\Users\Seth\AppData\Roaming\npm;C:\Users\Seth\Desktop\dev\eclipse-java-luna-SR2-win32\eclipse;
USERNAME=Seth
OS=Windows_NT
PROCESSOR_IDENTIFIER=AMD64 Family 16 Model 4 Stepping 2, AuthenticAMD



---------------  S Y S T E M  ---------------

OS: Windows 7 , 64 bit Build 7601 Service Pack 1

CPU:total 4 (4 cores per cpu, 1 threads per core) family 16 model 4 stepping 2, cmov, cx8, fxsr, mmx, sse, sse2, sse3, popcnt, mmxext, 3dnowpref, lzcnt, sse4a, tsc, tscinvbit, tscinv

Memory: 4k page, physical 12581112k(8463988k free), swap 25160372k(20526360k free)

vm_info: Java HotSpot(TM) Client VM (24.51-b03) for windows-x86 JRE (1.7.0_51-b13), built on Dec 18 2013 19:09:58 by "java_re" with unknown MS VC++:1600

time: Sun Apr 26 18:31:58 2015
elapsed time: 133 seconds

