#
# A fatal error has been detected by the Java Runtime Environment:
#
#  EXCEPTION_ACCESS_VIOLATION (0xc0000005) at pc=0x5d173abb, pid=352, tid=2856
#
# JRE version: Java(TM) SE Runtime Environment (7.0_51-b13) (build 1.7.0_51-b13)
# Java VM: Java HotSpot(TM) Client VM (24.51-b03 mixed mode, sharing windows-x86 )
# Problematic frame:
# V  [jvm.dll+0xc3abb]
#
# Failed to write core dump. Minidumps are not enabled by default on client versions of Windows
#
# If you would like to submit a bug report, please visit:
#   http://bugreport.sun.com/bugreport/crash.jsp
#

---------------  T H R E A D  ---------------

Current thread (0x008ac800):  JavaThread "main" [_thread_in_vm, id=2856, stack(0x00910000,0x00960000)]

siginfo: ExceptionCode=0xc0000005, reading address 0x00000000

Registers:
EAX=0x00000000, EBX=0x008ac800, ECX=0x00000000, EDX=0x008ac930
ESP=0x0095f42c, EBP=0x0095f448, ESI=0x008ac930, EDI=0x008ac800
EIP=0x5d173abb, EFLAGS=0x00010246

Top of Stack: (sp=0x0095f42c)
0x0095f42c:   00000000 008ac930 008ac800 008ac800
0x0095f43c:   00000000 05ab0020 008ac800 0095f478
0x0095f44c:   5f2000ab 008ac930 00000000 008ac800
0x0095f45c:   299e79f0 008ac800 007e6140 00000008
0x0095f46c:   00000052 008ac800 063c02a0 0095f4a8
0x0095f47c:   0288ef8e 008ac930 0095f498 063c0120
0x0095f48c:   008ac800 00000000 0095f4b8 299f01c8
0x0095f49c:   00000000 00000027 00000079 0095f4f8 

Instructions: (pc=0x5d173abb)
0x5d173a9b:   f3 ff 83 c4 08 83 7f 04 00 89 7d f0 c7 45 f4 00
0x5d173aab:   00 00 00 74 08 8d 4d f0 e8 98 84 0c 00 8b 45 0c
0x5d173abb:   8b 08 8b 51 04 8b 42 40 50 56 e8 36 c9 07 00 83
0x5d173acb:   c4 08 83 7d f4 00 89 45 08 74 08 8d 4d f0 e8 b2 


Register to memory mapping:

EAX=0x00000000 is an unknown value
EBX=0x008ac800 is a thread
ECX=0x00000000 is an unknown value
EDX=0x008ac930 is an unknown value
ESP=0x0095f42c is pointing into the stack for thread: 0x008ac800
EBP=0x0095f448 is pointing into the stack for thread: 0x008ac800
ESI=0x008ac930 is an unknown value
EDI=0x008ac800 is a thread


Stack: [0x00910000,0x00960000],  sp=0x0095f42c,  free space=317k
Native frames: (J=compiled Java code, j=interpreted, Vv=VM code, C=native code)
V  [jvm.dll+0xc3abb]
C  [bwapi_bridge1_2.dll+0x100ab]
J  bwapi.Unit.build_native(JLbwapi/TilePosition;Lbwapi/UnitType;)Z
j  bwapi.Unit.build(Lbwapi/TilePosition;Lbwapi/UnitType;)Z+7
j  CannonRush.zealotRush(Lbwapi/Player;Lbwapi/Unit;)V+256
J  GameController.onFrame()V
V  [jvm.dll+0x13f35a]
V  [jvm.dll+0x202c6e]
V  [jvm.dll+0x13f3dd]
V  [jvm.dll+0xc9bc2]
V  [jvm.dll+0xcd813]
C  [bwapi_bridge1_2.dll+0x107a]
C  [bwapi_bridge1_2.dll+0x2828f]
j  bwapi.Mirror.startGame()V+0
j  GameController.run()V+15
j  GameController.main([Ljava/lang/String;)V+7
v  ~StubRoutines::call_stub
V  [jvm.dll+0x13f35a]
V  [jvm.dll+0x202c6e]
V  [jvm.dll+0x13f3dd]
V  [jvm.dll+0xc9945]
V  [jvm.dll+0xd45e7]
C  [javaw.exe+0x2070]
C  [javaw.exe+0xa5b1]
C  [javaw.exe+0xa63b]
C  [kernel32.dll+0x1336a]
C  [ntdll.dll+0x392b2]
C  [ntdll.dll+0x39285]

Java frames: (J=compiled Java code, j=interpreted, Vv=VM code)
J  bwapi.Unit.build_native(JLbwapi/TilePosition;Lbwapi/UnitType;)Z
j  bwapi.Unit.build(Lbwapi/TilePosition;Lbwapi/UnitType;)Z+7
j  CannonRush.zealotRush(Lbwapi/Player;Lbwapi/Unit;)V+256
J  GameController.onFrame()V
J  bwapi.AIModule.onFrame()V
v  ~StubRoutines::call_stub
j  bwapi.Mirror.startGame()V+0
j  GameController.run()V+15
j  GameController.main([Ljava/lang/String;)V+7
v  ~StubRoutines::call_stub

---------------  P R O C E S S  ---------------

Java Threads: ( => current thread )
  0x00856800 JavaThread "Service Thread" daemon [_thread_blocked, id=6964, stack(0x00dc0000,0x00e10000)]
  0x00851800 JavaThread "C1 CompilerThread0" daemon [_thread_blocked, id=5980, stack(0x00f20000,0x00f70000)]
  0x00850400 JavaThread "Attach Listener" daemon [_thread_blocked, id=3712, stack(0x00990000,0x009e0000)]
  0x0084d400 JavaThread "Signal Dispatcher" daemon [_thread_blocked, id=4980, stack(0x00cf0000,0x00d40000)]
  0x007dfc00 JavaThread "Finalizer" daemon [_thread_blocked, id=5204, stack(0x00ed0000,0x00f20000)]
  0x007de400 JavaThread "Reference Handler" daemon [_thread_blocked, id=6456, stack(0x00e10000,0x00e60000)]
=>0x008ac800 JavaThread "main" [_thread_in_vm, id=2856, stack(0x00910000,0x00960000)]

Other Threads:
  0x007dc800 VMThread [stack: 0x00c80000,0x00cd0000] [id=5492]
  0x00868000 WatcherThread [stack: 0x011e0000,0x01230000] [id=6084]

VM state:not at safepoint (normal execution)

VM Mutex/Monitor currently owned by a thread: None

Heap
 def new generation   total 4928K, used 1013K [0x24490000, 0x249e0000, 0x299e0000)
  eden space 4416K,  22% used [0x24490000, 0x2458ce60, 0x248e0000)
  from space 512K,   0% used [0x248e0000, 0x248e05e8, 0x24960000)
  to   space 512K,   0% used [0x24960000, 0x24960000, 0x249e0000)
 tenured generation   total 10944K, used 242K [0x299e0000, 0x2a490000, 0x34490000)
   the space 10944K,   2% used [0x299e0000, 0x29a1cb70, 0x29a1cc00, 0x2a490000)
 compacting perm gen  total 12288K, used 419K [0x34490000, 0x35090000, 0x38490000)
   the space 12288K,   3% used [0x34490000, 0x344f8d90, 0x344f8e00, 0x35090000)
    ro space 10240K,  41% used [0x38490000, 0x388c2050, 0x388c2200, 0x38e90000)
    rw space 12288K,  52% used [0x38e90000, 0x394d6800, 0x394d6800, 0x39a90000)

Card table byte_map: [0x00a60000,0x00b10000] byte_map_base: 0x0093db80

Polling page: 0x00190000

Code Cache  [0x027d0000, 0x02898000, 0x047d0000)
 total_blobs=315 nmethods=178 adapters=74 free_code_cache=31986Kb largest_free_block=32754240

Compilation events (10 events):
Event: 71.660 Thread 0x00851800  174             java.util.HashMap::removeEntryForKey (159 bytes)
Event: 71.661 Thread 0x00851800 nmethod 174 0x02891508 code [0x02891640, 0x028918c4]
Event: 71.703 Thread 0x00851800  175             java.util.HashMap$Entry::recordRemoval (1 bytes)
Event: 71.703 Thread 0x00851800 nmethod 175 0x02891b48 code [0x02891c40, 0x02891cc0]
Event: 73.432 Thread 0x00851800  176   !         java.io.PrintStream::write (83 bytes)
Event: 73.433 Thread 0x00851800 nmethod 176 0x02891d08 code [0x02891e80, 0x02892284]
Event: 73.433 Thread 0x00851800  177   !         java.io.PrintStream::newLine (73 bytes)
Event: 73.433 Thread 0x00851800 nmethod 177 0x02892848 code [0x028929c0, 0x02892d88]
Event: 80.057 Thread 0x00851800  178             bwapi.Position::equals (49 bytes)
Event: 80.057 Thread 0x00851800 nmethod 178 0x028932c8 code [0x028933d0, 0x02893510]

GC Heap History (10 events):
Event: 76.833 GC heap before
{Heap before GC invocations=91 (full 0):
 def new generation   total 4928K, used 4416K [0x24490000, 0x249e0000, 0x299e0000)
  eden space 4416K, 100% used [0x24490000, 0x248e0000, 0x248e0000)
  from space 512K,   0% used [0x24960000, 0x249603b0, 0x249e0000)
  to   space 512K,   0% used [0x248e0000, 0x248e0000, 0x24960000)
 tenured generation   total 10944K, used 242K [0x299e0000, 0x2a490000, 0x34490000)
   the space 10944K,   2% used [0x299e0000, 0x29a1cb70, 0x29a1cc00, 0x2a490000)
 compacting perm gen  total 12288K, used 419K [0x34490000, 0x35090000, 0x38490000)
   the space 12288K,   3% used [0x34490000, 0x344f8d90, 0x344f8e00, 0x35090000)
    ro space 10240K,  41% used [0x38490000, 0x388c2050, 0x388c2200, 0x38e90000)
    rw space 12288K,  52% used [0x38e90000, 0x394d6800, 0x394d6800, 0x39a90000)
Event: 76.833 GC heap after
Heap after GC invocations=92 (full 0):
 def new generation   total 4928K, used 1K [0x24490000, 0x249e0000, 0x299e0000)
  eden space 4416K,   0% used [0x24490000, 0x24490000, 0x248e0000)
  from space 512K,   0% used [0x248e0000, 0x248e05d0, 0x24960000)
  to   space 512K,   0% used [0x24960000, 0x24960000, 0x249e0000)
 tenured generation   total 10944K, used 242K [0x299e0000, 0x2a490000, 0x34490000)
   the space 10944K,   2% used [0x299e0000, 0x29a1cb70, 0x29a1cc00, 0x2a490000)
 compacting perm gen  total 12288K, used 419K [0x34490000, 0x35090000, 0x38490000)
   the space 12288K,   3% used [0x34490000, 0x344f8d90, 0x344f8e00, 0x35090000)
    ro space 10240K,  41% used [0x38490000, 0x388c2050, 0x388c2200, 0x38e90000)
    rw space 12288K,  52% used [0x38e90000, 0x394d6800, 0x394d6800, 0x39a90000)
}
Event: 78.290 GC heap before
{Heap before GC invocations=92 (full 0):
 def new generation   total 4928K, used 4417K [0x24490000, 0x249e0000, 0x299e0000)
  eden space 4416K, 100% used [0x24490000, 0x248e0000, 0x248e0000)
  from space 512K,   0% used [0x248e0000, 0x248e05d0, 0x24960000)
  to   space 512K,   0% used [0x24960000, 0x24960000, 0x249e0000)
 tenured generation   total 10944K, used 242K [0x299e0000, 0x2a490000, 0x34490000)
   the space 10944K,   2% used [0x299e0000, 0x29a1cb70, 0x29a1cc00, 0x2a490000)
 compacting perm gen  total 12288K, used 419K [0x34490000, 0x35090000, 0x38490000)
   the space 12288K,   3% used [0x34490000, 0x344f8d90, 0x344f8e00, 0x35090000)
    ro space 10240K,  41% used [0x38490000, 0x388c2050, 0x388c2200, 0x38e90000)
    rw space 12288K,  52% used [0x38e90000, 0x394d6800, 0x394d6800, 0x39a90000)
Event: 78.290 GC heap after
Heap after GC invocations=93 (full 0):
 def new generation   total 4928K, used 1K [0x24490000, 0x249e0000, 0x299e0000)
  eden space 4416K,   0% used [0x24490000, 0x24490000, 0x248e0000)
  from space 512K,   0% used [0x24960000, 0x24960638, 0x249e0000)
  to   space 512K,   0% used [0x248e0000, 0x248e0000, 0x24960000)
 tenured generation   total 10944K, used 242K [0x299e0000, 0x2a490000, 0x34490000)
   the space 10944K,   2% used [0x299e0000, 0x29a1cb70, 0x29a1cc00, 0x2a490000)
 compacting perm gen  total 12288K, used 419K [0x34490000, 0x35090000, 0x38490000)
   the space 12288K,   3% used [0x34490000, 0x344f8d90, 0x344f8e00, 0x35090000)
    ro space 10240K,  41% used [0x38490000, 0x388c2050, 0x388c2200, 0x38e90000)
    rw space 12288K,  52% used [0x38e90000, 0x394d6800, 0x394d6800, 0x39a90000)
}
Event: 79.874 GC heap before
{Heap before GC invocations=93 (full 0):
 def new generation   total 4928K, used 4417K [0x24490000, 0x249e0000, 0x299e0000)
  eden space 4416K, 100% used [0x24490000, 0x248e0000, 0x248e0000)
  from space 512K,   0% used [0x24960000, 0x24960638, 0x249e0000)
  to   space 512K,   0% used [0x248e0000, 0x248e0000, 0x24960000)
 tenured generation   total 10944K, used 242K [0x299e0000, 0x2a490000, 0x34490000)
   the space 10944K,   2% used [0x299e0000, 0x29a1cb70, 0x29a1cc00, 0x2a490000)
 compacting perm gen  total 12288K, used 419K [0x34490000, 0x35090000, 0x38490000)
   the space 12288K,   3% used [0x34490000, 0x344f8d90, 0x344f8e00, 0x35090000)
    ro space 10240K,  41% used [0x38490000, 0x388c2050, 0x388c2200, 0x38e90000)
    rw space 12288K,  52% used [0x38e90000, 0x394d6800, 0x394d6800, 0x39a90000)
Event: 79.875 GC heap after
Heap after GC invocations=94 (full 0):
 def new generation   total 4928K, used 2K [0x24490000, 0x249e0000, 0x299e0000)
  eden space 4416K,   0% used [0x24490000, 0x24490000, 0x248e0000)
  from space 512K,   0% used [0x248e0000, 0x248e08c0, 0x24960000)
  to   space 512K,   0% used [0x24960000, 0x24960000, 0x249e0000)
 tenured generation   total 10944K, used 242K [0x299e0000, 0x2a490000, 0x34490000)
   the space 10944K,   2% used [0x299e0000, 0x29a1cb70, 0x29a1cc00, 0x2a490000)
 compacting perm gen  total 12288K, used 419K [0x34490000, 0x35090000, 0x38490000)
   the space 12288K,   3% used [0x34490000, 0x344f8d90, 0x344f8e00, 0x35090000)
    ro space 10240K,  41% used [0x38490000, 0x388c2050, 0x388c2200, 0x38e90000)
    rw space 12288K,  52% used [0x38e90000, 0x394d6800, 0x394d6800, 0x39a90000)
}
Event: 82.215 GC heap before
{Heap before GC invocations=94 (full 0):
 def new generation   total 4928K, used 4418K [0x24490000, 0x249e0000, 0x299e0000)
  eden space 4416K, 100% used [0x24490000, 0x248e0000, 0x248e0000)
  from space 512K,   0% used [0x248e0000, 0x248e08c0, 0x24960000)
  to   space 512K,   0% used [0x24960000, 0x24960000, 0x249e0000)
 tenured generation   total 10944K, used 242K [0x299e0000, 0x2a490000, 0x34490000)
   the space 10944K,   2% used [0x299e0000, 0x29a1cb70, 0x29a1cc00, 0x2a490000)
 compacting perm gen  total 12288K, used 419K [0x34490000, 0x35090000, 0x38490000)
   the space 12288K,   3% used [0x34490000, 0x344f8d90, 0x344f8e00, 0x35090000)
    ro space 10240K,  41% used [0x38490000, 0x388c2050, 0x388c2200, 0x38e90000)
    rw space 12288K,  52% used [0x38e90000, 0x394d6800, 0x394d6800, 0x39a90000)
Event: 82.215 GC heap after
Heap after GC invocations=95 (full 0):
 def new generation   total 4928K, used 2K [0x24490000, 0x249e0000, 0x299e0000)
  eden space 4416K,   0% used [0x24490000, 0x24490000, 0x248e0000)
  from space 512K,   0% used [0x24960000, 0x24960800, 0x249e0000)
  to   space 512K,   0% used [0x248e0000, 0x248e0000, 0x24960000)
 tenured generation   total 10944K, used 242K [0x299e0000, 0x2a490000, 0x34490000)
   the space 10944K,   2% used [0x299e0000, 0x29a1cb70, 0x29a1cc00, 0x2a490000)
 compacting perm gen  total 12288K, used 419K [0x34490000, 0x35090000, 0x38490000)
   the space 12288K,   3% used [0x34490000, 0x344f8d90, 0x344f8e00, 0x35090000)
    ro space 10240K,  41% used [0x38490000, 0x388c2050, 0x388c2200, 0x38e90000)
    rw space 12288K,  52% used [0x38e90000, 0x394d6800, 0x394d6800, 0x39a90000)
}
Event: 84.634 GC heap before
{Heap before GC invocations=95 (full 0):
 def new generation   total 4928K, used 4418K [0x24490000, 0x249e0000, 0x299e0000)
  eden space 4416K, 100% used [0x24490000, 0x248e0000, 0x248e0000)
  from space 512K,   0% used [0x24960000, 0x24960800, 0x249e0000)
  to   space 512K,   0% used [0x248e0000, 0x248e0000, 0x24960000)
 tenured generation   total 10944K, used 242K [0x299e0000, 0x2a490000, 0x34490000)
   the space 10944K,   2% used [0x299e0000, 0x29a1cb70, 0x29a1cc00, 0x2a490000)
 compacting perm gen  total 12288K, used 419K [0x34490000, 0x35090000, 0x38490000)
   the space 12288K,   3% used [0x34490000, 0x344f8d90, 0x344f8e00, 0x35090000)
    ro space 10240K,  41% used [0x38490000, 0x388c2050, 0x388c2200, 0x38e90000)
    rw space 12288K,  52% used [0x38e90000, 0x394d6800, 0x394d6800, 0x39a90000)
Event: 84.635 GC heap after
Heap after GC invocations=96 (full 0):
 def new generation   total 4928K, used 1K [0x24490000, 0x249e0000, 0x299e0000)
  eden space 4416K,   0% used [0x24490000, 0x24490000, 0x248e0000)
  from space 512K,   0% used [0x248e0000, 0x248e05e8, 0x24960000)
  to   space 512K,   0% used [0x24960000, 0x24960000, 0x249e0000)
 tenured generation   total 10944K, used 242K [0x299e0000, 0x2a490000, 0x34490000)
   the space 10944K,   2% used [0x299e0000, 0x29a1cb70, 0x29a1cc00, 0x2a490000)
 compacting perm gen  total 12288K, used 419K [0x34490000, 0x35090000, 0x38490000)
   the space 12288K,   3% used [0x34490000, 0x344f8d90, 0x344f8e00, 0x35090000)
    ro space 10240K,  41% used [0x38490000, 0x388c2050, 0x388c2200, 0x38e90000)
    rw space 12288K,  52% used [0x38e90000, 0x394d6800, 0x394d6800, 0x39a90000)
}

Deoptimization events (0 events):
No events

Internal exceptions (10 events):
Event: 0.070 Thread 0x008ac800 Threw 0x2453ba90 at C:\re\jdk7u51\527\hotspot\src\share\vm\prims\jvm.cpp:1244
Event: 0.071 Thread 0x008ac800 Threw 0x2453fc58 at C:\re\jdk7u51\527\hotspot\src\share\vm\prims\jvm.cpp:1244
Event: 0.073 Thread 0x008ac800 Threw 0x24547508 at C:\re\jdk7u51\527\hotspot\src\share\vm\prims\jvm.cpp:1244
Event: 0.074 Thread 0x008ac800 Threw 0x2454d658 at C:\re\jdk7u51\527\hotspot\src\share\vm\prims\jvm.cpp:1244
Event: 27.117 Thread 0x008ac800 Threw 0x24555d80 at C:\re\jdk7u51\527\hotspot\src\share\vm\prims\jvm.cpp:1244
Event: 27.119 Thread 0x008ac800 Threw 0x24563848 at C:\re\jdk7u51\527\hotspot\src\share\vm\prims\jvm.cpp:1244
Event: 34.610 Thread 0x008ac800 Threw 0x2456f318 at C:\re\jdk7u51\527\hotspot\src\share\vm\prims\jvm.cpp:1244
Event: 34.611 Thread 0x008ac800 Threw 0x24572c20 at C:\re\jdk7u51\527\hotspot\src\share\vm\prims\jvm.cpp:1244
Event: 34.612 Thread 0x008ac800 Threw 0x24579288 at C:\re\jdk7u51\527\hotspot\src\share\vm\prims\jvm.cpp:1244
Event: 35.182 Thread 0x008ac800 Threw 0x245a09a0 at C:\re\jdk7u51\527\hotspot\src\share\vm\prims\jvm.cpp:1244

Events (10 events):
Event: 76.833 Executing VM operation: GenCollectForAllocation
Event: 76.833 Executing VM operation: GenCollectForAllocation done
Event: 78.289 Executing VM operation: GenCollectForAllocation
Event: 78.290 Executing VM operation: GenCollectForAllocation done
Event: 79.874 Executing VM operation: GenCollectForAllocation
Event: 79.875 Executing VM operation: GenCollectForAllocation done
Event: 82.215 Executing VM operation: GenCollectForAllocation
Event: 82.215 Executing VM operation: GenCollectForAllocation done
Event: 84.634 Executing VM operation: GenCollectForAllocation
Event: 84.635 Executing VM operation: GenCollectForAllocation done


Dynamic libraries:
0x013a0000 - 0x013cf000 	C:\Program Files (x86)\Java\jre7\bin\javaw.exe
0x76f10000 - 0x77090000 	C:\Windows\SysWOW64\ntdll.dll
0x75610000 - 0x75720000 	C:\Windows\syswow64\kernel32.dll
0x74a30000 - 0x74a77000 	C:\Windows\syswow64\KERNELBASE.dll
0x75340000 - 0x753e0000 	C:\Windows\syswow64\ADVAPI32.dll
0x753e0000 - 0x7548c000 	C:\Windows\syswow64\msvcrt.dll
0x75320000 - 0x75339000 	C:\Windows\SysWOW64\sechost.dll
0x74aa0000 - 0x74b90000 	C:\Windows\syswow64\RPCRT4.dll
0x748a0000 - 0x74900000 	C:\Windows\syswow64\SspiCli.dll
0x74890000 - 0x7489c000 	C:\Windows\syswow64\CRYPTBASE.dll
0x75720000 - 0x75820000 	C:\Windows\syswow64\USER32.dll
0x75510000 - 0x755a0000 	C:\Windows\syswow64\GDI32.dll
0x74a80000 - 0x74a8a000 	C:\Windows\syswow64\LPK.dll
0x76500000 - 0x7659d000 	C:\Windows\syswow64\USP10.dll
0x74340000 - 0x744de000 	C:\Windows\WinSxS\x86_microsoft.windows.common-controls_6595b64144ccf1df_6.0.7601.17514_none_41e6975e2bd6f2b2\COMCTL32.dll
0x752c0000 - 0x75317000 	C:\Windows\syswow64\SHLWAPI.dll
0x74dd0000 - 0x74e30000 	C:\Windows\system32\IMM32.DLL
0x74960000 - 0x74a2c000 	C:\Windows\syswow64\MSCTF.dll
0x5f410000 - 0x5f4cf000 	C:\Program Files (x86)\Java\jre7\bin\msvcr100.dll
0x5d0b0000 - 0x5d430000 	C:\Program Files (x86)\Java\jre7\bin\client\jvm.dll
0x6de10000 - 0x6de17000 	C:\Windows\system32\WSOCK32.dll
0x75280000 - 0x752b5000 	C:\Windows\syswow64\WS2_32.dll
0x74920000 - 0x74926000 	C:\Windows\syswow64\NSI.dll
0x742d0000 - 0x74302000 	C:\Windows\system32\WINMM.dll
0x74900000 - 0x74905000 	C:\Windows\syswow64\PSAPI.DLL
0x6a8f0000 - 0x6a8fc000 	C:\Program Files (x86)\Java\jre7\bin\verify.dll
0x64e70000 - 0x64e90000 	C:\Program Files (x86)\Java\jre7\bin\java.dll
0x630d0000 - 0x630e3000 	C:\Program Files (x86)\Java\jre7\bin\zip.dll
0x5f1f0000 - 0x5f407000 	C:\Users\Seth\Documents\GitHub\SCBWAI\bwapi_bridge1_2.dll
0x10000000 - 0x1002b000 	C:\Users\Seth\Documents\GitHub\SCBWAI\gmp-vc90-mt.dll
0x74700000 - 0x747a3000 	C:\Windows\WinSxS\x86_microsoft.vc90.crt_1fc8b3b9a1e18e3b_9.0.30729.6161_none_50934f2ebcb7eb57\MSVCR90.dll
0x6f2a0000 - 0x6f32e000 	C:\Windows\WinSxS\x86_microsoft.vc90.crt_1fc8b3b9a1e18e3b_9.0.30729.6161_none_50934f2ebcb7eb57\MSVCP90.dll
0x00e60000 - 0x00ea1000 	C:\Users\Seth\Documents\GitHub\SCBWAI\mpfr-vc90-mt.dll
0x72d10000 - 0x72dfb000 	C:\Windows\system32\dbghelp.dll

VM Arguments:
jvm_args: -Dfile.encoding=Cp1252 
java_command: GameController
Launcher Type: SUN_STANDARD

Environment Variables:
JAVA_HOME=C:\Development\Java\jdk7\jre
CLASSPATH=.;C:\Program Files (x86)\Java\jre7\lib\ext\QTJava.zip
PATH=C:/Program Files (x86)/Java/jre7/bin/client;C:/Program Files (x86)/Java/jre7/bin;C:/Program Files (x86)/Java/jre7/lib/i386;C:\Program Files (x86)\NVIDIA Corporation\PhysX\Common;C:\Program Files (x86)\Haskell\bin;C:\Program Files (x86)\Haskell Platform\2013.2.0.0\lib\extralibs\bin;C:\Program Files (x86)\Haskell Platform\2013.2.0.0\bin;C:\Program Files (x86)\Common Files\Microsoft Shared\Windows Live;C:\Windows\system32;C:\Windows;C:\Windows\System32\Wbem;C:\Windows\System32\WindowsPowerShell\v1.0\;C:\Program Files (x86)\ATI Technologies\ATI.ACE\Core-Static;C:\Program Files (x86)\Quest Software\vWorkspace Client\;C:\Program Files (x86)\Microsoft SQL Server\100\Tools\Binn\;C:\Program Files\Microsoft SQL Server\100\Tools\Binn\;C:\Program Files\Microsoft SQL Server\100\DTS\Binn\;C:\Program Files\Microsoft SQL Server\110\Tools\Binn\;C:\Program Files (x86)\QuickTime\QTSystem\;C:\Program Files (x86)\MiKTeX 2.9\miktex\bin\;C:\Program Files (x86)\Haskell Platform\2013.2.0.0\mingw\bin;C:\Program Files (x86)\Windows Kits\8.1\Windows Performance Toolkit\;C:\Program Files\TortoiseSVN\bin;C:\Program Files\Perforce;C:\Users\Seth\AppData\Local\GitHub\PortableGit_ed44d00daa128db527396557813e7b68709ed0e2\bin;C:\Users\Seth\AppData\Local\GitHub\PortableGit_ed44d00daa128db527396557813e7b68709ed0e2\cmd;C:\Program Files (x86)\AMD\ATI.ACE\Core-Static;C:\Program Files\nodejs\;C:\Program Files (x86)\Heroku\bin;C:\Program Files (x86)\git\cmd;C:\Program Files (x86)\Skype\Phone\;C:\Users\Seth\AppData\Local\Programs\Python\Launcher\;C:\Development\maven\bin;C:\Development\Java\jdk7\bin; C:\Python34;C:\Users\Seth\AppData\Roaming\npm;C:\Users\Seth\Desktop\dev\eclipse-java-luna-SR2-win32\eclipse;
USERNAME=Seth
OS=Windows_NT
PROCESSOR_IDENTIFIER=AMD64 Family 16 Model 4 Stepping 2, AuthenticAMD



---------------  S Y S T E M  ---------------

OS: Windows 7 , 64 bit Build 7601 Service Pack 1

CPU:total 4 (4 cores per cpu, 1 threads per core) family 16 model 4 stepping 2, cmov, cx8, fxsr, mmx, sse, sse2, sse3, popcnt, mmxext, 3dnowpref, lzcnt, sse4a, tsc, tscinvbit, tscinv

Memory: 4k page, physical 12581112k(7800004k free), swap 25160372k(20539328k free)

vm_info: Java HotSpot(TM) Client VM (24.51-b03) for windows-x86 JRE (1.7.0_51-b13), built on Dec 18 2013 19:09:58 by "java_re" with unknown MS VC++:1600

time: Wed Apr 22 22:03:47 2015
elapsed time: 84 seconds

