#
# A fatal error has been detected by the Java Runtime Environment:
#
#  EXCEPTION_ACCESS_VIOLATION (0xc0000005) at pc=0x66303abb, pid=5268, tid=6408
#
# JRE version: Java(TM) SE Runtime Environment (7.0_51-b13) (build 1.7.0_51-b13)
# Java VM: Java HotSpot(TM) Client VM (24.51-b03 mixed mode, sharing windows-x86 )
# Problematic frame:
# V  [jvm.dll+0xc3abb]
#
# Failed to write core dump. Minidumps are not enabled by default on client versions of Windows
#
# If you would like to submit a bug report, please visit:
#   http://bugreport.sun.com/bugreport/crash.jsp
#

---------------  T H R E A D  ---------------

Current thread (0x0215c400):  JavaThread "main" [_thread_in_vm, id=6408, stack(0x00450000,0x004a0000)]

siginfo: ExceptionCode=0xc0000005, reading address 0x00000000

Registers:
EAX=0x00000000, EBX=0x346929c0, ECX=0x00000000, EDX=0x346bd2f8
ESP=0x0049f0bc, EBP=0x0049f0d8, ESI=0x0215c530, EDI=0x0215c400
EIP=0x66303abb, EFLAGS=0x00010246

Top of Stack: (sp=0x0049f0bc)
0x0049f0bc:   00000000 0215c530 346929c0 0215c400
0x0049f0cc:   00000000 0020006f 00690066 0049f108
0x0049f0dc:   615300ab 0215c530 00000000 0215c400
0x0049f0ec:   346929c0 346929c0 006c0069 00200064
0x0049f0fc:   006f0070 00000000 00000000 0049f14c
0x0049f10c:   0226a9dd 0215c530 0049f16c 067400a0
0x0049f11c:   0215c400 00000000 0049f15c 012087c7
0x0049f12c:   0049f12c 00000000 0049f16c 346bd2f8 

Instructions: (pc=0x66303abb)
0x66303a9b:   f3 ff 83 c4 08 83 7f 04 00 89 7d f0 c7 45 f4 00
0x66303aab:   00 00 00 74 08 8d 4d f0 e8 98 84 0c 00 8b 45 0c
0x66303abb:   8b 08 8b 51 04 8b 42 40 50 56 e8 36 c9 07 00 83
0x66303acb:   c4 08 83 7d f4 00 89 45 08 74 08 8d 4d f0 e8 b2 


Register to memory mapping:

EAX=0x00000000 is an unknown value
EBX=0x346929c0 is an oop
{method} 
 - klass: {other class}
ECX=0x00000000 is an unknown value
EDX=0x346bd2f8 is an oop
{constant pool cache} 
 - klass: {other class}
                 -------------
  0  (0x346bd308)  [b5|b4|    1]
                 [   0x29bb0548]
                 [   0x00000008]
                 [   0x44000001]
                 -------------
  1  (0x346bd318)  [00|b7|    2]
                 [   0x3468e4c0]
                 [   0x00000000]
                 [   0x30000003]
                 -------------
  2  (0x346bd328)  [00|00|    3]
                 [   0x00000000]
                 [   0x00000000]
                 [   0x00000000]
                 -------------
  3  (0x346bd338)  [00|00|    4]
                 [   0x00000000]
                 [   0x00000000]
                 [   0x00000000]
                 -------------
  4  (0x346bd348)  [00|b7|    5]
                 [   0x3468e640]
                 [   0x00000000]
                 [   0x70000003]
                 -------------
  5  (0x346bd358)  [00|b7|    6]
                 [   0x3468e6c0]
                 [   0x00000000]
                 [   0x70000003]
                 -------------
  6  (0x346bd368)  [00|b7|    7]
                 [   0x3468e740]
                 [   0x00000000]
                 [   0x70000003]
                 -------------
  7  (0x346bd378)  [00|00|    8]
                 [   0x00000000]
                 [   0x00000000]
                 [   0x00000000]
                 -------------
  8  (0x346bd388)  [00|00|    9]
                 [   0x00000000]
                 [   0x00000000]
                 [   0x00000000]
                 -------------
  9  (0x346bd398)  [00|00|   10]
                 [   0x00000000]
                 [   0x00000000]
                 [   0x00000000]
                 -------------
 10  (0x346bd3a8)  [00|00|   11]
                 [   0x00000000]
                 [   0x00000000]
                 [   0x00000000]
                 -------------
 11  (0x346bd3b8)  [00|00|   12]
                 [   0x00000000]
                 [   0x00000000]
                 [   0x00000000]
                 -------------
 12  (0x346bd3c8)  [00|00|   13]
                 [   0x00000000]
                 [   0x00000000]
                 [   0x00000000]
                 -------------
 13  (0x346bd3d8)  [00|00|   14]
                 [   0x00000000]
                 [   0x00000000]
                 [   0x00000000]
                 -------------
 14  (0x346bd3e8)  [00|00|   15]
                 [   0x00000000]
                 [   0x00000000]
                 [   0x00000000]
                 -------------
 15  (0x346bd3f8)  [00|00|   16]
                 [   0x00000000]
                 [   0x00000000]
                 [   0x00000000]
                 -------------
 16  (0x346bd408)  [00|00|   17]
                 [   0x00000000]
                 [   0x00000000]
                 [   0x00000000]
                 -------------
 17  (0x346bd418)  [00|00|   18]
                 [   0x00000000]
                 [   0x00000000]
                 [   0x00000000]
                 -------------
 18  (0x346bd428)  [00|00|   19]
                 [   0x00000000]
                 [   0x00000000]
                 [   0x00000000]
                 -------------
 19  (0x346bd438)  [00|00|   20]
                 [   0x00000000]
                 [   0x00000000]
                 [   0x00000000]
                 -------------
 20  (0x346bd448)  [00|b7|   21]
                 [   0x3468ee40]
                 [   0x00000000]
                 [   0x30000004]
                 -------------
 21  (0x346bd458)  [00|00|   22]
                 [   0x00000000]
                 [   0x00000000]
                 [   0x00000000]
                 -------------
 22  (0x346bd468)  [00|00|   23]
                 [   0x00000000]
                 [   0x00000000]
                 [   0x00000000]
                 -------------
 23  (0x346bd478)  [00|00|   24]
                 [   0x00000000]
                 [   0x00000000]
                 [   0x00000000]
                 -------------
 24  (0x346bd488)  [00|00|   25]
                 [   0x00000000]
                 [   0x00000000]
                 [   0x00000000]
                 -------------
 25  (0x346bd498)  [00|00|   26]
                 [   0x00000000]
                 [   0x00000000]
                 [   0x00000000]
                 -------------
 26  (0x346bd4a8)  [00|00|   27]
                 [   0x00000000]
                 [   0x00000000]
                 [   0x00000000]
                 -------------
 27  (0x346bd4b8)  [00|00|   28]
                 [   0x00000000]
                 [   0x00000000]
                 [   0x00000000]
                 -------------
 28  (0x346bd4c8)  [00|00|   29]
                 [   0x00000000]
                 [   0x00000000]
                 [   0x00000000]
                 -------------
 29  (0x346bd4d8)  [00|00|   30]
                 [   0x00000000]
                 [   0x00000000]
                 [   0x00000000]
                 -------------
 30  (0x346bd4e8)  [00|00|   31]
                 [   0x00000000]
                 [   0x00000000]
                 [   0x00000000]
                 -------------
 31  (0x346bd4f8)  [00|00|   32]
                 [   0x00000000]
                 [   0x00000000]
                 [   0x00000000]
                 -------------
 32  (0x346bd508)  [00|00|   33]
                 [   0x00000000]
                 [   0x00000000]
                 [   0x00000000]
                 -------------
 33  (0x346bd518)  [00|00|   34]
                 [   0x00000000]
                 [   0x00000000]
                 [   0x00000000]
                 -------------
 34  (0x346bd528)  [00|00|   35]
                 [   0x00000000]
                 [   0x00000000]
                 [   0x00000000]
                 -------------
 35  (0x346bd538)  [00|00|   36]
                 [   0x00000000]
                 [   0x00000000]
                 [   0x00000000]
                 -------------
 36  (0x346bd548)  [00|00|   37]
                 [   0x00000000]
                 [   0x00000000]
                 [   0x00000000]
                 -------------
 37  (0x346bd558)  [00|00|   38]
                 [   0x00000000]
                 [   0x00000000]
                 [   0x00000000]
                 -------------
 38  (0x346bd568)  [00|00|   39]
                 [   0x00000000]
                 [   0x00000000]
                 [   0x00000000]
                 -------------
 39  (0x346bd578)  [00|00|   40]
                 [   0x00000000]
                 [   0x00000000]
                 [   0x00000000]
                 -------------
 40  (0x346bd588)  [00|00|   41]
                 [   0x00000000]
                 [   0x00000000]
                 [   0x00000000]
                 -------------
 41  (0x346bd598)  [00|00|   42]
                 [   0x00000000]
                 [   0x00000000]
                 [   0x00000000]
                 -------------
 42  (0x346bd5a8)  [00|00|   43]
                 [   0x00000000]
                 [   0x00000000]
                 [   0x00000000]
                 -------------
 43  (0x346bd5b8)  [00|00|   44]
                 [   0x00000000]
                 [   0x00000000]
                 [   0x00000000]
                 -------------
 44  (0x346bd5c8)  [00|00|   45]
                 [   0x00000000]
                 [   0x00000000]
                 [   0x00000000]
                 -------------
 45  (0x346bd5d8)  [00|00|   46]
                 [   0x00000000]
                 [   0x00000000]
                 [   0x00000000]
                 -------------
 46  (0x346bd5e8)  [00|00|   47]
                 [   0x00000000]
                 [   0x00000000]
                 [   0x00000000]
                 -------------
 47  (0x346bd5f8)  [00|00|   48]
                 [   0x00000000]
                 [   0x00000000]
                 [   0x00000000]
                 -------------
 48  (0x346bd608)  [00|00|   49]
                 [   0x00000000]
                 [   0x00000000]
                 [   0x00000000]
                 -------------
 49  (0x346bd618)  [00|00|   50]
                 [   0x00000000]
                 [   0x00000000]
                 [   0x00000000]
                 -------------
 50  (0x346bd628)  [00|00|   51]
                 [   0x00000000]
                 [   0x00000000]
                 [   0x00000000]
                 -------------
 51  (0x346bd638)  [00|00|   52]
                 [   0x00000000]
                 [   0x00000000]
                 [   0x00000000]
                 -------------
 52  (0x346bd648)  [00|00|   53]
                 [   0x00000000]
                 [   0x00000000]
                 [   0x00000000]
                 -------------
 53  (0x346bd658)  [00|00|   54]
                 [   0x00000000]
                 [   0x00000000]
                 [   0x00000000]
                 -------------
 54  (0x346bd668)  [00|00|   55]
                 [   0x00000000]
                 [   0x00000000]
                 [   0x00000000]
                 -------------
 55  (0x346bd678)  [00|00|   56]
                 [   0x00000000]
                 [   0x00000000]
                 [   0x00000000]
                 -------------
 56  (0x346bd688)  [00|00|   57]
                 [   0x00000000]
                 [   0x00000000]
                 [   0x00000000]
                 -------------
 57  (0x346bd698)  [00|00|   58]
                 [   0x00000000]
                 [   0x00000000]
                 [   0x00000000]
                 -------------
 58  (0x346bd6a8)  [00|00|   59]
                 [   0x00000000]
                 [   0x00000000]
                 [   0x00000000]
                 -------------
 59  (0x346bd6b8)  [00|00|   60]
                 [   0x00000000]
                 [   0x00000000]
                 [   0x00000000]
                 -------------
 60  (0x346bd6c8)  [00|00|   61]
                 [   0x00000000]
                 [   0x00000000]
                 [   0x00000000]
                 -------------
 61  (0x346bd6d8)  [00|00|   62]
                 [   0x00000000]
                 [   0x00000000]
                 [   0x00000000]
                 -------------
 62  (0x346bd6e8)  [00|00|   63]
                 [   0x00000000]
                 [   0x00000000]
                 [   0x00000000]
                 -------------
 63  (0x346bd6f8)  [00|00|   64]
                 [   0x00000000]
                 [   0x00000000]
                 [   0x00000000]
                 -------------
 64  (0x346bd708)  [00|00|   65]
                 [   0x00000000]
                 [   0x00000000]
                 [   0x00000000]
                 -------------
 65  (0x346bd718)  [00|00|   66]
                 [   0x00000000]
                 [   0x00000000]
                 [   0x00000000]
                 -------------
 66  (0x346bd728)  [00|00|   67]
                 [   0x00000000]
                 [   0x00000000]
                 [   0x00000000]
                 -------------
 67  (0x346bd738)  [00|00|   68]
                 [   0x00000000]
                 [   0x00000000]
                 [   0x00000000]
                 -------------
 68  (0x346bd748)  [00|00|   69]
                 [   0x00000000]
                 [   0x00000000]
                 [   0x00000000]
                 -------------
 69  (0x346bd758)  [00|00|   70]
                 [   0x00000000]
                 [   0x00000000]
                 [   0x00000000]
                 -------------
 70  (0x346bd768)  [00|00|   71]
                 [   0x00000000]
                 [   0x00000000]
                 [   0x00000000]
                 -------------
 71  (0x346bd778)  [00|00|   72]
                 [   0x00000000]
                 [   0x00000000]
                 [   0x00000000]
                 -------------
 72  (0x346bd788)  [00|00|   73]
                 [   0x00000000]
                 [   0x00000000]
                 [   0x00000000]
                 -------------
 73  (0x346bd798)  [00|00|   74]
                 [   0x00000000]
                 [   0x00000000]
                 [   0x00000000]
                 -------------
 74  (0x346bd7a8)  [00|00|   75]
                 [   0x00000000]
                 [   0x00000000]
                 [   0x00000000]
                 -------------
 75  (0x346bd7b8)  [00|00|   76]
                 [   0x00000000]
                 [   0x00000000]
                 [   0x00000000]
                 -------------
 76  (0x346bd7c8)  [00|00|   77]
                 [   0x00000000]
                 [   0x00000000]
                 [   0x00000000]
                 -------------
 77  (0x346bd7d8)  [00|00|   78]
                 [   0x00000000]
                 [   0x00000000]
                 [   0x00000000]
                 -------------
 78  (0x346bd7e8)  [00|00|   79]
                 [   0x00000000]
                 [   0x00000000]
                 [   0x00000000]
                 -------------
 79  (0x346bd7f8)  [00|00|   80]
                 [   0x00000000]
                 [   0x00000000]
                 [   0x00000000]
                 -------------
 80  (0x346bd808)  [00|00|   81]
                 [   0x00000000]
                 [   0x00000000]
                 [   0x00000000]
                 -------------
 81  (0x346bd818)  [00|00|   82]
                 [   0x00000000]
                 [   0x00000000]
                 [   0x00000000]
                 -------------
 82  (0x346bd828)  [00|00|   83]
                 [   0x00000000]
                 [   0x00000000]
                 [   0x00000000]
                 -------------
 83  (0x346bd838)  [00|00|   84]
                 [   0x00000000]
                 [   0x00000000]
                 [   0x00000000]
                 -------------
 84  (0x346bd848)  [00|00|   85]
                 [   0x00000000]
                 [   0x00000000]
                 [   0x00000000]
                 -------------
 85  (0x346bd858)  [00|00|   86]
                 [   0x00000000]
                 [   0x00000000]
                 [   0x00000000]
                 -------------
 86  (0x346bd868)  [00|00|   87]
                 [   0x00000000]
                 [   0x00000000]
                 [   0x00000000]
                 -------------
 87  (0x346bd878)  [00|00|   88]
                 [   0x00000000]
                 [   0x00000000]
                 [   0x00000000]
                 -------------
 88  (0x346bd888)  [00|00|   89]
                 [   0x00000000]
                 [   0x00000000]
                 [   0x00000000]
                 -------------
 89  (0x346bd898)  [00|00|   90]
                 [   0x00000000]
                 [   0x00000000]
                 [   0x00000000]
                 -------------
 90  (0x346bd8a8)  [00|00|   91]
                 [   0x00000000]
                 [   0x00000000]
                 [   0x00000000]
                 -------------
 91  (0x346bd8b8)  [00|00|   92]
                 [   0x00000000]
                 [   0x00000000]
                 [   0x00000000]
                 -------------
 92  (0x346bd8c8)  [00|00|   93]
                 [   0x00000000]
                 [   0x00000000]
                 [   0x00000000]
                 -------------
 93  (0x346bd8d8)  [00|00|   94]
                 [   0x00000000]
                 [   0x00000000]
                 [   0x00000000]
                 -------------
 94  (0x346bd8e8)  [00|00|   95]
                 [   0x00000000]
                 [   0x00000000]
                 [   0x00000000]
                 -------------
 95  (0x346bd8f8)  [00|00|   96]
                 [   0x00000000]
                 [   0x00000000]
                 [   0x00000000]
                 -------------
 96  (0x346bd908)  [00|00|   97]
                 [   0x00000000]
                 [   0x00000000]
                 [   0x00000000]
                 -------------
 97  (0x346bd918)  [00|00|   98]
                 [   0x00000000]
                 [   0x00000000]
                 [   0x00000000]
                 -------------
 98  (0x346bd928)  [00|00|   99]
                 [   0x00000000]
                 [   0x00000000]
                 [   0x00000000]
                 -------------
 99  (0x346bd938)  [00|00|  100]
                 [   0x00000000]
                 [   0x00000000]
                 [   0x00000000]
                 -------------
100  (0x346bd948)  [00|00|  101]
                 [   0x00000000]
                 [   0x00000000]
                 [   0x00000000]
                 -------------
101  (0x346bd958)  [00|00|  102]
                 [   0x00000000]
                 [   0x00000000]
                 [   0x00000000]
                 -------------
102  (0x346bd968)  [00|b7|  103]
                 [   0x34691740]
                 [   0x00000000]
                 [   0x00000003]
                 -------------
103  (0x346bd978)  [00|00|  104]
                 [   0x00000000]
                 [   0x00000000]
                 [   0x00000000]
                 -------------
104  (0x346bd988)  [00|00|  105]
                 [   0x00000000]
                 [   0x00000000]
                 [   0x00000000]
                 -------------
105  (0x346bd998)  [00|00|  106]
                 [   0x00000000]
                 [   0x00000000]
                 [   0x00000000]
                 -------------
106  (0x346bd9a8)  [00|00|  107]
                 [   0x00000000]
                 [   0x00000000]
                 [   0x00000000]
                 -------------
107  (0x346bd9b8)  [00|00|  108]
                 [   0x00000000]
                 [   0x00000000]
                 [   0x00000000]
                 -------------
108  (0x346bd9c8)  [00|00|  109]
                 [   0x00000000]
                 [   0x00000000]
                 [   0x00000000]
                 -------------
109  (0x346bd9d8)  [00|00|  110]
                 [   0x00000000]
                 [   0x00000000]
                 [   0x00000000]
                 -------------
110  (0x346bd9e8)  [00|00|  111]
                 [   0x00000000]
                 [   0x00000000]
                 [   0x00000000]
                 -------------
111  (0x346bd9f8)  [00|00|  112]
                 [   0x00000000]
                 [   0x00000000]
                 [   0x00000000]
                 -------------
112  (0x346bda08)  [00|00|  113]
                 [   0x00000000]
                 [   0x00000000]
                 [   0x00000000]
                 -------------
113  (0x346bda18)  [00|00|  114]
                 [   0x00000000]
                 [   0x00000000]
                 [   0x00000000]
                 -------------
114  (0x346bda28)  [00|00|  115]
                 [   0x00000000]
                 [   0x00000000]
                 [   0x00000000]
                 -------------
115  (0x346bda38)  [00|00|  116]
                 [   0x00000000]
                 [   0x00000000]
                 [   0x00000000]
                 -------------
116  (0x346bda48)  [00|00|  117]
                 [   0x00000000]
                 [   0x00000000]
                 [   0x00000000]
                 -------------
117  (0x346bda58)  [00|00|  118]
                 [   0x00000000]
                 [   0x00000000]
                 [   0x00000000]
                 -------------
118  (0x346bda68)  [00|00|  119]
                 [   0x00000000]
                 [   0x00000000]
                 [   0x00000000]
                 -------------
119  (0x346bda78)  [00|00|  120]
                 [   0x00000000]
                 [   0x00000000]
                 [   0x00000000]
                 -------------
120  (0x346bda88)  [00|00|  121]
                 [   0x00000000]
                 [   0x00000000]
                 [   0x00000000]
                 -------------
121  (0x346bda98)  [00|00|  122]
                 [   0x00000000]
                 [   0x00000000]
                 [   0x00000000]
                 -------------
122  (0x346bdaa8)  [00|00|  123]
                 [   0x00000000]
                 [   0x00000000]
                 [   0x00000000]
                 -------------
123  (0x346bdab8)  [00|00|  124]
                 [   0x00000000]
                 [   0x00000000]
                 [   0x00000000]
                 -------------
124  (0x346bdac8)  [00|00|  125]
                 [   0x00000000]
                 [   0x00000000]
                 [   0x00000000]
                 -------------
125  (0x346bdad8)  [00|00|  126]
                 [   0x00000000]
                 [   0x00000000]
                 [   0x00000000]
                 -------------
126  (0x346bdae8)  [00|00|  127]
                 [   0x00000000]
                 [   0x00000000]
                 [   0x00000000]
                 -------------
127  (0x346bdaf8)  [00|00|  128]
                 [   0x00000000]
                 [   0x00000000]
                 [   0x00000000]
                 -------------
128  (0x346bdb08)  [00|00|  129]
                 [   0x00000000]
                 [   0x00000000]
                 [   0x00000000]
                 -------------
129  (0x346bdb18)  [00|00|  130]
                 [   0x00000000]
                 [   0x00000000]
                 [   0x00000000]
                 -------------
130  (0x346bdb28)  [00|00|  131]
                 [   0x00000000]
                 [   0x00000000]
                 [   0x00000000]
                 -------------
131  (0x346bdb38)  [00|00|  132]
                 [   0x00000000]
                 [   0x00000000]
                 [   0x00000000]
                 -------------
132  (0x346bdb48)  [00|00|  133]
                 [   0x00000000]
                 [   0x00000000]
                 [   0x00000000]
                 -------------
133  (0x346bdb58)  [00|00|  134]
                 [   0x00000000]
                 [   0x00000000]
                 [   0x00000000]
                 -------------
134  (0x346bdb68)  [00|00|  135]
                 [   0x00000000]
                 [   0x00000000]
                 [   0x00000000]
                 -------------
135  (0x346bdb78)  [00|00|  136]
                 [   0x00000000]
                 [   0x00000000]
                 [   0x00000000]
                 -------------
136  (0x346bdb88)  [00|00|  137]
                 [   0x00000000]
                 [   0x00000000]
                 [   0x00000000]
                 -------------
137  (0x346bdb98)  [00|00|  138]
                 [   0x00000000]
                 [   0x00000000]
                 [   0x00000000]
                 -------------
138  (0x346bdba8)  [00|00|  139]
                 [   0x00000000]
                 [   0x00000000]
                 [   0x00000000]
                 -------------
139  (0x346bdbb8)  [00|00|  140]
                 [   0x00000000]
                 [   0x00000000]
                 [   0x00000000]
                 -------------
140  (0x346bdbc8)  [00|00|  141]
                 [   0x00000000]
                 [   0x00000000]
                 [   0x00000000]
                 -------------
141  (0x346bdbd8)  [00|b7|  142]
                 [   0x34692ac0]
                 [   0x00000000]
                 [   0x00000004]
                 -------------
142  (0x346bdbe8)  [00|00|  143]
                 [   0x00000000]
                 [   0x00000000]
                 [   0x00000000]
                 -------------
143  (0x346bdbf8)  [00|00|  144]
                 [   0x00000000]
                 [   0x00000000]
                 [   0x00000000]
                 -------------
144  (0x346bdc08)  [00|00|  145]
                 [   0x00000000]
                 [   0x00000000]
                 [   0x00000000]
                 -------------
145  (0x346bdc18)  [00|00|  146]
                 [   0x00000000]
                 [   0x00000000]
                 [   0x00000000]
                 -------------
146  (0x346bdc28)  [00|00|  147]
                 [   0x00000000]
                 [   0x00000000]
                 [   0x00000000]
                 -------------
147  (0x346bdc38)  [00|b7|  148]
                 [   0x34692dc0]
                 [   0x00000000]
                 [   0x00000004]
                 -------------
148  (0x346bdc48)  [00|00|  149]
                 [   0x00000000]
                 [   0x00000000]
                 [   0x00000000]
                 -------------
149  (0x346bdc58)  [00|00|  150]
                 [   0x00000000]
                 [   0x00000000]
                 [   0x00000000]
                 -------------
150  (0x346bdc68)  [00|00|  151]
                 [   0x00000000]
                 [   0x00000000]
                 [   0x00000000]
                 -------------
151  (0x346bdc78)  [00|00|  152]
                 [   0x00000000]
                 [   0x00000000]
                 [   0x00000000]
                 -------------
152  (0x346bdc88)  [00|00|  153]
                 [   0x00000000]
                 [   0x00000000]
                 [   0x00000000]
                 -------------
153  (0x346bdc98)  [00|00|  154]
                 [   0x00000000]
                 [   0x00000000]
                 [   0x00000000]
                 -------------
154  (0x346bdca8)  [00|00|  155]
                 [   0x00000000]
                 [   0x00000000]
                 [   0x00000000]
                 -------------
155  (0x346bdcb8)  [00|00|  156]
                 [   0x00000000]
                 [   0x00000000]
                 [   0x00000000]
                 -------------
156  (0x346bdcc8)  [00|00|  157]
                 [   0x00000000]
                 [   0x00000000]
                 [   0x00000000]
                 -------------
157  (0x346bdcd8)  [00|00|  158]
                 [   0x00000000]
                 [   0x00000000]
                 [   0x00000000]
                 -------------
158  (0x346bdce8)  [00|b7|  159]
                 [   0x34693340]
                 [   0x00000000]
                 [   0x00000005]
                 -------------
159  (0x346bdcf8)  [00|00|  160]
                 [   0x00000000]
                 [   0x00000000]
                 [   0x00000000]
                 -------------
160  (0x346bdd08)  [00|00|  161]
                 [   0x00000000]
                 [   0x00000000]
                 [   0x00000000]
                 -------------
161  (0x346bdd18)  [00|00|  162]
                 [   0x00000000]
                 [   0x00000000]
                 [   0x00000000]
                 -------------
162  (0x346bdd28)  [00|00|  163]
                 [   0x00000000]
                 [   0x00000000]
                 [   0x00000000]
                 -------------
163  (0x346bdd38)  [00|00|  164]
                 [   0x00000000]
                 [   0x00000000]
                 [   0x00000000]
                 -------------
164  (0x346bdd48)  [00|00|  165]
                 [   0x00000000]
                 [   0x00000000]
                 [   0x00000000]
                 -------------
165  (0x346bdd58)  [00|00|  166]
                 [   0x00000000]
                 [   0x00000000]
                 [   0x00000000]
                 -------------
166  (0x346bdd68)  [00|00|  167]
                 [   0x00000000]
                 [   0x00000000]
                 [   0x00000000]
                 -------------
167  (0x346bdd78)  [00|00|  168]
                 [   0x00000000]
                 [   0x00000000]
                 [   0x00000000]
                 -------------
168  (0x346bdd88)  [00|00|  169]
                 [   0x00000000]
                 [   0x00000000]
                 [   0x00000000]
                 -------------
169  (0x346bdd98)  [00|00|  170]
                 [   0x00000000]
                 [   0x00000000]
                 [   0x00000000]
                 -------------
170  (0x346bdda8)  [00|00|  171]
                 [   0x00000000]
                 [   0x00000000]
                 [   0x00000000]
                 -------------
171  (0x346bddb8)  [00|00|  172]
                 [   0x00000000]
                 [   0x00000000]
                 [   0x00000000]
                 -------------
172  (0x346bddc8)  [00|00|  173]
                 [   0x00000000]
                 [   0x00000000]
                 [   0x00000000]
                 -------------
173  (0x346bddd8)  [00|00|  174]
                 [   0x00000000]
                 [   0x00000000]
                 [   0x00000000]
                 -------------
174  (0x346bdde8)  [00|00|  175]
                 [   0x00000000]
                 [   0x00000000]
                 [   0x00000000]
                 -------------
175  (0x346bddf8)  [00|00|  176]
                 [   0x00000000]
                 [   0x00000000]
                 [   0x00000000]
                 -------------
176  (0x346bde08)  [00|00|  177]
                 [   0x00000000]
                 [   0x00000000]
                 [   0x00000000]
                 -------------
177  (0x346bde18)  [00|00|  178]
                 [   0x00000000]
                 [   0x00000000]
                 [   0x00000000]
                 -------------
178  (0x346bde28)  [00|00|  179]
                 [   0x00000000]
                 [   0x00000000]
                 [   0x00000000]
                 -------------
179  (0x346bde38)  [00|00|  180]
                 [   0x00000000]
                 [   0x00000000]
                 [   0x00000000]
                 -------------
180  (0x346bde48)  [00|00|  181]
                 [   0x00000000]
                 [   0x00000000]
                 [   0x00000000]
                 -------------
181  (0x346bde58)  [00|00|  182]
                 [   0x00000000]
                 [   0x00000000]
                 [   0x00000000]
                 -------------
182  (0x346bde68)  [00|00|  183]
                 [   0x00000000]
                 [   0x00000000]
                 [   0x00000000]
                 -------------
183  (0x346bde78)  [00|00|  184]
                 [   0x00000000]
                 [   0x00000000]
                 [   0x00000000]
                 -------------
184  (0x346bde88)  [00|00|  185]
                 [   0x00000000]
                 [   0x00000000]
                 [   0x00000000]
                 -------------
185  (0x346bde98)  [00|00|  186]
                 [   0x00000000]
                 [   0x00000000]
                 [   0x00000000]
                 -------------
186  (0x346bdea8)  [00|00|  187]
                 [   0x00000000]
                 [   0x00000000]
                 [   0x00000000]
                 -------------
187  (0x346bdeb8)  [00|00|  188]
                 [   0x00000000]
                 [   0x00000000]
                 [   0x00000000]
                 -------------
188  (0x346bdec8)  [00|00|  189]
                 [   0x00000000]
                 [   0x00000000]
                 [   0x00000000]
                 -------------
189  (0x346bded8)  [00|00|  190]
                 [   0x00000000]
                 [   0x00000000]
                 [   0x00000000]
                 -------------
190  (0x346bdee8)  [00|00|  191]
                 [   0x00000000]
                 [   0x00000000]
                 [   0x00000000]
                 -------------
191  (0x346bdef8)  [00|00|  192]
                 [   0x00000000]
                 [   0x00000000]
                 [   0x00000000]
                 -------------
192  (0x346bdf08)  [00|00|  193]
                 [   0x00000000]
                 [   0x00000000]
                 [   0x00000000]
                 -------------
193  (0x346bdf18)  [00|00|  194]
                 [   0x00000000]
                 [   0x00000000]
                 [   0x00000000]
                 -------------
194  (0x346bdf28)  [00|b7|  195]
                 [   0x346946b8]
                 [   0x00000000]
                 [   0x80000001]
                 -------------
195  (0x346bdf38)  [b3|b2|  196]
                 [   0x29bb0548]
                 [   0x00000070]
                 [   0x74000000]
                 -------------
196  (0x346bdf48)  [00|b8|  197]
                 [   0x3909af60]
                 [   0x00000000]
                 [   0x70400002]
                 -------------
197  (0x346bdf58)  [00|b9|  198]
                 [   0x3907a6f8]
                 [   0x00000002]
                 [   0x70000002]
                 -------------
198  (0x346bdf68)  [00|b7|  200]
                 [   0x3468e378]
                 [   0x00000000]
                 [   0x80000003]
                 -------------
199  (0x346bdf78)  [00|b9|  201]
                 [   0x3907a6f8]
                 [   0x00000006]
                 [   0x70000003]
                 -------------
200  (0x346bdf88)  [00|b7|  203]
                 [   0x390a16a8]
                 [   0x00000000]
                 [   0x80000001]
                 -------------
ESP=0x0049f0bc is pointing into the stack for thread: 0x0215c400
EBP=0x0049f0d8 is pointing into the stack for thread: 0x0215c400
ESI=0x0215c530 is an unknown value
EDI=0x0215c400 is a thread


Stack: [0x00450000,0x004a0000],  sp=0x0049f0bc,  free space=316k
Native frames: (J=compiled Java code, j=interpreted, Vv=VM code, C=native code)
V  [jvm.dll+0xc3abb]
C  [bwapi_bridge1_2.dll+0x100ab]
j  bwapi.Unit.build_native(JLbwapi/TilePosition;Lbwapi/UnitType;)Z+0
J  CannonRush.strategy(Lbwapi/Unit;Lbwapi/Player;)V
V  [jvm.dll+0x13f35a]
V  [jvm.dll+0x202c6e]
V  [jvm.dll+0x13f3dd]
V  [jvm.dll+0xc9bc2]
V  [jvm.dll+0xcd813]
C  [bwapi_bridge1_2.dll+0x107a]
C  [bwapi_bridge1_2.dll+0x2828f]
j  bwapi.Mirror.startGame()V+0
j  GameController.run()V+15
j  GameController.main([Ljava/lang/String;)V+7
v  ~StubRoutines::call_stub
V  [jvm.dll+0x13f35a]
V  [jvm.dll+0x202c6e]
V  [jvm.dll+0x13f3dd]
V  [jvm.dll+0xc9945]
V  [jvm.dll+0xd45e7]
C  [javaw.exe+0x2070]
C  [javaw.exe+0xa5b1]
C  [javaw.exe+0xa63b]
C  [kernel32.dll+0x1336a]
C  [ntdll.dll+0x392b2]
C  [ntdll.dll+0x39285]

Java frames: (J=compiled Java code, j=interpreted, Vv=VM code)
j  bwapi.Unit.build_native(JLbwapi/TilePosition;Lbwapi/UnitType;)Z+0
J  CannonRush.strategy(Lbwapi/Unit;Lbwapi/Player;)V
J  GameController.onFrame()V
J  bwapi.AIModule.onFrame()V
v  ~StubRoutines::call_stub
j  bwapi.Mirror.startGame()V+0
j  GameController.run()V+15
j  GameController.main([Ljava/lang/String;)V+7
v  ~StubRoutines::call_stub

---------------  P R O C E S S  ---------------

Java Threads: ( => current thread )
  0x020d6800 JavaThread "Service Thread" daemon [_thread_blocked, id=6372, stack(0x04860000,0x048b0000)]
  0x020d1800 JavaThread "C1 CompilerThread0" daemon [_thread_blocked, id=7456, stack(0x04940000,0x04990000)]
  0x020ce400 JavaThread "Attach Listener" daemon [_thread_blocked, id=7540, stack(0x047f0000,0x04840000)]
  0x020cb400 JavaThread "Signal Dispatcher" daemon [_thread_blocked, id=7620, stack(0x04600000,0x04650000)]
  0x02063400 JavaThread "Finalizer" daemon [_thread_blocked, id=6444, stack(0x04700000,0x04750000)]
  0x0205e000 JavaThread "Reference Handler" daemon [_thread_blocked, id=5196, stack(0x044e0000,0x04530000)]
=>0x0215c400 JavaThread "main" [_thread_in_vm, id=6408, stack(0x00450000,0x004a0000)]

Other Threads:
  0x0205c000 VMThread [stack: 0x04420000,0x04470000] [id=2608]
  0x020ea000 WatcherThread [stack: 0x01c10000,0x01c60000] [id=2540]

VM state:not at safepoint (normal execution)

VM Mutex/Monitor currently owned by a thread: None

Heap
 def new generation   total 4928K, used 1286K [0x24660000, 0x24bb0000, 0x29bb0000)
  eden space 4416K,  29% used [0x24660000, 0x247a1150, 0x24ab0000)
  from space 512K,   0% used [0x24ab0000, 0x24ab0910, 0x24b30000)
  to   space 512K,   0% used [0x24b30000, 0x24b30000, 0x24bb0000)
 tenured generation   total 10944K, used 240K [0x29bb0000, 0x2a660000, 0x34660000)
   the space 10944K,   2% used [0x29bb0000, 0x29bec080, 0x29bec200, 0x2a660000)
 compacting perm gen  total 12288K, used 412K [0x34660000, 0x35260000, 0x38660000)
   the space 12288K,   3% used [0x34660000, 0x346c70c0, 0x346c7200, 0x35260000)
    ro space 10240K,  41% used [0x38660000, 0x38a92050, 0x38a92200, 0x39060000)
    rw space 12288K,  52% used [0x39060000, 0x396a6800, 0x396a6800, 0x39c60000)

Card table byte_map: [0x042e0000,0x04390000] byte_map_base: 0x041bcd00

Polling page: 0x00240000

Code Cache  [0x02260000, 0x02318000, 0x04260000)
 total_blobs=253 nmethods=116 adapters=74 free_code_cache=32049Kb largest_free_block=32819008

Compilation events (10 events):
Event: 24.634 Thread 0x020d1800  111             java.util.HashMap$Entry::<init> (26 bytes)
Event: 24.634 Thread 0x020d1800 nmethod 111 0x02310e08 code [0x02310f00, 0x02310fc0]
Event: 25.211 Thread 0x020d1800  112             bwapi.Position::hashCode (17 bytes)
Event: 25.211 Thread 0x020d1800 nmethod 112 0x02311008 code [0x02311100, 0x02311190]
Event: 25.315 Thread 0x020d1800  113             bwapi.TilePosition::getY (5 bytes)
Event: 25.315 Thread 0x020d1800 nmethod 113 0x023111c8 code [0x023112c0, 0x02311340]
Event: 25.316 Thread 0x020d1800  114             bwapi.Game::canBuildHere (14 bytes)
Event: 25.316 Thread 0x020d1800 nmethod 114 0x02311688 code [0x02311780, 0x0231183c]
Event: 25.416 Thread 0x020d1800  116 %           CannonRush::getBuildTile @ 145 (432 bytes)
Event: 25.421 Thread 0x020d1800 nmethod 116% 0x023118c8 code [0x02311b90, 0x02312750]

GC Heap History (4 events):
Event: 17.779 GC heap before
{Heap before GC invocations=0 (full 0):
 def new generation   total 4928K, used 4416K [0x24660000, 0x24bb0000, 0x29bb0000)
  eden space 4416K, 100% used [0x24660000, 0x24ab0000, 0x24ab0000)
  from space 512K,   0% used [0x24ab0000, 0x24ab0000, 0x24b30000)
  to   space 512K,   0% used [0x24b30000, 0x24b30000, 0x24bb0000)
 tenured generation   total 10944K, used 0K [0x29bb0000, 0x2a660000, 0x34660000)
   the space 10944K,   0% used [0x29bb0000, 0x29bb0000, 0x29bb0200, 0x2a660000)
 compacting perm gen  total 12288K, used 412K [0x34660000, 0x35260000, 0x38660000)
   the space 12288K,   3% used [0x34660000, 0x346c7090, 0x346c7200, 0x35260000)
    ro space 10240K,  41% used [0x38660000, 0x38a92050, 0x38a92200, 0x39060000)
    rw space 12288K,  52% used [0x39060000, 0x396a6800, 0x396a6800, 0x39c60000)
Event: 17.782 GC heap after
Heap after GC invocations=1 (full 0):
 def new generation   total 4928K, used 376K [0x24660000, 0x24bb0000, 0x29bb0000)
  eden space 4416K,   0% used [0x24660000, 0x24660000, 0x24ab0000)
  from space 512K,  73% used [0x24b30000, 0x24b8e180, 0x24bb0000)
  to   space 512K,   0% used [0x24ab0000, 0x24ab0000, 0x24b30000)
 tenured generation   total 10944K, used 0K [0x29bb0000, 0x2a660000, 0x34660000)
   the space 10944K,   0% used [0x29bb0000, 0x29bb0000, 0x29bb0200, 0x2a660000)
 compacting perm gen  total 12288K, used 412K [0x34660000, 0x35260000, 0x38660000)
   the space 12288K,   3% used [0x34660000, 0x346c7090, 0x346c7200, 0x35260000)
    ro space 10240K,  41% used [0x38660000, 0x38a92050, 0x38a92200, 0x39060000)
    rw space 12288K,  52% used [0x39060000, 0x396a6800, 0x396a6800, 0x39c60000)
}
Event: 25.118 GC heap before
{Heap before GC invocations=1 (full 0):
 def new generation   total 4928K, used 4792K [0x24660000, 0x24bb0000, 0x29bb0000)
  eden space 4416K, 100% used [0x24660000, 0x24ab0000, 0x24ab0000)
  from space 512K,  73% used [0x24b30000, 0x24b8e180, 0x24bb0000)
  to   space 512K,   0% used [0x24ab0000, 0x24ab0000, 0x24b30000)
 tenured generation   total 10944K, used 0K [0x29bb0000, 0x2a660000, 0x34660000)
   the space 10944K,   0% used [0x29bb0000, 0x29bb0000, 0x29bb0200, 0x2a660000)
 compacting perm gen  total 12288K, used 412K [0x34660000, 0x35260000, 0x38660000)
   the space 12288K,   3% used [0x34660000, 0x346c70c0, 0x346c7200, 0x35260000)
    ro space 10240K,  41% used [0x38660000, 0x38a92050, 0x38a92200, 0x39060000)
    rw space 12288K,  52% used [0x39060000, 0x396a6800, 0x396a6800, 0x39c60000)
Event: 25.120 GC heap after
Heap after GC invocations=2 (full 0):
 def new generation   total 4928K, used 2K [0x24660000, 0x24bb0000, 0x29bb0000)
  eden space 4416K,   0% used [0x24660000, 0x24660000, 0x24ab0000)
  from space 512K,   0% used [0x24ab0000, 0x24ab0910, 0x24b30000)
  to   space 512K,   0% used [0x24b30000, 0x24b30000, 0x24bb0000)
 tenured generation   total 10944K, used 240K [0x29bb0000, 0x2a660000, 0x34660000)
   the space 10944K,   2% used [0x29bb0000, 0x29bec080, 0x29bec200, 0x2a660000)
 compacting perm gen  total 12288K, used 412K [0x34660000, 0x35260000, 0x38660000)
   the space 12288K,   3% used [0x34660000, 0x346c70c0, 0x346c7200, 0x35260000)
    ro space 10240K,  41% used [0x38660000, 0x38a92050, 0x38a92200, 0x39060000)
    rw space 12288K,  52% used [0x39060000, 0x396a6800, 0x396a6800, 0x39c60000)
}

Deoptimization events (0 events):
No events

Internal exceptions (10 events):
Event: 0.172 Thread 0x0215c400 Threw 0x2470a858 at C:\re\jdk7u51\527\hotspot\src\share\vm\prims\jvm.cpp:1244
Event: 0.175 Thread 0x0215c400 Threw 0x24710220 at C:\re\jdk7u51\527\hotspot\src\share\vm\prims\jvm.cpp:1244
Event: 0.177 Thread 0x0215c400 Threw 0x24714860 at C:\re\jdk7u51\527\hotspot\src\share\vm\prims\jvm.cpp:1244
Event: 0.183 Thread 0x0215c400 Threw 0x2471c580 at C:\re\jdk7u51\527\hotspot\src\share\vm\prims\jvm.cpp:1244
Event: 0.186 Thread 0x0215c400 Threw 0x24722b58 at C:\re\jdk7u51\527\hotspot\src\share\vm\prims\jvm.cpp:1244
Event: 0.276 Thread 0x0215c400 Threw 0x2472b700 at C:\re\jdk7u51\527\hotspot\src\share\vm\prims\jvm.cpp:1244
Event: 0.282 Thread 0x0215c400 Threw 0x24730388 at C:\re\jdk7u51\527\hotspot\src\share\vm\prims\jvm.cpp:1244
Event: 10.380 Thread 0x0215c400 Threw 0x247455b8 at C:\re\jdk7u51\527\hotspot\src\share\vm\prims\jvm.cpp:1244
Event: 10.383 Thread 0x0215c400 Threw 0x2474bdc8 at C:\re\jdk7u51\527\hotspot\src\share\vm\prims\jvm.cpp:1244
Event: 11.612 Thread 0x0215c400 Threw 0x24773d58 at C:\re\jdk7u51\527\hotspot\src\share\vm\prims\jvm.cpp:1244

Events (10 events):
Event: 17.783 Executing VM operation: RevokeBias
Event: 17.783 Executing VM operation: RevokeBias done
Event: 17.783 Executing VM operation: RevokeBias
Event: 17.783 Executing VM operation: RevokeBias done
Event: 17.783 Executing VM operation: RevokeBias
Event: 17.783 Executing VM operation: RevokeBias done
Event: 17.783 Executing VM operation: RevokeBias
Event: 17.783 Executing VM operation: RevokeBias done
Event: 25.118 Executing VM operation: GenCollectForAllocation
Event: 25.120 Executing VM operation: GenCollectForAllocation done


Dynamic libraries:
0x00260000 - 0x0028f000 	C:\Program Files (x86)\Java\jre7\bin\javaw.exe
0x772d0000 - 0x77450000 	C:\Windows\SysWOW64\ntdll.dll
0x74d10000 - 0x74e20000 	C:\Windows\syswow64\kernel32.dll
0x74cc0000 - 0x74d07000 	C:\Windows\syswow64\KERNELBASE.dll
0x757e0000 - 0x75880000 	C:\Windows\syswow64\ADVAPI32.dll
0x75450000 - 0x754fc000 	C:\Windows\syswow64\msvcrt.dll
0x75c40000 - 0x75c59000 	C:\Windows\SysWOW64\sechost.dll
0x75ac0000 - 0x75bb0000 	C:\Windows\syswow64\RPCRT4.dll
0x74c60000 - 0x74cc0000 	C:\Windows\syswow64\SspiCli.dll
0x74c50000 - 0x74c5c000 	C:\Windows\syswow64\CRYPTBASE.dll
0x76bf0000 - 0x76cf0000 	C:\Windows\syswow64\USER32.dll
0x752d0000 - 0x75360000 	C:\Windows\syswow64\GDI32.dll
0x75bc0000 - 0x75bca000 	C:\Windows\syswow64\LPK.dll
0x755f0000 - 0x7568d000 	C:\Windows\syswow64\USP10.dll
0x72550000 - 0x726ee000 	C:\Windows\WinSxS\x86_microsoft.windows.common-controls_6595b64144ccf1df_6.0.7601.17514_none_41e6975e2bd6f2b2\COMCTL32.dll
0x75030000 - 0x75087000 	C:\Windows\syswow64\SHLWAPI.dll
0x75bd0000 - 0x75c30000 	C:\Windows\system32\IMM32.DLL
0x75500000 - 0x755cc000 	C:\Windows\syswow64\MSCTF.dll
0x638c0000 - 0x6397f000 	C:\Program Files (x86)\Java\jre7\bin\msvcr100.dll
0x66240000 - 0x665c0000 	C:\Program Files (x86)\Java\jre7\bin\client\jvm.dll
0x6d930000 - 0x6d937000 	C:\Windows\system32\WSOCK32.dll
0x76ba0000 - 0x76bd5000 	C:\Windows\syswow64\WS2_32.dll
0x75270000 - 0x75276000 	C:\Windows\syswow64\NSI.dll
0x74890000 - 0x748c2000 	C:\Windows\system32\WINMM.dll
0x76be0000 - 0x76be5000 	C:\Windows\syswow64\PSAPI.DLL
0x73710000 - 0x7371c000 	C:\Program Files (x86)\Java\jre7\bin\verify.dll
0x736f0000 - 0x73710000 	C:\Program Files (x86)\Java\jre7\bin\java.dll
0x73680000 - 0x73693000 	C:\Program Files (x86)\Java\jre7\bin\zip.dll
0x61520000 - 0x61737000 	C:\Users\Seth\Desktop\Dev\Starcraft\bwmirror_ExampleBot\SCAIProject\bwapi_bridge1_2.dll
0x10000000 - 0x1002b000 	C:\Users\Seth\Desktop\Dev\Starcraft\bwmirror_ExampleBot\SCAIProject\gmp-vc90-mt.dll
0x729d0000 - 0x72a73000 	C:\Windows\WinSxS\x86_microsoft.vc90.crt_1fc8b3b9a1e18e3b_9.0.30729.6161_none_50934f2ebcb7eb57\MSVCR90.dll
0x6dce0000 - 0x6dd6e000 	C:\Windows\WinSxS\x86_microsoft.vc90.crt_1fc8b3b9a1e18e3b_9.0.30729.6161_none_50934f2ebcb7eb57\MSVCP90.dll
0x04390000 - 0x043d1000 	C:\Users\Seth\Desktop\Dev\Starcraft\bwmirror_ExampleBot\SCAIProject\mpfr-vc90-mt.dll
0x72f50000 - 0x7303b000 	C:\Windows\system32\dbghelp.dll

VM Arguments:
jvm_args: -Dfile.encoding=Cp1252 
java_command: GameController
Launcher Type: SUN_STANDARD

Environment Variables:
PATH=C:/Program Files (x86)/Java/jre7/bin/client;C:/Program Files (x86)/Java/jre7/bin;C:/Program Files (x86)/Java/jre7/lib/i386;C:\Python34\;C:\Python34\Scripts;C:\Program Files (x86)\Haskell\bin;C:\Program Files (x86)\Haskell Platform\2013.2.0.0\lib\extralibs\bin;C:\Program Files (x86)\Haskell Platform\2013.2.0.0\bin;C:\Program Files\Common Files\Microsoft Shared\Windows Live;C:\Program Files (x86)\Common Files\Microsoft Shared\Windows Live;C:\Windows\system32;C:\Windows;C:\Windows\System32\Wbem;C:\Windows\System32\WindowsPowerShell\v1.0\;C:\Program Files\Intel\WiFi\bin\;C:\Program Files\Common Files\Intel\WirelessCommon\;C:\Program Files (x86)\Windows Live\Shared;C:\Program Files (x86)\Quest Software\vWorkspace Client\;C:\Program Files\Microsoft SQL Server\110\Tools\Binn\;C:\Program Files (x86)\MiKTeX 2.9\miktex\bin\;C:\Program Files (x86)\Haskell Platform\2013.2.0.0\mingw\bin;C:\Program Files (x86)\Windows Kits\8.1\Windows Performance Toolkit\;C:\Program Files\TortoiseSVN\bin;C:\Users\Seth\AppData\Local\GitHub\PortableGit_ed44d00daa128db527396557813e7b68709ed0e2\bin\; C:\Users\Seth\Documents\Program\Python;C:\Program Files (x86)\Microsoft SQL Server\100\Tools\Binn\;C:\Program Files (x86)\Microsoft SQL Server\100\DTS\Binn\;C:\Program Files\nodejs\;C:\Program Files (x86)\Heroku\bin;C:\Program Files (x86)\git\cmd;C:\Users\Seth\AppData\Roaming\cabal\bin;C:\Program Files\Java\jdk1.7.0_04\bin;C:\Users\Seth\Desktop\Program\Python;C:\Users\Seth\AppData\Roaming\npm;C:\Users\Seth\Desktop\Dev\eclipse-java-luna-SR2-win32\eclipse;
USERNAME=Seth
OS=Windows_NT
PROCESSOR_IDENTIFIER=Intel64 Family 6 Model 37 Stepping 5, GenuineIntel



---------------  S Y S T E M  ---------------

OS: Windows 7 , 64 bit Build 7601 Service Pack 1

CPU:total 4 (2 cores per cpu, 2 threads per core) family 6 model 37 stepping 5, cmov, cx8, fxsr, mmx, sse, sse2, sse3, ssse3, sse4.1, sse4.2, popcnt, ht, tsc, tscinvbit

Memory: 4k page, physical 3985984k(2005880k free), swap 7970116k(4298604k free)

vm_info: Java HotSpot(TM) Client VM (24.51-b03) for windows-x86 JRE (1.7.0_51-b13), built on Dec 18 2013 19:09:58 by "java_re" with unknown MS VC++:1600

time: Wed Apr 22 16:59:57 2015
elapsed time: 25 seconds

