#
# A fatal error has been detected by the Java Runtime Environment:
#
#  EXCEPTION_ACCESS_VIOLATION (0xc0000005) at pc=0x5f30edd5, pid=3744, tid=6384
#
# JRE version: Java(TM) SE Runtime Environment (7.0_51-b13) (build 1.7.0_51-b13)
# Java VM: Java HotSpot(TM) Client VM (24.51-b03 mixed mode, sharing windows-x86 )
# Problematic frame:
# C  [bwapi_bridge1_2.dll+0x11edd5]
#
# Failed to write core dump. Minidumps are not enabled by default on client versions of Windows
#
# If you would like to submit a bug report, please visit:
#   http://bugreport.sun.com/bugreport/crash.jsp
# The crash happened outside the Java Virtual Machine in native code.
# See problematic frame for where to report the bug.
#

---------------  T H R E A D  ---------------

Current thread (0x008fc800):  JavaThread "main" [_thread_in_native, id=6384, stack(0x001f0000,0x00240000)]

siginfo: ExceptionCode=0xc0000005, reading address 0x00003e99

Registers:
EAX=0x00000001, EBX=0x344f6f30, ECX=0x00000fa6, EDX=0x00000fa4
ESP=0x0023d470, EBP=0x0023d8a0, ESI=0x000000bc, EDI=0x008fc800
EIP=0x5f30edd5, EFLAGS=0x00010216

Top of Stack: (sp=0x0023d470)
0x0023d470:   62ca9fc7 344f6f30 063a21a0 063a0020
0x0023d480:   063a15a0 063a15a0 063a22a0 063a22a0
0x0023d490:   063a22a0 00000000 00000000 063a0020
0x0023d4a0:   063a0020 063a0020 00000000 00000000
0x0023d4b0:   00000000 00000000 00000000 00000000
0x0023d4c0:   00000000 00000000 00000020 00000000
0x0023d4d0:   00000000 00000000 00000000 00000000
0x0023d4e0:   00000000 00000000 00000000 00000000 

Instructions: (pc=0x5f30edd5)
0x5f30edb5:   f3 f3 ff 8b 08 89 8d 54 ff ff ff 8b 95 50 ff ff
0x5f30edc5:   ff 52 8d 4d 84 e8 01 64 02 00 8b 8d 54 ff ff ff
0x5f30edd5:   8b 14 88 89 95 48 ff ff ff 8b 45 9c 89 85 4c ff
0x5f30ede5:   ff ff 8b 4d ec 2b 4d e8 c1 f9 02 39 8d 6c ff ff 


Register to memory mapping:

EAX=0x00000001 is an unknown value
EBX=0x344f6f30 is an oop
{method} 
 - klass: {other class}
ECX=0x00000fa6 is an unknown value
EDX=0x00000fa4 is an unknown value
ESP=0x0023d470 is pointing into the stack for thread: 0x008fc800
EBP=0x0023d8a0 is pointing into the stack for thread: 0x008fc800
ESI=0x000000bc is an unknown value
EDI=0x008fc800 is a thread


Stack: [0x001f0000,0x00240000],  sp=0x0023d470,  free space=309k
Native frames: (J=compiled Java code, j=interpreted, Vv=VM code, C=native code)
C  [bwapi_bridge1_2.dll+0x11edd5]
C  [bwapi_bridge1_2.dll+0x6dc29]
C  [bwapi_bridge1_2.dll+0x6d806]
C  [bwapi_bridge1_2.dll+0x13685]
j  GameController.onStart()V+75
j  bwapi.AIModule.onStart()V+11
v  ~StubRoutines::call_stub
V  [jvm.dll+0x13f35a]
V  [jvm.dll+0x202c6e]
V  [jvm.dll+0x13f3dd]
V  [jvm.dll+0xc9bc2]
V  [jvm.dll+0xcd813]
C  [bwapi_bridge1_2.dll+0x107a]
C  [bwapi_bridge1_2.dll+0x2822e]
j  bwapi.Mirror.startGame()V+0
j  GameController.run()V+15
j  GameController.main([Ljava/lang/String;)V+7
v  ~StubRoutines::call_stub
V  [jvm.dll+0x13f35a]
V  [jvm.dll+0x202c6e]
V  [jvm.dll+0x13f3dd]
V  [jvm.dll+0xc9945]
V  [jvm.dll+0xd45e7]
C  [javaw.exe+0x2070]
C  [javaw.exe+0xa5b1]
C  [javaw.exe+0xa63b]
C  [kernel32.dll+0x1336a]
C  [ntdll.dll+0x392b2]
C  [ntdll.dll+0x39285]

Java frames: (J=compiled Java code, j=interpreted, Vv=VM code)
j  bwta.BWTA.analyze()V+0
j  GameController.onStart()V+75
j  bwapi.AIModule.onStart()V+11
v  ~StubRoutines::call_stub
j  bwapi.Mirror.startGame()V+0
j  GameController.run()V+15
j  GameController.main([Ljava/lang/String;)V+7
v  ~StubRoutines::call_stub

---------------  P R O C E S S  ---------------

Java Threads: ( => current thread )
  0x01fc7000 JavaThread "Service Thread" daemon [_thread_blocked, id=5176, stack(0x04540000,0x04590000)]
  0x01fc3400 JavaThread "C1 CompilerThread0" daemon [_thread_blocked, id=2072, stack(0x045a0000,0x045f0000)]
  0x01fc2000 JavaThread "Attach Listener" daemon [_thread_blocked, id=5980, stack(0x044f0000,0x04540000)]
  0x01fbf000 JavaThread "Signal Dispatcher" daemon [_thread_blocked, id=5052, stack(0x042e0000,0x04330000)]
  0x01f4fc00 JavaThread "Finalizer" daemon [_thread_blocked, id=5488, stack(0x04360000,0x043b0000)]
  0x01f4e400 JavaThread "Reference Handler" daemon [_thread_blocked, id=6852, stack(0x040c0000,0x04110000)]
=>0x008fc800 JavaThread "main" [_thread_in_native, id=6384, stack(0x001f0000,0x00240000)]

Other Threads:
  0x01f4c800 VMThread [stack: 0x041c0000,0x04210000] [id=5996]
  0x01fd8800 WatcherThread [stack: 0x043e0000,0x04430000] [id=4740]

VM state:not at safepoint (normal execution)

VM Mutex/Monitor currently owned by a thread: None

Heap
 def new generation   total 4928K, used 548K [0x24490000, 0x249e0000, 0x299e0000)
  eden space 4416K,  12% used [0x24490000, 0x24518af8, 0x248e0000)
  from space 512K,   0% used [0x24960000, 0x24960558, 0x249e0000)
  to   space 512K,   0% used [0x248e0000, 0x248e0000, 0x24960000)
 tenured generation   total 10944K, used 242K [0x299e0000, 0x2a490000, 0x34490000)
   the space 10944K,   2% used [0x299e0000, 0x29a1cac0, 0x29a1cc00, 0x2a490000)
 compacting perm gen  total 12288K, used 419K [0x34490000, 0x35090000, 0x38490000)
   the space 12288K,   3% used [0x34490000, 0x344f8dc0, 0x344f8e00, 0x35090000)
    ro space 10240K,  41% used [0x38490000, 0x388c2050, 0x388c2200, 0x38e90000)
    rw space 12288K,  52% used [0x38e90000, 0x394d6800, 0x394d6800, 0x39a90000)

Card table byte_map: [0x01df0000,0x01ea0000] byte_map_base: 0x01ccdb80

Polling page: 0x000f0000

Code Cache  [0x02010000, 0x020c8000, 0x04010000)
 total_blobs=245 nmethods=108 adapters=74 free_code_cache=32054Kb largest_free_block=32823872

Compilation events (10 events):
Event: 48.420 Thread 0x01fc3400  101             bwapi.AIModule::onFrame (17 bytes)
Event: 48.420 Thread 0x01fc3400 nmethod 101 0x020c1b48 code [0x020c1c50, 0x020c1cec]
Event: 48.420 Thread 0x01fc3400  105             java.util.HashMap$KeySet::iterator (8 bytes)
Event: 48.420 Thread 0x01fc3400 nmethod 105 0x020c1d48 code [0x020c1e50, 0x020c1eec]
Event: 48.420 Thread 0x01fc3400  106             java.util.HashMap$KeyIterator::<init> (6 bytes)
Event: 48.420 Thread 0x01fc3400 nmethod 106 0x020c1f48 code [0x020c2040, 0x020c20dc]
Event: 48.420 Thread 0x01fc3400  107             java.util.HashMap$KeyIterator::<init> (11 bytes)
Event: 48.420 Thread 0x01fc3400 nmethod 107 0x020c2148 code [0x020c2240, 0x020c22dc]
Event: 48.533 Thread 0x01fc3400  108             java.util.HashMap::newKeyIterator (10 bytes)
Event: 48.533 Thread 0x01fc3400 nmethod 108 0x020c2348 code [0x020c2450, 0x020c253c]

GC Heap History (6 events):
Event: 45.113 GC heap before
{Heap before GC invocations=0 (full 0):
 def new generation   total 4928K, used 4416K [0x24490000, 0x249e0000, 0x299e0000)
  eden space 4416K, 100% used [0x24490000, 0x248e0000, 0x248e0000)
  from space 512K,   0% used [0x248e0000, 0x248e0000, 0x24960000)
  to   space 512K,   0% used [0x24960000, 0x24960000, 0x249e0000)
 tenured generation   total 10944K, used 0K [0x299e0000, 0x2a490000, 0x34490000)
   the space 10944K,   0% used [0x299e0000, 0x299e0000, 0x299e0200, 0x2a490000)
 compacting perm gen  total 12288K, used 419K [0x34490000, 0x35090000, 0x38490000)
   the space 12288K,   3% used [0x34490000, 0x344f8d80, 0x344f8e00, 0x35090000)
    ro space 10240K,  41% used [0x38490000, 0x388c2050, 0x388c2200, 0x38e90000)
    rw space 12288K,  52% used [0x38e90000, 0x394d6800, 0x394d6800, 0x39a90000)
Event: 45.115 GC heap after
Heap after GC invocations=1 (full 0):
 def new generation   total 4928K, used 379K [0x24490000, 0x249e0000, 0x299e0000)
  eden space 4416K,   0% used [0x24490000, 0x24490000, 0x248e0000)
  from space 512K,  74% used [0x24960000, 0x249bef68, 0x249e0000)
  to   space 512K,   0% used [0x248e0000, 0x248e0000, 0x24960000)
 tenured generation   total 10944K, used 0K [0x299e0000, 0x2a490000, 0x34490000)
   the space 10944K,   0% used [0x299e0000, 0x299e0000, 0x299e0200, 0x2a490000)
 compacting perm gen  total 12288K, used 419K [0x34490000, 0x35090000, 0x38490000)
   the space 12288K,   3% used [0x34490000, 0x344f8d80, 0x344f8e00, 0x35090000)
    ro space 10240K,  41% used [0x38490000, 0x388c2050, 0x388c2200, 0x38e90000)
    rw space 12288K,  52% used [0x38e90000, 0x394d6800, 0x394d6800, 0x39a90000)
}
Event: 49.937 GC heap before
{Heap before GC invocations=1 (full 0):
 def new generation   total 4928K, used 4795K [0x24490000, 0x249e0000, 0x299e0000)
  eden space 4416K, 100% used [0x24490000, 0x248e0000, 0x248e0000)
  from space 512K,  74% used [0x24960000, 0x249bef68, 0x249e0000)
  to   space 512K,   0% used [0x248e0000, 0x248e0000, 0x24960000)
 tenured generation   total 10944K, used 0K [0x299e0000, 0x2a490000, 0x34490000)
   the space 10944K,   0% used [0x299e0000, 0x299e0000, 0x299e0200, 0x2a490000)
 compacting perm gen  total 12288K, used 419K [0x34490000, 0x35090000, 0x38490000)
   the space 12288K,   3% used [0x34490000, 0x344f8dc0, 0x344f8e00, 0x35090000)
    ro space 10240K,  41% used [0x38490000, 0x388c2050, 0x388c2200, 0x38e90000)
    rw space 12288K,  52% used [0x38e90000, 0x394d6800, 0x394d6800, 0x39a90000)
Event: 49.938 GC heap after
Heap after GC invocations=2 (full 0):
 def new generation   total 4928K, used 1K [0x24490000, 0x249e0000, 0x299e0000)
  eden space 4416K,   0% used [0x24490000, 0x24490000, 0x248e0000)
  from space 512K,   0% used [0x248e0000, 0x248e0730, 0x24960000)
  to   space 512K,   0% used [0x24960000, 0x24960000, 0x249e0000)
 tenured generation   total 10944K, used 242K [0x299e0000, 0x2a490000, 0x34490000)
   the space 10944K,   2% used [0x299e0000, 0x29a1cac0, 0x29a1cc00, 0x2a490000)
 compacting perm gen  total 12288K, used 419K [0x34490000, 0x35090000, 0x38490000)
   the space 12288K,   3% used [0x34490000, 0x344f8dc0, 0x344f8e00, 0x35090000)
    ro space 10240K,  41% used [0x38490000, 0x388c2050, 0x388c2200, 0x38e90000)
    rw space 12288K,  52% used [0x38e90000, 0x394d6800, 0x394d6800, 0x39a90000)
}
Event: 54.964 GC heap before
{Heap before GC invocations=2 (full 0):
 def new generation   total 4928K, used 4417K [0x24490000, 0x249e0000, 0x299e0000)
  eden space 4416K, 100% used [0x24490000, 0x248e0000, 0x248e0000)
  from space 512K,   0% used [0x248e0000, 0x248e0730, 0x24960000)
  to   space 512K,   0% used [0x24960000, 0x24960000, 0x249e0000)
 tenured generation   total 10944K, used 242K [0x299e0000, 0x2a490000, 0x34490000)
   the space 10944K,   2% used [0x299e0000, 0x29a1cac0, 0x29a1cc00, 0x2a490000)
 compacting perm gen  total 12288K, used 419K [0x34490000, 0x35090000, 0x38490000)
   the space 12288K,   3% used [0x34490000, 0x344f8dc0, 0x344f8e00, 0x35090000)
    ro space 10240K,  41% used [0x38490000, 0x388c2050, 0x388c2200, 0x38e90000)
    rw space 12288K,  52% used [0x38e90000, 0x394d6800, 0x394d6800, 0x39a90000)
Event: 54.965 GC heap after
Heap after GC invocations=3 (full 0):
 def new generation   total 4928K, used 1K [0x24490000, 0x249e0000, 0x299e0000)
  eden space 4416K,   0% used [0x24490000, 0x24490000, 0x248e0000)
  from space 512K,   0% used [0x24960000, 0x24960558, 0x249e0000)
  to   space 512K,   0% used [0x248e0000, 0x248e0000, 0x24960000)
 tenured generation   total 10944K, used 242K [0x299e0000, 0x2a490000, 0x34490000)
   the space 10944K,   2% used [0x299e0000, 0x29a1cac0, 0x29a1cc00, 0x2a490000)
 compacting perm gen  total 12288K, used 419K [0x34490000, 0x35090000, 0x38490000)
   the space 12288K,   3% used [0x34490000, 0x344f8dc0, 0x344f8e00, 0x35090000)
    ro space 10240K,  41% used [0x38490000, 0x388c2050, 0x388c2200, 0x38e90000)
    rw space 12288K,  52% used [0x38e90000, 0x394d6800, 0x394d6800, 0x39a90000)
}

Deoptimization events (0 events):
No events

Internal exceptions (10 events):
Event: 0.087 Thread 0x008fc800 Threw 0x2453ba90 at C:\re\jdk7u51\527\hotspot\src\share\vm\prims\jvm.cpp:1244
Event: 0.087 Thread 0x008fc800 Threw 0x2453fc58 at C:\re\jdk7u51\527\hotspot\src\share\vm\prims\jvm.cpp:1244
Event: 0.089 Thread 0x008fc800 Threw 0x24547508 at C:\re\jdk7u51\527\hotspot\src\share\vm\prims\jvm.cpp:1244
Event: 0.090 Thread 0x008fc800 Threw 0x2454d658 at C:\re\jdk7u51\527\hotspot\src\share\vm\prims\jvm.cpp:1244
Event: 0.129 Thread 0x008fc800 Threw 0x24555d80 at C:\re\jdk7u51\527\hotspot\src\share\vm\prims\jvm.cpp:1244
Event: 0.132 Thread 0x008fc800 Threw 0x24563848 at C:\re\jdk7u51\527\hotspot\src\share\vm\prims\jvm.cpp:1244
Event: 7.509 Thread 0x008fc800 Threw 0x2456f318 at C:\re\jdk7u51\527\hotspot\src\share\vm\prims\jvm.cpp:1244
Event: 7.509 Thread 0x008fc800 Threw 0x24572c20 at C:\re\jdk7u51\527\hotspot\src\share\vm\prims\jvm.cpp:1244
Event: 7.511 Thread 0x008fc800 Threw 0x24579318 at C:\re\jdk7u51\527\hotspot\src\share\vm\prims\jvm.cpp:1244
Event: 40.921 Thread 0x008fc800 Threw 0x245a2fd8 at C:\re\jdk7u51\527\hotspot\src\share\vm\prims\jvm.cpp:1244

Events (10 events):
Event: 45.115 Executing VM operation: RevokeBias
Event: 45.115 Executing VM operation: RevokeBias done
Event: 45.115 Executing VM operation: RevokeBias
Event: 45.115 Executing VM operation: RevokeBias done
Event: 45.116 Executing VM operation: RevokeBias
Event: 45.116 Executing VM operation: RevokeBias done
Event: 49.937 Executing VM operation: GenCollectForAllocation
Event: 49.938 Executing VM operation: GenCollectForAllocation done
Event: 54.964 Executing VM operation: GenCollectForAllocation
Event: 54.965 Executing VM operation: GenCollectForAllocation done


Dynamic libraries:
0x002c0000 - 0x002ef000 	C:\Program Files (x86)\Java\jre7\bin\javaw.exe
0x76f10000 - 0x77090000 	C:\Windows\SysWOW64\ntdll.dll
0x75610000 - 0x75720000 	C:\Windows\syswow64\kernel32.dll
0x74a30000 - 0x74a77000 	C:\Windows\syswow64\KERNELBASE.dll
0x75340000 - 0x753e0000 	C:\Windows\syswow64\ADVAPI32.dll
0x753e0000 - 0x7548c000 	C:\Windows\syswow64\msvcrt.dll
0x75320000 - 0x75339000 	C:\Windows\SysWOW64\sechost.dll
0x74aa0000 - 0x74b90000 	C:\Windows\syswow64\RPCRT4.dll
0x748a0000 - 0x74900000 	C:\Windows\syswow64\SspiCli.dll
0x74890000 - 0x7489c000 	C:\Windows\syswow64\CRYPTBASE.dll
0x75720000 - 0x75820000 	C:\Windows\syswow64\USER32.dll
0x75510000 - 0x755a0000 	C:\Windows\syswow64\GDI32.dll
0x74a80000 - 0x74a8a000 	C:\Windows\syswow64\LPK.dll
0x76500000 - 0x7659d000 	C:\Windows\syswow64\USP10.dll
0x74340000 - 0x744de000 	C:\Windows\WinSxS\x86_microsoft.windows.common-controls_6595b64144ccf1df_6.0.7601.17514_none_41e6975e2bd6f2b2\COMCTL32.dll
0x752c0000 - 0x75317000 	C:\Windows\syswow64\SHLWAPI.dll
0x74dd0000 - 0x74e30000 	C:\Windows\system32\IMM32.DLL
0x74960000 - 0x74a2c000 	C:\Windows\syswow64\MSCTF.dll
0x5f410000 - 0x5f4cf000 	C:\Program Files (x86)\Java\jre7\bin\msvcr100.dll
0x5d0b0000 - 0x5d430000 	C:\Program Files (x86)\Java\jre7\bin\client\jvm.dll
0x6de10000 - 0x6de17000 	C:\Windows\system32\WSOCK32.dll
0x75280000 - 0x752b5000 	C:\Windows\syswow64\WS2_32.dll
0x74920000 - 0x74926000 	C:\Windows\syswow64\NSI.dll
0x742d0000 - 0x74302000 	C:\Windows\system32\WINMM.dll
0x74900000 - 0x74905000 	C:\Windows\syswow64\PSAPI.DLL
0x6a8f0000 - 0x6a8fc000 	C:\Program Files (x86)\Java\jre7\bin\verify.dll
0x64e70000 - 0x64e90000 	C:\Program Files (x86)\Java\jre7\bin\java.dll
0x630d0000 - 0x630e3000 	C:\Program Files (x86)\Java\jre7\bin\zip.dll
0x5f1f0000 - 0x5f407000 	C:\Users\Seth\Documents\GitHub\SCBWAI\bwapi_bridge1_2.dll
0x10000000 - 0x1002b000 	C:\Users\Seth\Documents\GitHub\SCBWAI\gmp-vc90-mt.dll
0x74700000 - 0x747a3000 	C:\Windows\WinSxS\x86_microsoft.vc90.crt_1fc8b3b9a1e18e3b_9.0.30729.6161_none_50934f2ebcb7eb57\MSVCR90.dll
0x6f2a0000 - 0x6f32e000 	C:\Windows\WinSxS\x86_microsoft.vc90.crt_1fc8b3b9a1e18e3b_9.0.30729.6161_none_50934f2ebcb7eb57\MSVCP90.dll
0x00890000 - 0x008d1000 	C:\Users\Seth\Documents\GitHub\SCBWAI\mpfr-vc90-mt.dll
0x72d10000 - 0x72dfb000 	C:\Windows\system32\dbghelp.dll

VM Arguments:
jvm_args: -Dfile.encoding=Cp1252 
java_command: GameController
Launcher Type: SUN_STANDARD

Environment Variables:
JAVA_HOME=C:\Development\Java\jdk7\jre
CLASSPATH=.;C:\Program Files (x86)\Java\jre7\lib\ext\QTJava.zip
PATH=C:/Program Files (x86)/Java/jre7/bin/client;C:/Program Files (x86)/Java/jre7/bin;C:/Program Files (x86)/Java/jre7/lib/i386;C:\Program Files (x86)\NVIDIA Corporation\PhysX\Common;C:\Program Files (x86)\Haskell\bin;C:\Program Files (x86)\Haskell Platform\2013.2.0.0\lib\extralibs\bin;C:\Program Files (x86)\Haskell Platform\2013.2.0.0\bin;C:\Program Files (x86)\Common Files\Microsoft Shared\Windows Live;C:\Windows\system32;C:\Windows;C:\Windows\System32\Wbem;C:\Windows\System32\WindowsPowerShell\v1.0\;C:\Program Files (x86)\ATI Technologies\ATI.ACE\Core-Static;C:\Program Files (x86)\Quest Software\vWorkspace Client\;C:\Program Files (x86)\Microsoft SQL Server\100\Tools\Binn\;C:\Program Files\Microsoft SQL Server\100\Tools\Binn\;C:\Program Files\Microsoft SQL Server\100\DTS\Binn\;C:\Program Files\Microsoft SQL Server\110\Tools\Binn\;C:\Program Files (x86)\QuickTime\QTSystem\;C:\Program Files (x86)\MiKTeX 2.9\miktex\bin\;C:\Program Files (x86)\Haskell Platform\2013.2.0.0\mingw\bin;C:\Program Files (x86)\Windows Kits\8.1\Windows Performance Toolkit\;C:\Program Files\TortoiseSVN\bin;C:\Program Files\Perforce;C:\Users\Seth\AppData\Local\GitHub\PortableGit_ed44d00daa128db527396557813e7b68709ed0e2\bin;C:\Users\Seth\AppData\Local\GitHub\PortableGit_ed44d00daa128db527396557813e7b68709ed0e2\cmd;C:\Program Files (x86)\AMD\ATI.ACE\Core-Static;C:\Program Files\nodejs\;C:\Program Files (x86)\Heroku\bin;C:\Program Files (x86)\git\cmd;C:\Program Files (x86)\Skype\Phone\;C:\Users\Seth\AppData\Local\Programs\Python\Launcher\;C:\Development\maven\bin;C:\Development\Java\jdk7\bin; C:\Python34;C:\Users\Seth\AppData\Roaming\npm;C:\Users\Seth\Desktop\dev\eclipse-java-luna-SR2-win32\eclipse;
USERNAME=Seth
OS=Windows_NT
PROCESSOR_IDENTIFIER=AMD64 Family 16 Model 4 Stepping 2, AuthenticAMD



---------------  S Y S T E M  ---------------

OS: Windows 7 , 64 bit Build 7601 Service Pack 1

CPU:total 4 (4 cores per cpu, 1 threads per core) family 16 model 4 stepping 2, cmov, cx8, fxsr, mmx, sse, sse2, sse3, popcnt, mmxext, 3dnowpref, lzcnt, sse4a, tsc, tscinvbit, tscinv

Memory: 4k page, physical 12581112k(7640068k free), swap 25160372k(19830060k free)

vm_info: Java HotSpot(TM) Client VM (24.51-b03) for windows-x86 JRE (1.7.0_51-b13), built on Dec 18 2013 19:09:58 by "java_re" with unknown MS VC++:1600

time: Wed Apr 22 23:50:04 2015
elapsed time: 69 seconds

