#
# A fatal error has been detected by the Java Runtime Environment:
#
#  EXCEPTION_ACCESS_VIOLATION (0xc0000005) at pc=0x5d173abb, pid=4784, tid=6940
#
# JRE version: Java(TM) SE Runtime Environment (7.0_51-b13) (build 1.7.0_51-b13)
# Java VM: Java HotSpot(TM) Client VM (24.51-b03 mixed mode, sharing windows-x86 )
# Problematic frame:
# V  [jvm.dll+0xc3abb]
#
# Failed to write core dump. Minidumps are not enabled by default on client versions of Windows
#
# If you would like to submit a bug report, please visit:
#   http://bugreport.sun.com/bugreport/crash.jsp
#

---------------  T H R E A D  ---------------

Current thread (0x0013c800):  JavaThread "main" [_thread_in_vm, id=6940, stack(0x00a10000,0x00a60000)]

siginfo: ExceptionCode=0xc0000005, reading address 0x00000000

Registers:
EAX=0x00000000, EBX=0x0013c800, ECX=0x00000000, EDX=0x0013c930
ESP=0x00a5f1dc, EBP=0x00a5f1f8, ESI=0x0013c930, EDI=0x0013c800
EIP=0x5d173abb, EFLAGS=0x00010246

Top of Stack: (sp=0x00a5f1dc)
0x00a5f1dc:   00000000 0013c930 0013c800 0013c800
0x00a5f1ec:   00000000 05c50020 0013c800 00a5f228
0x00a5f1fc:   5f2000ab 0013c930 00000000 0013c800
0x00a5f20c:   299e3990 0013c800 008c8670 00000074
0x00a5f21c:   0000000b 0013c800 064602a0 00a5f258
0x00a5f22c:   0288f40e 0013c930 00a5f248 06460120
0x00a5f23c:   0013c800 00000000 00a5f268 299ec188
0x00a5f24c:   00000000 00000027 00000032 00a5f2a8 

Instructions: (pc=0x5d173abb)
0x5d173a9b:   f3 ff 83 c4 08 83 7f 04 00 89 7d f0 c7 45 f4 00
0x5d173aab:   00 00 00 74 08 8d 4d f0 e8 98 84 0c 00 8b 45 0c
0x5d173abb:   8b 08 8b 51 04 8b 42 40 50 56 e8 36 c9 07 00 83
0x5d173acb:   c4 08 83 7d f4 00 89 45 08 74 08 8d 4d f0 e8 b2 


Register to memory mapping:

EAX=0x00000000 is an unknown value
EBX=0x0013c800 is a thread
ECX=0x00000000 is an unknown value
EDX=0x0013c930 is an unknown value
ESP=0x00a5f1dc is pointing into the stack for thread: 0x0013c800
EBP=0x00a5f1f8 is pointing into the stack for thread: 0x0013c800
ESI=0x0013c930 is an unknown value
EDI=0x0013c800 is a thread


Stack: [0x00a10000,0x00a60000],  sp=0x00a5f1dc,  free space=316k
Native frames: (J=compiled Java code, j=interpreted, Vv=VM code, C=native code)
V  [jvm.dll+0xc3abb]
C  [bwapi_bridge1_2.dll+0x100ab]
J  bwapi.Unit.build_native(JLbwapi/TilePosition;Lbwapi/UnitType;)Z
j  bwapi.Unit.build(Lbwapi/TilePosition;Lbwapi/UnitType;)Z+7
j  CannonRush.zealotRush(Lbwapi/Player;Lbwapi/Unit;)V+255
J  GameController.onFrame()V
V  [jvm.dll+0x13f35a]
V  [jvm.dll+0x202c6e]
V  [jvm.dll+0x13f3dd]
V  [jvm.dll+0xc9bc2]
V  [jvm.dll+0xcd813]
C  [bwapi_bridge1_2.dll+0x107a]
C  [bwapi_bridge1_2.dll+0x2828f]
j  bwapi.Mirror.startGame()V+0
j  GameController.run()V+15
j  GameController.main([Ljava/lang/String;)V+7
v  ~StubRoutines::call_stub
V  [jvm.dll+0x13f35a]
V  [jvm.dll+0x202c6e]
V  [jvm.dll+0x13f3dd]
V  [jvm.dll+0xc9945]
V  [jvm.dll+0xd45e7]
C  [javaw.exe+0x2070]
C  [javaw.exe+0xa5b1]
C  [javaw.exe+0xa63b]
C  [kernel32.dll+0x1336a]
C  [ntdll.dll+0x392b2]
C  [ntdll.dll+0x39285]

Java frames: (J=compiled Java code, j=interpreted, Vv=VM code)
J  bwapi.Unit.build_native(JLbwapi/TilePosition;Lbwapi/UnitType;)Z
j  bwapi.Unit.build(Lbwapi/TilePosition;Lbwapi/UnitType;)Z+7
j  CannonRush.zealotRush(Lbwapi/Player;Lbwapi/Unit;)V+255
J  GameController.onFrame()V
J  bwapi.AIModule.onFrame()V
v  ~StubRoutines::call_stub
j  bwapi.Mirror.startGame()V+0
j  GameController.run()V+15
j  GameController.main([Ljava/lang/String;)V+7
v  ~StubRoutines::call_stub

---------------  P R O C E S S  ---------------

Java Threads: ( => current thread )
  0x008ca000 JavaThread "Service Thread" daemon [_thread_blocked, id=6664, stack(0x011e0000,0x01230000)]
  0x008c6c00 JavaThread "C1 CompilerThread0" daemon [_thread_blocked, id=4940, stack(0x00fd0000,0x01020000)]
  0x008c6000 JavaThread "Attach Listener" daemon [_thread_blocked, id=5892, stack(0x00ed0000,0x00f20000)]
  0x008bb800 JavaThread "Signal Dispatcher" daemon [_thread_blocked, id=468, stack(0x01030000,0x01080000)]
  0x0084fc00 JavaThread "Finalizer" daemon [_thread_blocked, id=1452, stack(0x00d40000,0x00d90000)]
  0x0084e400 JavaThread "Reference Handler" daemon [_thread_blocked, id=2332, stack(0x00e70000,0x00ec0000)]
=>0x0013c800 JavaThread "main" [_thread_in_vm, id=6940, stack(0x00a10000,0x00a60000)]

Other Threads:
  0x0084c800 VMThread [stack: 0x00b60000,0x00bb0000] [id=6880]
  0x008d3000 WatcherThread [stack: 0x01160000,0x011b0000] [id=6416]

VM state:not at safepoint (normal execution)

VM Mutex/Monitor currently owned by a thread: None

Heap
 def new generation   total 4928K, used 3595K [0x24490000, 0x249e0000, 0x299e0000)
  eden space 4416K,  81% used [0x24490000, 0x24812a28, 0x248e0000)
  from space 512K,   0% used [0x248e0000, 0x248e0518, 0x24960000)
  to   space 512K,   0% used [0x24960000, 0x24960000, 0x249e0000)
 tenured generation   total 10944K, used 243K [0x299e0000, 0x2a490000, 0x34490000)
   the space 10944K,   2% used [0x299e0000, 0x29a1cee0, 0x29a1d000, 0x2a490000)
 compacting perm gen  total 12288K, used 419K [0x34490000, 0x35090000, 0x38490000)
   the space 12288K,   3% used [0x34490000, 0x344f8c28, 0x344f8e00, 0x35090000)
    ro space 10240K,  41% used [0x38490000, 0x388c2050, 0x388c2200, 0x38e90000)
    rw space 12288K,  52% used [0x38e90000, 0x394d6800, 0x394d6800, 0x39a90000)

Card table byte_map: [0x00a60000,0x00b10000] byte_map_base: 0x0093db80

Polling page: 0x001e0000

Code Cache  [0x027d0000, 0x02898000, 0x047d0000)
 total_blobs=315 nmethods=178 adapters=74 free_code_cache=31986Kb largest_free_block=32754240

Compilation events (10 events):
Event: 49.243 Thread 0x008c6c00  174             java.util.HashMap::addEntry (69 bytes)
Event: 49.244 Thread 0x008c6c00 nmethod 174 0x02892348 code [0x02892470, 0x028925b4]
Event: 49.466 Thread 0x008c6c00  175             java.util.HashMap::createEntry (39 bytes)
Event: 49.466 Thread 0x008c6c00 nmethod 175 0x02892748 code [0x02892850, 0x02892a10]
Event: 58.635 Thread 0x008c6c00  176             java.util.HashMap$KeyIterator::next (8 bytes)
Event: 58.636 Thread 0x008c6c00 nmethod 176 0x02892b88 code [0x02892c90, 0x02892d2c]
Event: 59.410 Thread 0x008c6c00  177             java.util.HashMap$Entry::recordRemoval (1 bytes)
Event: 59.410 Thread 0x008c6c00 nmethod 177 0x02892dc8 code [0x02892ec0, 0x02892f40]
Event: 62.556 Thread 0x008c6c00  178             java.util.HashMap::removeEntryForKey (159 bytes)
Event: 62.556 Thread 0x008c6c00 nmethod 178 0x02892f88 code [0x028930c0, 0x02893344]

GC Heap History (10 events):
Event: 58.050 GC heap before
{Heap before GC invocations=123 (full 0):
 def new generation   total 4928K, used 4416K [0x24490000, 0x249e0000, 0x299e0000)
  eden space 4416K, 100% used [0x24490000, 0x248e0000, 0x248e0000)
  from space 512K,   0% used [0x24960000, 0x24960310, 0x249e0000)
  to   space 512K,   0% used [0x248e0000, 0x248e0000, 0x24960000)
 tenured generation   total 10944K, used 243K [0x299e0000, 0x2a490000, 0x34490000)
   the space 10944K,   2% used [0x299e0000, 0x29a1cee0, 0x29a1d000, 0x2a490000)
 compacting perm gen  total 12288K, used 419K [0x34490000, 0x35090000, 0x38490000)
   the space 12288K,   3% used [0x34490000, 0x344f8c28, 0x344f8e00, 0x35090000)
    ro space 10240K,  41% used [0x38490000, 0x388c2050, 0x388c2200, 0x38e90000)
    rw space 12288K,  52% used [0x38e90000, 0x394d6800, 0x394d6800, 0x39a90000)
Event: 58.051 GC heap after
Heap after GC invocations=124 (full 0):
 def new generation   total 4928K, used 0K [0x24490000, 0x249e0000, 0x299e0000)
  eden space 4416K,   0% used [0x24490000, 0x24490000, 0x248e0000)
  from space 512K,   0% used [0x248e0000, 0x248e0368, 0x24960000)
  to   space 512K,   0% used [0x24960000, 0x24960000, 0x249e0000)
 tenured generation   total 10944K, used 243K [0x299e0000, 0x2a490000, 0x34490000)
   the space 10944K,   2% used [0x299e0000, 0x29a1cee0, 0x29a1d000, 0x2a490000)
 compacting perm gen  total 12288K, used 419K [0x34490000, 0x35090000, 0x38490000)
   the space 12288K,   3% used [0x34490000, 0x344f8c28, 0x344f8e00, 0x35090000)
    ro space 10240K,  41% used [0x38490000, 0x388c2050, 0x388c2200, 0x38e90000)
    rw space 12288K,  52% used [0x38e90000, 0x394d6800, 0x394d6800, 0x39a90000)
}
Event: 58.322 GC heap before
{Heap before GC invocations=124 (full 0):
 def new generation   total 4928K, used 4416K [0x24490000, 0x249e0000, 0x299e0000)
  eden space 4416K, 100% used [0x24490000, 0x248e0000, 0x248e0000)
  from space 512K,   0% used [0x248e0000, 0x248e0368, 0x24960000)
  to   space 512K,   0% used [0x24960000, 0x24960000, 0x249e0000)
 tenured generation   total 10944K, used 243K [0x299e0000, 0x2a490000, 0x34490000)
   the space 10944K,   2% used [0x299e0000, 0x29a1cee0, 0x29a1d000, 0x2a490000)
 compacting perm gen  total 12288K, used 419K [0x34490000, 0x35090000, 0x38490000)
   the space 12288K,   3% used [0x34490000, 0x344f8c28, 0x344f8e00, 0x35090000)
    ro space 10240K,  41% used [0x38490000, 0x388c2050, 0x388c2200, 0x38e90000)
    rw space 12288K,  52% used [0x38e90000, 0x394d6800, 0x394d6800, 0x39a90000)
Event: 58.322 GC heap after
Heap after GC invocations=125 (full 0):
 def new generation   total 4928K, used 0K [0x24490000, 0x249e0000, 0x299e0000)
  eden space 4416K,   0% used [0x24490000, 0x24490000, 0x248e0000)
  from space 512K,   0% used [0x24960000, 0x249602b8, 0x249e0000)
  to   space 512K,   0% used [0x248e0000, 0x248e0000, 0x24960000)
 tenured generation   total 10944K, used 243K [0x299e0000, 0x2a490000, 0x34490000)
   the space 10944K,   2% used [0x299e0000, 0x29a1cee0, 0x29a1d000, 0x2a490000)
 compacting perm gen  total 12288K, used 419K [0x34490000, 0x35090000, 0x38490000)
   the space 12288K,   3% used [0x34490000, 0x344f8c28, 0x344f8e00, 0x35090000)
    ro space 10240K,  41% used [0x38490000, 0x388c2050, 0x388c2200, 0x38e90000)
    rw space 12288K,  52% used [0x38e90000, 0x394d6800, 0x394d6800, 0x39a90000)
}
Event: 59.191 GC heap before
{Heap before GC invocations=125 (full 0):
 def new generation   total 4928K, used 4416K [0x24490000, 0x249e0000, 0x299e0000)
  eden space 4416K, 100% used [0x24490000, 0x248e0000, 0x248e0000)
  from space 512K,   0% used [0x24960000, 0x249602b8, 0x249e0000)
  to   space 512K,   0% used [0x248e0000, 0x248e0000, 0x24960000)
 tenured generation   total 10944K, used 243K [0x299e0000, 0x2a490000, 0x34490000)
   the space 10944K,   2% used [0x299e0000, 0x29a1cee0, 0x29a1d000, 0x2a490000)
 compacting perm gen  total 12288K, used 419K [0x34490000, 0x35090000, 0x38490000)
   the space 12288K,   3% used [0x34490000, 0x344f8c28, 0x344f8e00, 0x35090000)
    ro space 10240K,  41% used [0x38490000, 0x388c2050, 0x388c2200, 0x38e90000)
    rw space 12288K,  52% used [0x38e90000, 0x394d6800, 0x394d6800, 0x39a90000)
Event: 59.191 GC heap after
Heap after GC invocations=126 (full 0):
 def new generation   total 4928K, used 0K [0x24490000, 0x249e0000, 0x299e0000)
  eden space 4416K,   0% used [0x24490000, 0x24490000, 0x248e0000)
  from space 512K,   0% used [0x248e0000, 0x248e0288, 0x24960000)
  to   space 512K,   0% used [0x24960000, 0x24960000, 0x249e0000)
 tenured generation   total 10944K, used 243K [0x299e0000, 0x2a490000, 0x34490000)
   the space 10944K,   2% used [0x299e0000, 0x29a1cee0, 0x29a1d000, 0x2a490000)
 compacting perm gen  total 12288K, used 419K [0x34490000, 0x35090000, 0x38490000)
   the space 12288K,   3% used [0x34490000, 0x344f8c28, 0x344f8e00, 0x35090000)
    ro space 10240K,  41% used [0x38490000, 0x388c2050, 0x388c2200, 0x38e90000)
    rw space 12288K,  52% used [0x38e90000, 0x394d6800, 0x394d6800, 0x39a90000)
}
Event: 60.759 GC heap before
{Heap before GC invocations=126 (full 0):
 def new generation   total 4928K, used 4416K [0x24490000, 0x249e0000, 0x299e0000)
  eden space 4416K, 100% used [0x24490000, 0x248e0000, 0x248e0000)
  from space 512K,   0% used [0x248e0000, 0x248e0288, 0x24960000)
  to   space 512K,   0% used [0x24960000, 0x24960000, 0x249e0000)
 tenured generation   total 10944K, used 243K [0x299e0000, 0x2a490000, 0x34490000)
   the space 10944K,   2% used [0x299e0000, 0x29a1cee0, 0x29a1d000, 0x2a490000)
 compacting perm gen  total 12288K, used 419K [0x34490000, 0x35090000, 0x38490000)
   the space 12288K,   3% used [0x34490000, 0x344f8c28, 0x344f8e00, 0x35090000)
    ro space 10240K,  41% used [0x38490000, 0x388c2050, 0x388c2200, 0x38e90000)
    rw space 12288K,  52% used [0x38e90000, 0x394d6800, 0x394d6800, 0x39a90000)
Event: 60.759 GC heap after
Heap after GC invocations=127 (full 0):
 def new generation   total 4928K, used 1K [0x24490000, 0x249e0000, 0x299e0000)
  eden space 4416K,   0% used [0x24490000, 0x24490000, 0x248e0000)
  from space 512K,   0% used [0x24960000, 0x24960490, 0x249e0000)
  to   space 512K,   0% used [0x248e0000, 0x248e0000, 0x24960000)
 tenured generation   total 10944K, used 243K [0x299e0000, 0x2a490000, 0x34490000)
   the space 10944K,   2% used [0x299e0000, 0x29a1cee0, 0x29a1d000, 0x2a490000)
 compacting perm gen  total 12288K, used 419K [0x34490000, 0x35090000, 0x38490000)
   the space 12288K,   3% used [0x34490000, 0x344f8c28, 0x344f8e00, 0x35090000)
    ro space 10240K,  41% used [0x38490000, 0x388c2050, 0x388c2200, 0x38e90000)
    rw space 12288K,  52% used [0x38e90000, 0x394d6800, 0x394d6800, 0x39a90000)
}
Event: 63.519 GC heap before
{Heap before GC invocations=127 (full 0):
 def new generation   total 4928K, used 4417K [0x24490000, 0x249e0000, 0x299e0000)
  eden space 4416K, 100% used [0x24490000, 0x248e0000, 0x248e0000)
  from space 512K,   0% used [0x24960000, 0x24960490, 0x249e0000)
  to   space 512K,   0% used [0x248e0000, 0x248e0000, 0x24960000)
 tenured generation   total 10944K, used 243K [0x299e0000, 0x2a490000, 0x34490000)
   the space 10944K,   2% used [0x299e0000, 0x29a1cee0, 0x29a1d000, 0x2a490000)
 compacting perm gen  total 12288K, used 419K [0x34490000, 0x35090000, 0x38490000)
   the space 12288K,   3% used [0x34490000, 0x344f8c28, 0x344f8e00, 0x35090000)
    ro space 10240K,  41% used [0x38490000, 0x388c2050, 0x388c2200, 0x38e90000)
    rw space 12288K,  52% used [0x38e90000, 0x394d6800, 0x394d6800, 0x39a90000)
Event: 63.520 GC heap after
Heap after GC invocations=128 (full 0):
 def new generation   total 4928K, used 1K [0x24490000, 0x249e0000, 0x299e0000)
  eden space 4416K,   0% used [0x24490000, 0x24490000, 0x248e0000)
  from space 512K,   0% used [0x248e0000, 0x248e0518, 0x24960000)
  to   space 512K,   0% used [0x24960000, 0x24960000, 0x249e0000)
 tenured generation   total 10944K, used 243K [0x299e0000, 0x2a490000, 0x34490000)
   the space 10944K,   2% used [0x299e0000, 0x29a1cee0, 0x29a1d000, 0x2a490000)
 compacting perm gen  total 12288K, used 419K [0x34490000, 0x35090000, 0x38490000)
   the space 12288K,   3% used [0x34490000, 0x344f8c28, 0x344f8e00, 0x35090000)
    ro space 10240K,  41% used [0x38490000, 0x388c2050, 0x388c2200, 0x38e90000)
    rw space 12288K,  52% used [0x38e90000, 0x394d6800, 0x394d6800, 0x39a90000)
}

Deoptimization events (0 events):
No events

Internal exceptions (10 events):
Event: 0.068 Thread 0x0013c800 Threw 0x2453ba90 at C:\re\jdk7u51\527\hotspot\src\share\vm\prims\jvm.cpp:1244
Event: 0.068 Thread 0x0013c800 Threw 0x2453fc58 at C:\re\jdk7u51\527\hotspot\src\share\vm\prims\jvm.cpp:1244
Event: 0.070 Thread 0x0013c800 Threw 0x24547508 at C:\re\jdk7u51\527\hotspot\src\share\vm\prims\jvm.cpp:1244
Event: 0.071 Thread 0x0013c800 Threw 0x2454d658 at C:\re\jdk7u51\527\hotspot\src\share\vm\prims\jvm.cpp:1244
Event: 3.166 Thread 0x0013c800 Threw 0x24555d80 at C:\re\jdk7u51\527\hotspot\src\share\vm\prims\jvm.cpp:1244
Event: 3.169 Thread 0x0013c800 Threw 0x24563848 at C:\re\jdk7u51\527\hotspot\src\share\vm\prims\jvm.cpp:1244
Event: 11.933 Thread 0x0013c800 Threw 0x2456f318 at C:\re\jdk7u51\527\hotspot\src\share\vm\prims\jvm.cpp:1244
Event: 11.934 Thread 0x0013c800 Threw 0x24572c20 at C:\re\jdk7u51\527\hotspot\src\share\vm\prims\jvm.cpp:1244
Event: 11.936 Thread 0x0013c800 Threw 0x24579150 at C:\re\jdk7u51\527\hotspot\src\share\vm\prims\jvm.cpp:1244
Event: 12.512 Thread 0x0013c800 Threw 0x245a0448 at C:\re\jdk7u51\527\hotspot\src\share\vm\prims\jvm.cpp:1244

Events (10 events):
Event: 58.050 Executing VM operation: GenCollectForAllocation
Event: 58.051 Executing VM operation: GenCollectForAllocation done
Event: 58.322 Executing VM operation: GenCollectForAllocation
Event: 58.322 Executing VM operation: GenCollectForAllocation done
Event: 59.191 Executing VM operation: GenCollectForAllocation
Event: 59.191 Executing VM operation: GenCollectForAllocation done
Event: 60.759 Executing VM operation: GenCollectForAllocation
Event: 60.759 Executing VM operation: GenCollectForAllocation done
Event: 63.519 Executing VM operation: GenCollectForAllocation
Event: 63.520 Executing VM operation: GenCollectForAllocation done


Dynamic libraries:
0x013a0000 - 0x013cf000 	C:\Program Files (x86)\Java\jre7\bin\javaw.exe
0x76f10000 - 0x77090000 	C:\Windows\SysWOW64\ntdll.dll
0x75610000 - 0x75720000 	C:\Windows\syswow64\kernel32.dll
0x74a30000 - 0x74a77000 	C:\Windows\syswow64\KERNELBASE.dll
0x75340000 - 0x753e0000 	C:\Windows\syswow64\ADVAPI32.dll
0x753e0000 - 0x7548c000 	C:\Windows\syswow64\msvcrt.dll
0x75320000 - 0x75339000 	C:\Windows\SysWOW64\sechost.dll
0x74aa0000 - 0x74b90000 	C:\Windows\syswow64\RPCRT4.dll
0x748a0000 - 0x74900000 	C:\Windows\syswow64\SspiCli.dll
0x74890000 - 0x7489c000 	C:\Windows\syswow64\CRYPTBASE.dll
0x75720000 - 0x75820000 	C:\Windows\syswow64\USER32.dll
0x75510000 - 0x755a0000 	C:\Windows\syswow64\GDI32.dll
0x74a80000 - 0x74a8a000 	C:\Windows\syswow64\LPK.dll
0x76500000 - 0x7659d000 	C:\Windows\syswow64\USP10.dll
0x74340000 - 0x744de000 	C:\Windows\WinSxS\x86_microsoft.windows.common-controls_6595b64144ccf1df_6.0.7601.17514_none_41e6975e2bd6f2b2\COMCTL32.dll
0x752c0000 - 0x75317000 	C:\Windows\syswow64\SHLWAPI.dll
0x74dd0000 - 0x74e30000 	C:\Windows\system32\IMM32.DLL
0x74960000 - 0x74a2c000 	C:\Windows\syswow64\MSCTF.dll
0x5f410000 - 0x5f4cf000 	C:\Program Files (x86)\Java\jre7\bin\msvcr100.dll
0x5d0b0000 - 0x5d430000 	C:\Program Files (x86)\Java\jre7\bin\client\jvm.dll
0x6de10000 - 0x6de17000 	C:\Windows\system32\WSOCK32.dll
0x75280000 - 0x752b5000 	C:\Windows\syswow64\WS2_32.dll
0x74920000 - 0x74926000 	C:\Windows\syswow64\NSI.dll
0x742d0000 - 0x74302000 	C:\Windows\system32\WINMM.dll
0x74900000 - 0x74905000 	C:\Windows\syswow64\PSAPI.DLL
0x6a8f0000 - 0x6a8fc000 	C:\Program Files (x86)\Java\jre7\bin\verify.dll
0x64e70000 - 0x64e90000 	C:\Program Files (x86)\Java\jre7\bin\java.dll
0x630d0000 - 0x630e3000 	C:\Program Files (x86)\Java\jre7\bin\zip.dll
0x5f1f0000 - 0x5f407000 	C:\Users\Seth\Documents\GitHub\SCBWAI\bwapi_bridge1_2.dll
0x10000000 - 0x1002b000 	C:\Users\Seth\Documents\GitHub\SCBWAI\gmp-vc90-mt.dll
0x74700000 - 0x747a3000 	C:\Windows\WinSxS\x86_microsoft.vc90.crt_1fc8b3b9a1e18e3b_9.0.30729.6161_none_50934f2ebcb7eb57\MSVCR90.dll
0x6f2a0000 - 0x6f32e000 	C:\Windows\WinSxS\x86_microsoft.vc90.crt_1fc8b3b9a1e18e3b_9.0.30729.6161_none_50934f2ebcb7eb57\MSVCP90.dll
0x00c30000 - 0x00c71000 	C:\Users\Seth\Documents\GitHub\SCBWAI\mpfr-vc90-mt.dll
0x72d10000 - 0x72dfb000 	C:\Windows\system32\dbghelp.dll

VM Arguments:
jvm_args: -Dfile.encoding=Cp1252 
java_command: GameController
Launcher Type: SUN_STANDARD

Environment Variables:
JAVA_HOME=C:\Development\Java\jdk7\jre
CLASSPATH=.;C:\Program Files (x86)\Java\jre7\lib\ext\QTJava.zip
PATH=C:/Program Files (x86)/Java/jre7/bin/client;C:/Program Files (x86)/Java/jre7/bin;C:/Program Files (x86)/Java/jre7/lib/i386;C:\Program Files (x86)\NVIDIA Corporation\PhysX\Common;C:\Program Files (x86)\Haskell\bin;C:\Program Files (x86)\Haskell Platform\2013.2.0.0\lib\extralibs\bin;C:\Program Files (x86)\Haskell Platform\2013.2.0.0\bin;C:\Program Files (x86)\Common Files\Microsoft Shared\Windows Live;C:\Windows\system32;C:\Windows;C:\Windows\System32\Wbem;C:\Windows\System32\WindowsPowerShell\v1.0\;C:\Program Files (x86)\ATI Technologies\ATI.ACE\Core-Static;C:\Program Files (x86)\Quest Software\vWorkspace Client\;C:\Program Files (x86)\Microsoft SQL Server\100\Tools\Binn\;C:\Program Files\Microsoft SQL Server\100\Tools\Binn\;C:\Program Files\Microsoft SQL Server\100\DTS\Binn\;C:\Program Files\Microsoft SQL Server\110\Tools\Binn\;C:\Program Files (x86)\QuickTime\QTSystem\;C:\Program Files (x86)\MiKTeX 2.9\miktex\bin\;C:\Program Files (x86)\Haskell Platform\2013.2.0.0\mingw\bin;C:\Program Files (x86)\Windows Kits\8.1\Windows Performance Toolkit\;C:\Program Files\TortoiseSVN\bin;C:\Program Files\Perforce;C:\Users\Seth\AppData\Local\GitHub\PortableGit_ed44d00daa128db527396557813e7b68709ed0e2\bin;C:\Users\Seth\AppData\Local\GitHub\PortableGit_ed44d00daa128db527396557813e7b68709ed0e2\cmd;C:\Program Files (x86)\AMD\ATI.ACE\Core-Static;C:\Program Files\nodejs\;C:\Program Files (x86)\Heroku\bin;C:\Program Files (x86)\git\cmd;C:\Program Files (x86)\Skype\Phone\;C:\Users\Seth\AppData\Local\Programs\Python\Launcher\;C:\Development\maven\bin;C:\Development\Java\jdk7\bin; C:\Python34;C:\Users\Seth\AppData\Roaming\npm;C:\Users\Seth\Desktop\dev\eclipse-java-luna-SR2-win32\eclipse;
USERNAME=Seth
OS=Windows_NT
PROCESSOR_IDENTIFIER=AMD64 Family 16 Model 4 Stepping 2, AuthenticAMD



---------------  S Y S T E M  ---------------

OS: Windows 7 , 64 bit Build 7601 Service Pack 1

CPU:total 4 (4 cores per cpu, 1 threads per core) family 16 model 4 stepping 2, cmov, cx8, fxsr, mmx, sse, sse2, sse3, popcnt, mmxext, 3dnowpref, lzcnt, sse4a, tsc, tscinvbit, tscinv

Memory: 4k page, physical 12581112k(7563536k free), swap 25160372k(19631048k free)

vm_info: Java HotSpot(TM) Client VM (24.51-b03) for windows-x86 JRE (1.7.0_51-b13), built on Dec 18 2013 19:09:58 by "java_re" with unknown MS VC++:1600

time: Wed Apr 22 21:55:23 2015
elapsed time: 65 seconds

